                      :-) GROMACS - gmx mdrun, 2022.2 (-:

Copyright 1991-2022 The GROMACS Authors.
GROMACS is free software; you can redistribute it and/or modify it
under the terms of the GNU Lesser General Public License
as published by the Free Software Foundation; either version 2.1
of the License, or (at your option) any later version.

                         Current GROMACS contributors:
       Mark Abraham           Andrey Alekseenko           Cathrine Bergh      
      Christian Blau            Eliane Briand               Kevin Boyd        
     Oliver Fleetwood         Stefan Fleischmann           Vytas Gapsys       
       Gaurav Garg           Gilles Gouaillardet            Alan Gray         
      Victor Holanda           M. Eric Irrgang              Joe Jordan        
    Christoph Junghans        Prashanth Kanduri           Sebastian Kehl      
     Sebastian Keller          Carsten Kutzner           Magnus Lundborg      
       Pascal Merz              Dmitry Morozov             Szilard Pall       
      Roland Schulz             Michael Shirts         David van der Spoel    
     Alessandra Villa      Sebastian Wingbermuehle        Artem Zhmurov       

                         Previous GROMACS contributors:
        Emile Apol             Rossen Apostolov           James Barnett       
  Herman J.C. Berendsen          Par Bjelkmar           Viacheslav Bolnykh    
    Aldert van Buuren          Carlo Camilloni           Rudi van Drunen      
      Anton Feenstra           Gerrit Groenhof            Bert de Groot       
      Anca Hamuraru           Vincent Hindriksen         Aleksei Iupinov      
   Dimitrios Karkoulis           Peter Kasson               Jiri Kraus        
       Per Larsson             Justin A. Lemkul           Viveca Lindahl      
      Erik Marklund           Pieter Meulenhoff           Vedran Miletic      
      Teemu Murtola              Sander Pronk            Alexey Shvetsov      
      Alfons Sijbers            Peter Tieleman             Jon Vincent        
     Teemu Virolainen         Christian Wennberg           Maarten Wolf       

                  Coordinated by the GROMACS project leaders:
                    Paul Bauer, Berk Hess, and Erik Lindahl

GROMACS:      gmx mdrun, version 2022.2
Executable:   /home/gridsan/congwang/software/gromacs/bin/gmx_mpi
Data prefix:  /home/gridsan/congwang/software/gromacs
Working dir:  /home/gridsan/congwang/code/martini_sim/med125/martini/MARTINI_1by1/mole_only_5
Process ID:   43088
Command line:
  gmx_mpi mdrun -deffnm prod -dlb yes -maxh 191.9 -ntomp 5 -pin on -v

GROMACS version:    2022.2
Precision:          mixed
Memory model:       64 bit
MPI library:        MPI (CUDA-aware)
OpenMP support:     enabled (GMX_OPENMP_MAX_THREADS = 128)
GPU support:        CUDA
SIMD instructions:  AVX_512
CPU FFT library:    fftw-3.3.7-sse2-avx
GPU FFT library:    cuFFT
RDTSCP usage:       enabled
TNG support:        enabled
Hwloc support:      disabled
Tracing support:    disabled
C compiler:         /usr/bin/cc GNU 7.5.0
C compiler flags:   -mavx512f -mfma -mavx512vl -mavx512dq -mavx512bw -Wno-missing-field-initializers -fexcess-precision=fast -funroll-all-loops -pthread -O3 -DNDEBUG
C++ compiler:       /usr/bin/c++ GNU 7.5.0
C++ compiler flags: -mavx512f -mfma -mavx512vl -mavx512dq -mavx512bw -pthread -Wno-missing-field-initializers -fexcess-precision=fast -funroll-all-loops -pthread -fopenmp -O3 -DNDEBUG
CUDA compiler:      /usr/local/pkg/cuda/cuda-11.6/bin/nvcc nvcc: NVIDIA (R) Cuda compiler driver;Copyright (c) 2005-2021 NVIDIA Corporation;Built on Fri_Dec_17_18:16:03_PST_2021;Cuda compilation tools, release 11.6, V11.6.55;Build cuda_11.6.r11.6/compiler.30794723_0
CUDA compiler flags:-std=c++14;-gencode;arch=compute_35,code=sm_35;-gencode;arch=compute_37,code=sm_37;-gencode;arch=compute_50,code=sm_50;-gencode;arch=compute_52,code=sm_52;-gencode;arch=compute_60,code=sm_60;-gencode;arch=compute_61,code=sm_61;-gencode;arch=compute_70,code=sm_70;-gencode;arch=compute_75,code=sm_75;-gencode;arch=compute_80,code=sm_80;-gencode;arch=compute_86,code=sm_86;-Wno-deprecated-gpu-targets;-gencode;arch=compute_53,code=sm_53;-gencode;arch=compute_80,code=sm_80;-use_fast_math;-D_FORCE_INLINES;-mavx512f -mfma -mavx512vl -mavx512dq -mavx512bw -pthread -Wno-missing-field-initializers -fexcess-precision=fast -funroll-all-loops -pthread -fopenmp -O3 -DNDEBUG
CUDA driver:        11.60
CUDA runtime:       11.60


Running on 1 node with total 40 cores, 80 processing units, 2 compatible GPUs
Hardware detected on host d-13-7-2 (the node of MPI rank 0):
  CPU info:
    Vendor: Intel
    Brand:  Intel(R) Xeon(R) Gold 6248 CPU @ 2.50GHz
    Family: 6   Model: 85   Stepping: 7
    Features: aes apic avx avx2 avx512f avx512cd avx512bw avx512vl avx512secondFMA clfsh cmov cx8 cx16 f16c fma hle htt intel lahf mmx msr nonstop_tsc pcid pclmuldq pdcm pdpe1gb popcnt pse rdrnd rdtscp rtm sse2 sse3 sse4.1 sse4.2 ssse3 tdt x2apic
    Number of AVX-512 FMA units: 2
  Hardware topology: Basic
    Packages, cores, and logical processors:
    [indices refer to OS logical processors]
      Package  0: [   0  40] [   1  41] [   2  42] [   3  43] [   4  44] [   5  45] [   6  46] [   7  47] [   8  48] [   9  49] [  10  50] [  11  51] [  12  52] [  13  53] [  14  54] [  15  55] [  16  56] [  17  57] [  18  58] [  19  59]
      Package  1: [  20  60] [  21  61] [  22  62] [  23  63] [  24  64] [  25  65] [  26  66] [  27  67] [  28  68] [  29  69] [  30  70] [  31  71] [  32  72] [  33  73] [  34  74] [  35  75] [  36  76] [  37  77] [  38  78] [  39  79]
    CPU limit set by OS: -1   Recommended max number of threads: 80
  GPU info:
    Number of GPUs detected: 2
    #0: NVIDIA Tesla V100-PCIE-32GB, compute cap.: 7.0, ECC:  no, stat: compatible
    #1: NVIDIA Tesla V100-PCIE-32GB, compute cap.: 7.0, ECC:  no, stat: compatible


++++ PLEASE READ AND CITE THE FOLLOWING REFERENCE ++++
M. J. Abraham, T. Murtola, R. Schulz, S. Páll, J. C. Smith, B. Hess, E.
Lindahl
GROMACS: High performance molecular simulations through multi-level
parallelism from laptops to supercomputers
SoftwareX 1 (2015) pp. 19-25
-------- -------- --- Thank You --- -------- --------


++++ PLEASE READ AND CITE THE FOLLOWING REFERENCE ++++
S. Páll, M. J. Abraham, C. Kutzner, B. Hess, E. Lindahl
Tackling Exascale Software Challenges in Molecular Dynamics Simulations with
GROMACS
In S. Markidis & E. Laure (Eds.), Solving Software Challenges for Exascale 8759 (2015) pp. 3-27
-------- -------- --- Thank You --- -------- --------


++++ PLEASE READ AND CITE THE FOLLOWING REFERENCE ++++
S. Pronk, S. Páll, R. Schulz, P. Larsson, P. Bjelkmar, R. Apostolov, M. R.
Shirts, J. C. Smith, P. M. Kasson, D. van der Spoel, B. Hess, and E. Lindahl
GROMACS 4.5: a high-throughput and highly parallel open source molecular
simulation toolkit
Bioinformatics 29 (2013) pp. 845-54
-------- -------- --- Thank You --- -------- --------


++++ PLEASE READ AND CITE THE FOLLOWING REFERENCE ++++
B. Hess and C. Kutzner and D. van der Spoel and E. Lindahl
GROMACS 4: Algorithms for highly efficient, load-balanced, and scalable
molecular simulation
J. Chem. Theory Comput. 4 (2008) pp. 435-447
-------- -------- --- Thank You --- -------- --------


++++ PLEASE READ AND CITE THE FOLLOWING REFERENCE ++++
D. van der Spoel, E. Lindahl, B. Hess, G. Groenhof, A. E. Mark and H. J. C.
Berendsen
GROMACS: Fast, Flexible and Free
J. Comp. Chem. 26 (2005) pp. 1701-1719
-------- -------- --- Thank You --- -------- --------


++++ PLEASE READ AND CITE THE FOLLOWING REFERENCE ++++
E. Lindahl and B. Hess and D. van der Spoel
GROMACS 3.0: A package for molecular simulation and trajectory analysis
J. Mol. Mod. 7 (2001) pp. 306-317
-------- -------- --- Thank You --- -------- --------


++++ PLEASE READ AND CITE THE FOLLOWING REFERENCE ++++
H. J. C. Berendsen, D. van der Spoel and R. van Drunen
GROMACS: A message-passing parallel molecular dynamics implementation
Comp. Phys. Comm. 91 (1995) pp. 43-56
-------- -------- --- Thank You --- -------- --------


++++ PLEASE CITE THE DOI FOR THIS VERSION OF GROMACS ++++
https://doi.org/10.5281/zenodo.6637571
-------- -------- --- Thank You --- -------- --------

GPU-aware MPI detected, but by default GROMACS will not make use the direct GPU communication capabilities of MPI. For improved performance try enabling the feature by setting the GMX_ENABLE_DIRECT_GPU_COMM environment variable.
Input Parameters:
   integrator                     = md
   tinit                          = 0
   dt                             = 0.02
   nsteps                         = 2500000000
   init-step                      = 0
   simulation-part                = 1
   mts                            = false
   comm-mode                      = Linear
   nstcomm                        = 100
   bd-fric                        = 0
   ld-seed                        = -270615762
   emtol                          = 10
   emstep                         = 0.01
   niter                          = 20
   fcstep                         = 0
   nstcgsteep                     = 1000
   nbfgscorr                      = 10
   rtpi                           = 0.05
   nstxout                        = 0
   nstvout                        = 0
   nstfout                        = 0
   nstlog                         = 50000
   nstcalcenergy                  = 100
   nstenergy                      = 50000
   nstxout-compressed             = 50000
   compressed-x-precision         = 100
   cutoff-scheme                  = Verlet
   nstlist                        = 20
   pbc                            = xyz
   periodic-molecules             = false
   verlet-buffer-tolerance        = 0.005
   rlist                          = 1.221
   coulombtype                    = Reaction-Field
   coulomb-modifier               = Potential-shift
   rcoulomb-switch                = 0
   rcoulomb                       = 1.1
   epsilon-r                      = 15
   epsilon-rf                     = inf
   vdw-type                       = Cut-off
   vdw-modifier                   = Potential-shift
   rvdw-switch                    = 0
   rvdw                           = 1.1
   DispCorr                       = No
   table-extension                = 1
   fourierspacing                 = 0.12
   fourier-nx                     = 0
   fourier-ny                     = 0
   fourier-nz                     = 0
   pme-order                      = 4
   ewald-rtol                     = 1e-05
   ewald-rtol-lj                  = 0.001
   lj-pme-comb-rule               = Geometric
   ewald-geometry                 = 3d
   epsilon-surface                = 0
   tcoupl                         = V-rescale
   nsttcouple                     = 10
   nh-chain-length                = 0
   print-nose-hoover-chain-variables = false
   pcoupl                         = Parrinello-Rahman
   pcoupltype                     = Isotropic
   nstpcouple                     = 10
   tau-p                          = 10
   compressibility (3x3):
      compressibility[    0]={ 4.50000e-05,  0.00000e+00,  0.00000e+00}
      compressibility[    1]={ 0.00000e+00,  4.50000e-05,  0.00000e+00}
      compressibility[    2]={ 0.00000e+00,  0.00000e+00,  4.50000e-05}
   ref-p (3x3):
      ref-p[    0]={ 1.00000e+00,  0.00000e+00,  0.00000e+00}
      ref-p[    1]={ 0.00000e+00,  1.00000e+00,  0.00000e+00}
      ref-p[    2]={ 0.00000e+00,  0.00000e+00,  1.00000e+00}
   refcoord-scaling               = No
   posres-com (3):
      posres-com[0]= 0.00000e+00
      posres-com[1]= 0.00000e+00
      posres-com[2]= 0.00000e+00
   posres-comB (3):
      posres-comB[0]= 0.00000e+00
      posres-comB[1]= 0.00000e+00
      posres-comB[2]= 0.00000e+00
   QMMM                           = false
qm-opts:
   ngQM                           = 0
   constraint-algorithm           = Lincs
   continuation                   = false
   Shake-SOR                      = false
   shake-tol                      = 0.0001
   lincs-order                    = 8
   lincs-iter                     = 2
   lincs-warnangle                = 45
   nwall                          = 0
   wall-type                      = 9-3
   wall-r-linpot                  = -1
   wall-atomtype[0]               = -1
   wall-atomtype[1]               = -1
   wall-density[0]                = 0
   wall-density[1]                = 0
   wall-ewald-zfac                = 3
   pull                           = false
   awh                            = false
   rotation                       = false
   interactiveMD                  = false
   disre                          = No
   disre-weighting                = Conservative
   disre-mixed                    = false
   dr-fc                          = 1000
   dr-tau                         = 0
   nstdisreout                    = 100
   orire-fc                       = 0
   orire-tau                      = 0
   nstorireout                    = 100
   free-energy                    = no
   cos-acceleration               = 0
   deform (3x3):
      deform[    0]={ 0.00000e+00,  0.00000e+00,  0.00000e+00}
      deform[    1]={ 0.00000e+00,  0.00000e+00,  0.00000e+00}
      deform[    2]={ 0.00000e+00,  0.00000e+00,  0.00000e+00}
   simulated-tempering            = false
   swapcoords                     = no
   userint1                       = 0
   userint2                       = 0
   userint3                       = 0
   userint4                       = 0
   userreal1                      = 0
   userreal2                      = 0
   userreal3                      = 0
   userreal4                      = 0
   applied-forces:
     electric-field:
       x:
         E0                       = 0
         omega                    = 0
         t0                       = 0
         sigma                    = 0
       y:
         E0                       = 0
         omega                    = 0
         t0                       = 0
         sigma                    = 0
       z:
         E0                       = 0
         omega                    = 0
         t0                       = 0
         sigma                    = 0
     density-guided-simulation:
       active                     = false
       group                      = protein
       similarity-measure         = inner-product
       atom-spreading-weight      = unity
       force-constant             = 1e+09
       gaussian-transform-spreading-width = 0.2
       gaussian-transform-spreading-range-in-multiples-of-width = 4
       reference-density-filename = reference.mrc
       nst                        = 1
       normalize-densities        = true
       adaptive-force-scaling     = false
       adaptive-force-scaling-time-constant = 4
       shift-vector               = 
       transformation-matrix      = 
     qmmm-cp2k:
       active                     = false
       qmgroup                    = System
       qmmethod                   = PBE
       qmfilenames                = 
       qmcharge                   = 0
       qmmultiplicity             = 1
grpopts:
   nrdf:     5879.95      375624
   ref-t:      313.15      313.15
   tau-t:           1           1
annealing:          No          No
annealing-npoints:           0           0
   acc:	           0           0           0
   nfreeze:           N           N           N
   energygrp-flags[  0]: 0

Changing nstlist from 20 to 25, rlist from 1.221 to 1.271


When checking whether update groups are usable:
  Domain decomposition is not active, so there is no need for update groups
  At least one moleculetype does not conform to the requirements for using update groups
1 GPU selected for this run.
Mapping of GPU IDs to the 1 GPU task in the 1 rank on this node:
  PP:0
PP tasks will do (non-perturbed) short-ranged interactions on the GPU
PP task will update and constrain coordinates on the CPU
Using 1 MPI process
Using 5 OpenMP threads 


Overriding thread affinity set outside gmx mdrun

Pinning threads with an auto-selected logical cpu stride of 2
System total charge: 0.000
Reaction-Field:
epsRF = 0, rc = 1.1, krf = 0.375657, crf = 1.36364, epsfac = 9.26236
The electrostatics potential has its minimum at r = 1.1
Potential shift: LJ r^-12: -3.186e-01 r^-6: -5.645e-01


Using GPU 8x8 nonbonded short-range kernels

Using a dual 8x8 pair-list setup updated with dynamic, rolling pruning:
  outer list: updated every 25 steps, buffer 0.171 nm, rlist 1.271 nm
  inner list: updated every  4 steps, buffer 0.007 nm, rlist 1.107 nm
At tolerance 0.005 kJ/mol/ps per atom, equivalent classical 1x1 list would be:
  outer list: updated every 25 steps, buffer 0.279 nm, rlist 1.379 nm
  inner list: updated every  4 steps, buffer 0.028 nm, rlist 1.128 nm

Using full Lennard-Jones parameter combination matrix
Removing pbc first time

Initializing LINear Constraint Solver

++++ PLEASE READ AND CITE THE FOLLOWING REFERENCE ++++
B. Hess
P-LINCS: A Parallel Linear Constraint Solver for molecular simulation
J. Chem. Theory Comput. 4 (2008) pp. 116-122
-------- -------- --- Thank You --- -------- --------

The number of constraints is 462
199 constraints are involved in constraint triangles,
will apply an additional matrix expansion of order 8 for couplings
between constraints inside triangles

++++ PLEASE READ AND CITE THE FOLLOWING REFERENCE ++++
G. Bussi, D. Donadio and M. Parrinello
Canonical sampling through velocity rescaling
J. Chem. Phys. 126 (2007) pp. 014101
-------- -------- --- Thank You --- -------- --------

There are: 127323 Atoms
There are: 1 VSites

Constraining the starting coordinates (step 0)

Constraining the coordinates at t0-dt (step 0)
Center of mass motion removal mode is Linear
We have the following groups for center of mass motion removal:
  0:  rest
RMS relative constraint deviation after constraining: 2.15e-06
Initial temperature: 313.52 K

Started mdrun on rank 0 Wed Jul 20 22:46:04 2022

           Step           Time
              0        0.00000

   Energies (kJ/mol)
           Bond       G96AngleRestricted Angles    Proper Dih.  Improper Dih.
    4.41196e+03    1.26601e+03    7.31365e+02    9.75158e+01    2.91315e+01
        LJ (SR)   Coulomb (SR)      Potential    Kinetic En.   Total Energy
   -3.28042e+06   -2.60782e+04   -3.29996e+06    4.97286e+05   -2.80267e+06
  Conserved En.    Temperature Pressure (bar)   Constr. rmsd
   -2.80177e+06    3.13547e+02   -2.48291e+00    2.28619e-06

           Step           Time
          50000     1000.00000

   Energies (kJ/mol)
           Bond       G96AngleRestricted Angles    Proper Dih.  Improper Dih.
    4.58852e+03    1.26718e+03    7.31371e+02    1.06881e+02    1.19775e+01
        LJ (SR)   Coulomb (SR)      Potential    Kinetic En.   Total Energy
   -3.27840e+06   -2.56949e+04   -3.29739e+06    4.96607e+05   -2.80078e+06
  Conserved En.    Temperature Pressure (bar)   Constr. rmsd
   -3.15526e+06    3.13119e+02   -1.44930e+00    2.37271e-06

           Step           Time
         100000     2000.00000

   Energies (kJ/mol)
           Bond       G96AngleRestricted Angles    Proper Dih.  Improper Dih.
    4.36857e+03    1.20133e+03    7.57105e+02    9.68058e+01    1.85070e+01
        LJ (SR)   Coulomb (SR)      Potential    Kinetic En.   Total Energy
   -3.28213e+06   -2.56229e+04   -3.30131e+06    4.96133e+05   -2.80517e+06
  Conserved En.    Temperature Pressure (bar)   Constr. rmsd
   -3.50881e+06    3.12820e+02    1.11693e+01    2.48360e-06

           Step           Time
         150000     3000.00000

   Energies (kJ/mol)
           Bond       G96AngleRestricted Angles    Proper Dih.  Improper Dih.
    4.34676e+03    1.17272e+03    8.16464e+02    1.05177e+02    1.46281e+01
        LJ (SR)   Coulomb (SR)      Potential    Kinetic En.   Total Energy
   -3.27572e+06   -2.59161e+04   -3.29518e+06    4.96861e+05   -2.79832e+06
  Conserved En.    Temperature Pressure (bar)   Constr. rmsd
   -3.86261e+06    3.13279e+02   -6.13041e+00    2.36499e-06

           Step           Time
         200000     4000.00000

   Energies (kJ/mol)
           Bond       G96AngleRestricted Angles    Proper Dih.  Improper Dih.
    4.38720e+03    1.21403e+03    7.32830e+02    8.09394e+01    2.06553e+01
        LJ (SR)   Coulomb (SR)      Potential    Kinetic En.   Total Energy
   -3.28187e+06   -2.55675e+04   -3.30100e+06    4.96643e+05   -2.80435e+06
  Conserved En.    Temperature Pressure (bar)   Constr. rmsd
   -4.21642e+06    3.13142e+02    8.23998e-01    2.42731e-06

           Step           Time
         250000     5000.00000

   Energies (kJ/mol)
           Bond       G96AngleRestricted Angles    Proper Dih.  Improper Dih.
    4.53519e+03    1.13971e+03    7.78896e+02    1.35386e+02    1.02497e+01
        LJ (SR)   Coulomb (SR)      Potential    Kinetic En.   Total Energy
   -3.27935e+06   -2.56672e+04   -3.29842e+06    4.97100e+05   -2.80132e+06
  Conserved En.    Temperature Pressure (bar)   Constr. rmsd
   -4.56988e+06    3.13430e+02    1.21915e+00    2.24365e-06

           Step           Time
         300000     6000.00000

   Energies (kJ/mol)
           Bond       G96AngleRestricted Angles    Proper Dih.  Improper Dih.
    4.45430e+03    1.14634e+03    7.43704e+02    1.01202e+02    3.60355e+01
        LJ (SR)   Coulomb (SR)      Potential    Kinetic En.   Total Energy
   -3.27840e+06   -2.58678e+04   -3.29778e+06    4.96894e+05   -2.80089e+06
  Conserved En.    Temperature Pressure (bar)   Constr. rmsd
   -4.92348e+06    3.13300e+02    1.17477e+00    2.25633e-06

           Step           Time
         350000     7000.00000

   Energies (kJ/mol)
           Bond       G96AngleRestricted Angles    Proper Dih.  Improper Dih.
    4.41750e+03    1.23779e+03    7.75852e+02    1.03292e+02    1.84174e+01
        LJ (SR)   Coulomb (SR)      Potential    Kinetic En.   Total Energy
   -3.28039e+06   -2.56092e+04   -3.29944e+06    4.95691e+05   -2.80375e+06
  Conserved En.    Temperature Pressure (bar)   Constr. rmsd
   -5.27712e+06    3.12542e+02   -1.12800e+01    2.18652e-06

           Step           Time
         400000     8000.00000

   Energies (kJ/mol)
           Bond       G96AngleRestricted Angles    Proper Dih.  Improper Dih.
    4.60345e+03    1.14363e+03    7.86872e+02    8.25918e+01    1.26544e+01
        LJ (SR)   Coulomb (SR)      Potential    Kinetic En.   Total Energy
   -3.28166e+06   -2.55107e+04   -3.30054e+06    4.97042e+05   -2.80350e+06
  Conserved En.    Temperature Pressure (bar)   Constr. rmsd
   -5.63053e+06    3.13393e+02    1.48638e+01    2.09285e-06

           Step           Time
         450000     9000.00000

   Energies (kJ/mol)
           Bond       G96AngleRestricted Angles    Proper Dih.  Improper Dih.
    4.51617e+03    1.28300e+03    7.56555e+02    1.30416e+02    9.88618e+00
        LJ (SR)   Coulomb (SR)      Potential    Kinetic En.   Total Energy
   -3.28283e+06   -2.59648e+04   -3.30209e+06    4.97006e+05   -2.80509e+06
  Conserved En.    Temperature Pressure (bar)   Constr. rmsd
   -5.98390e+06    3.13370e+02   -1.10849e+01    2.29293e-06

           Step           Time
         500000    10000.00000

   Energies (kJ/mol)
           Bond       G96AngleRestricted Angles    Proper Dih.  Improper Dih.
    4.49913e+03    1.36241e+03    8.27229e+02    1.02305e+02    6.54294e+00
        LJ (SR)   Coulomb (SR)      Potential    Kinetic En.   Total Energy
   -3.28012e+06   -2.59774e+04   -3.29930e+06    4.95340e+05   -2.80396e+06
  Conserved En.    Temperature Pressure (bar)   Constr. rmsd
   -6.33711e+06    3.12320e+02    3.92107e+00    2.34921e-06

           Step           Time
         550000    11000.00000

   Energies (kJ/mol)
           Bond       G96AngleRestricted Angles    Proper Dih.  Improper Dih.
    4.70239e+03    1.17729e+03    7.67008e+02    7.03122e+01    1.67493e+01
        LJ (SR)   Coulomb (SR)      Potential    Kinetic En.   Total Energy
   -3.28115e+06   -2.56578e+04   -3.30007e+06    4.97659e+05   -2.80241e+06
  Conserved En.    Temperature Pressure (bar)   Constr. rmsd
   -6.69051e+06    3.13782e+02    4.99178e+00    2.28037e-06

           Step           Time
         600000    12000.00000

   Energies (kJ/mol)
           Bond       G96AngleRestricted Angles    Proper Dih.  Improper Dih.
    4.47300e+03    1.16563e+03    7.38764e+02    7.65554e+01    9.85663e+00
        LJ (SR)   Coulomb (SR)      Potential    Kinetic En.   Total Energy
   -3.27870e+06   -2.63595e+04   -3.29860e+06    4.94284e+05   -2.80432e+06
  Conserved En.    Temperature Pressure (bar)   Constr. rmsd
   -7.04401e+06    3.11655e+02    1.13827e+01    2.15029e-06

           Step           Time
         650000    13000.00000

   Energies (kJ/mol)
           Bond       G96AngleRestricted Angles    Proper Dih.  Improper Dih.
    4.49441e+03    1.23617e+03    7.40466e+02    1.02541e+02    1.63342e+01
        LJ (SR)   Coulomb (SR)      Potential    Kinetic En.   Total Energy
   -3.27857e+06   -2.55984e+04   -3.29757e+06    4.98156e+05   -2.79942e+06
  Conserved En.    Temperature Pressure (bar)   Constr. rmsd
   -7.39752e+06    3.14096e+02    4.92744e+00    2.23413e-06

           Step           Time
         700000    14000.00000

   Energies (kJ/mol)
           Bond       G96AngleRestricted Angles    Proper Dih.  Improper Dih.
    4.26229e+03    1.15733e+03    7.62714e+02    9.38600e+01    1.39646e+01
        LJ (SR)   Coulomb (SR)      Potential    Kinetic En.   Total Energy
   -3.28077e+06   -2.62864e+04   -3.30077e+06    4.96788e+05   -2.80398e+06
  Conserved En.    Temperature Pressure (bar)   Constr. rmsd
   -7.75079e+06    3.13233e+02    4.28598e+00    2.08458e-06

           Step           Time
         750000    15000.00000

   Energies (kJ/mol)
           Bond       G96AngleRestricted Angles    Proper Dih.  Improper Dih.
    4.53117e+03    1.31607e+03    7.60059e+02    7.47387e+01    1.35050e+01
        LJ (SR)   Coulomb (SR)      Potential    Kinetic En.   Total Energy
   -3.27728e+06   -2.56825e+04   -3.29627e+06    4.96080e+05   -2.80019e+06
  Conserved En.    Temperature Pressure (bar)   Constr. rmsd
   -8.10420e+06    3.12787e+02   -1.17990e+00    2.13322e-06

Writing checkpoint, step 753925 at Wed Jul 20 23:01:04 2022


           Step           Time
         800000    16000.00000

   Energies (kJ/mol)
           Bond       G96AngleRestricted Angles    Proper Dih.  Improper Dih.
    4.32588e+03    1.18987e+03    7.59270e+02    1.02148e+02    1.81051e+01
        LJ (SR)   Coulomb (SR)      Potential    Kinetic En.   Total Energy
   -3.27981e+06   -2.58889e+04   -3.29930e+06    4.95632e+05   -2.80367e+06
  Conserved En.    Temperature Pressure (bar)   Constr. rmsd
   -8.45669e+06    3.12504e+02    1.76702e+00    2.20392e-06

           Step           Time
         850000    17000.00000

   Energies (kJ/mol)
           Bond       G96AngleRestricted Angles    Proper Dih.  Improper Dih.
    4.33444e+03    1.23092e+03    7.57368e+02    9.04556e+01    2.34474e+01
        LJ (SR)   Coulomb (SR)      Potential    Kinetic En.   Total Energy
   -3.28027e+06   -2.58487e+04   -3.29968e+06    4.93795e+05   -2.80589e+06
  Conserved En.    Temperature Pressure (bar)   Constr. rmsd
   -8.81031e+06    3.11346e+02   -6.26118e+00    2.22122e-06

           Step           Time
         900000    18000.00000

   Energies (kJ/mol)
           Bond       G96AngleRestricted Angles    Proper Dih.  Improper Dih.
    4.44517e+03    1.20133e+03    8.28841e+02    1.06239e+02    1.58868e+01
        LJ (SR)   Coulomb (SR)      Potential    Kinetic En.   Total Energy
   -3.27889e+06   -2.58959e+04   -3.29819e+06    4.98137e+05   -2.80005e+06
  Conserved En.    Temperature Pressure (bar)   Constr. rmsd
   -9.16419e+06    3.14084e+02    1.17460e+01    2.11713e-06

           Step           Time
         950000    19000.00000

   Energies (kJ/mol)
           Bond       G96AngleRestricted Angles    Proper Dih.  Improper Dih.
    4.50382e+03    1.22589e+03    8.04892e+02    1.06960e+02    1.66276e+01
        LJ (SR)   Coulomb (SR)      Potential    Kinetic En.   Total Energy
   -3.27875e+06   -2.57904e+04   -3.29789e+06    4.94729e+05   -2.80316e+06
  Conserved En.    Temperature Pressure (bar)   Constr. rmsd
   -9.51772e+06    3.11935e+02   -1.45728e+01    2.22453e-06

           Step           Time
        1000000    20000.00000

   Energies (kJ/mol)
           Bond       G96AngleRestricted Angles    Proper Dih.  Improper Dih.
    4.48535e+03    1.20248e+03    6.66142e+02    8.75023e+01    2.42792e+01
        LJ (SR)   Coulomb (SR)      Potential    Kinetic En.   Total Energy
   -3.28293e+06   -2.55586e+04   -3.30202e+06    4.97548e+05   -2.80447e+06
  Conserved En.    Temperature Pressure (bar)   Constr. rmsd
   -9.87093e+06    3.13712e+02    1.98431e+00    2.28536e-06

           Step           Time
        1050000    21000.00000

   Energies (kJ/mol)
           Bond       G96AngleRestricted Angles    Proper Dih.  Improper Dih.
    4.52533e+03    1.28455e+03    8.07759e+02    9.48343e+01    1.55315e+01
        LJ (SR)   Coulomb (SR)      Potential    Kinetic En.   Total Energy
   -3.27965e+06   -2.57426e+04   -3.29866e+06    4.96381e+05   -2.80228e+06
  Conserved En.    Temperature Pressure (bar)   Constr. rmsd
   -1.02243e+07    3.12977e+02   -1.12397e+01    2.23374e-06

           Step           Time
        1100000    22000.00000

   Energies (kJ/mol)
           Bond       G96AngleRestricted Angles    Proper Dih.  Improper Dih.
    4.35509e+03    1.16115e+03    7.85070e+02    1.34778e+02    5.61374e+00
        LJ (SR)   Coulomb (SR)      Potential    Kinetic En.   Total Energy
   -3.28054e+06   -2.61577e+04   -3.30025e+06    4.97464e+05   -2.80279e+06
  Conserved En.    Temperature Pressure (bar)   Constr. rmsd
   -1.05778e+07    3.13659e+02    3.69487e-01    2.07086e-06

           Step           Time
        1150000    23000.00000

   Energies (kJ/mol)
           Bond       G96AngleRestricted Angles    Proper Dih.  Improper Dih.
    4.30581e+03    1.20883e+03    7.07701e+02    1.31017e+02    8.14169e+00
        LJ (SR)   Coulomb (SR)      Potential    Kinetic En.   Total Energy
   -3.28082e+06   -2.60632e+04   -3.30052e+06    4.96588e+05   -2.80393e+06
  Conserved En.    Temperature Pressure (bar)   Constr. rmsd
   -1.09313e+07    3.13107e+02    9.53862e+00    2.22945e-06

           Step           Time
        1200000    24000.00000

   Energies (kJ/mol)
           Bond       G96AngleRestricted Angles    Proper Dih.  Improper Dih.
    4.57144e+03    1.22082e+03    7.46312e+02    1.39471e+02    1.31706e+01
        LJ (SR)   Coulomb (SR)      Potential    Kinetic En.   Total Energy
   -3.27835e+06   -2.57486e+04   -3.29741e+06    4.96983e+05   -2.80042e+06
  Conserved En.    Temperature Pressure (bar)   Constr. rmsd
   -1.12848e+07    3.13356e+02   -2.22585e+00    2.12781e-06

           Step           Time
        1250000    25000.00000

   Energies (kJ/mol)
           Bond       G96AngleRestricted Angles    Proper Dih.  Improper Dih.
    4.44282e+03    1.17205e+03    7.49678e+02    8.09688e+01    1.75640e+01
        LJ (SR)   Coulomb (SR)      Potential    Kinetic En.   Total Energy
   -3.28193e+06   -2.59086e+04   -3.30137e+06    4.94129e+05   -2.80724e+06
  Conserved En.    Temperature Pressure (bar)   Constr. rmsd
   -1.16385e+07    3.11557e+02    1.50843e+01    2.29129e-06

           Step           Time
        1300000    26000.00000

   Energies (kJ/mol)
           Bond       G96AngleRestricted Angles    Proper Dih.  Improper Dih.
    4.61049e+03    1.22505e+03    8.03879e+02    1.06140e+02    1.64276e+01
        LJ (SR)   Coulomb (SR)      Potential    Kinetic En.   Total Energy
   -3.28343e+06   -2.57381e+04   -3.30241e+06    4.97659e+05   -2.80475e+06
  Conserved En.    Temperature Pressure (bar)   Constr. rmsd
   -1.19920e+07    3.13782e+02    1.17387e+01    2.18993e-06

           Step           Time
        1350000    27000.00000

   Energies (kJ/mol)
           Bond       G96AngleRestricted Angles    Proper Dih.  Improper Dih.
    4.57605e+03    1.19442e+03    7.48468e+02    8.65603e+01    4.69445e+00
        LJ (SR)   Coulomb (SR)      Potential    Kinetic En.   Total Energy
   -3.27929e+06   -2.59895e+04   -3.29867e+06    4.96033e+05   -2.80263e+06
  Conserved En.    Temperature Pressure (bar)   Constr. rmsd
   -1.23456e+07    3.12757e+02   -1.60598e+01    2.22836e-06

           Step           Time
        1400000    28000.00000

   Energies (kJ/mol)
           Bond       G96AngleRestricted Angles    Proper Dih.  Improper Dih.
    4.43488e+03    1.15622e+03    7.69711e+02    1.22392e+02    1.69861e+01
        LJ (SR)   Coulomb (SR)      Potential    Kinetic En.   Total Energy
   -3.27815e+06   -2.60309e+04   -3.29768e+06    4.97337e+05   -2.80035e+06
  Conserved En.    Temperature Pressure (bar)   Constr. rmsd
   -1.26990e+07    3.13579e+02   -3.60856e+00    2.29340e-06

           Step           Time
        1450000    29000.00000

   Energies (kJ/mol)
           Bond       G96AngleRestricted Angles    Proper Dih.  Improper Dih.
    4.54879e+03    1.12882e+03    8.22170e+02    1.12063e+02    1.15378e+01
        LJ (SR)   Coulomb (SR)      Potential    Kinetic En.   Total Energy
   -3.28055e+06   -2.56787e+04   -3.29960e+06    4.96549e+05   -2.80306e+06
  Conserved En.    Temperature Pressure (bar)   Constr. rmsd
   -1.30525e+07    3.13083e+02   -6.35948e-01    2.36618e-06

           Step           Time
        1500000    30000.00000

   Energies (kJ/mol)
           Bond       G96AngleRestricted Angles    Proper Dih.  Improper Dih.
    4.74606e+03    1.24317e+03    7.38490e+02    1.00453e+02    1.28442e+01
        LJ (SR)   Coulomb (SR)      Potential    Kinetic En.   Total Energy
   -3.27870e+06   -2.59262e+04   -3.29778e+06    4.96787e+05   -2.80100e+06
  Conserved En.    Temperature Pressure (bar)   Constr. rmsd
   -1.34060e+07    3.13232e+02    5.57996e+00    2.20977e-06

Writing checkpoint, step 1507975 at Wed Jul 20 23:16:04 2022


           Step           Time
        1550000    31000.00000

   Energies (kJ/mol)
           Bond       G96AngleRestricted Angles    Proper Dih.  Improper Dih.
    4.63693e+03    1.21120e+03    7.60158e+02    9.08948e+01    4.08411e+01
        LJ (SR)   Coulomb (SR)      Potential    Kinetic En.   Total Energy
   -3.28316e+06   -2.60177e+04   -3.30244e+06    4.96700e+05   -2.80574e+06
  Conserved En.    Temperature Pressure (bar)   Constr. rmsd
   -1.37595e+07    3.13178e+02   -1.75157e+00    2.16263e-06

           Step           Time
        1600000    32000.00000

   Energies (kJ/mol)
           Bond       G96AngleRestricted Angles    Proper Dih.  Improper Dih.
    4.53770e+03    1.13041e+03    7.86081e+02    1.24731e+02    1.02392e+01
        LJ (SR)   Coulomb (SR)      Potential    Kinetic En.   Total Energy
   -3.27953e+06   -2.59231e+04   -3.29886e+06    4.95903e+05   -2.80296e+06
  Conserved En.    Temperature Pressure (bar)   Constr. rmsd
   -1.41131e+07    3.12675e+02   -6.58933e-01    2.17137e-06

           Step           Time
        1650000    33000.00000

   Energies (kJ/mol)
           Bond       G96AngleRestricted Angles    Proper Dih.  Improper Dih.
    4.56716e+03    1.17346e+03    7.96044e+02    8.67289e+01    1.59752e+01
        LJ (SR)   Coulomb (SR)      Potential    Kinetic En.   Total Energy
   -3.28332e+06   -2.59745e+04   -3.30265e+06    4.96188e+05   -2.80647e+06
  Conserved En.    Temperature Pressure (bar)   Constr. rmsd
   -1.44667e+07    3.12855e+02    1.09308e+00    2.16571e-06

           Step           Time
        1700000    34000.00000

   Energies (kJ/mol)
           Bond       G96AngleRestricted Angles    Proper Dih.  Improper Dih.
    4.52161e+03    1.12047e+03    7.53328e+02    8.83703e+01    2.07987e+01
        LJ (SR)   Coulomb (SR)      Potential    Kinetic En.   Total Energy
   -3.27728e+06   -2.56259e+04   -3.29640e+06    4.95492e+05   -2.80091e+06
  Conserved En.    Temperature Pressure (bar)   Constr. rmsd
   -1.48203e+07    3.12416e+02   -1.28106e+01    2.36119e-06

           Step           Time
        1750000    35000.00000

   Energies (kJ/mol)
           Bond       G96AngleRestricted Angles    Proper Dih.  Improper Dih.
    4.71167e+03    1.30362e+03    8.02255e+02    8.98115e+01    1.25422e+01
        LJ (SR)   Coulomb (SR)      Potential    Kinetic En.   Total Energy
   -3.27863e+06   -2.57018e+04   -3.29741e+06    4.94852e+05   -2.80256e+06
  Conserved En.    Temperature Pressure (bar)   Constr. rmsd
   -1.51738e+07    3.12013e+02   -8.64852e+00    2.34513e-06

           Step           Time
        1800000    36000.00000

   Energies (kJ/mol)
           Bond       G96AngleRestricted Angles    Proper Dih.  Improper Dih.
    4.49368e+03    1.20005e+03    7.45184e+02    9.17585e+01    3.73254e+00
        LJ (SR)   Coulomb (SR)      Potential    Kinetic En.   Total Energy
   -3.27505e+06   -2.58971e+04   -3.29442e+06    4.95623e+05   -2.79879e+06
  Conserved En.    Temperature Pressure (bar)   Constr. rmsd
   -1.55274e+07    3.12498e+02   -7.85156e+00    2.13271e-06

           Step           Time
        1850000    37000.00000

   Energies (kJ/mol)
           Bond       G96AngleRestricted Angles    Proper Dih.  Improper Dih.
    4.63225e+03    1.20331e+03    8.32525e+02    1.22557e+02    1.54656e+01
        LJ (SR)   Coulomb (SR)      Potential    Kinetic En.   Total Energy
   -3.27942e+06   -2.57742e+04   -3.29839e+06    4.95544e+05   -2.80285e+06
  Conserved En.    Temperature Pressure (bar)   Constr. rmsd
   -1.58810e+07    3.12449e+02    2.04597e+00    1.95188e-06

           Step           Time
        1900000    38000.00000

   Energies (kJ/mol)
           Bond       G96AngleRestricted Angles    Proper Dih.  Improper Dih.
    4.36996e+03    1.22502e+03    7.99241e+02    1.08907e+02    1.85980e+01
        LJ (SR)   Coulomb (SR)      Potential    Kinetic En.   Total Energy
   -3.27861e+06   -2.56977e+04   -3.29778e+06    4.96405e+05   -2.80138e+06
  Conserved En.    Temperature Pressure (bar)   Constr. rmsd
   -1.62341e+07    3.12992e+02   -1.11188e+00    2.20918e-06

           Step           Time
        1950000    39000.00000

   Energies (kJ/mol)
           Bond       G96AngleRestricted Angles    Proper Dih.  Improper Dih.
    4.66166e+03    1.17567e+03    7.24062e+02    1.35928e+02    6.35638e+00
        LJ (SR)   Coulomb (SR)      Potential    Kinetic En.   Total Energy
   -3.28147e+06   -2.58277e+04   -3.30060e+06    4.98343e+05   -2.80225e+06
  Conserved En.    Temperature Pressure (bar)   Constr. rmsd
   -1.65876e+07    3.14213e+02    1.78601e+01    2.04152e-06

           Step           Time
        2000000    40000.00000

   Energies (kJ/mol)
           Bond       G96AngleRestricted Angles    Proper Dih.  Improper Dih.
    4.46120e+03    1.15517e+03    7.64775e+02    1.04408e+02    1.32684e+01
        LJ (SR)   Coulomb (SR)      Potential    Kinetic En.   Total Energy
   -3.27922e+06   -2.57939e+04   -3.29851e+06    4.94778e+05   -2.80374e+06
  Conserved En.    Temperature Pressure (bar)   Constr. rmsd
   -1.69410e+07    3.11966e+02    3.76871e+00    2.02379e-06

           Step           Time
        2050000    41000.00000

   Energies (kJ/mol)
           Bond       G96AngleRestricted Angles    Proper Dih.  Improper Dih.
    4.49711e+03    1.21630e+03    8.55162e+02    8.20228e+01    1.47480e+01
        LJ (SR)   Coulomb (SR)      Potential    Kinetic En.   Total Energy
   -3.28104e+06   -2.61830e+04   -3.30055e+06    4.96026e+05   -2.80453e+06
  Conserved En.    Temperature Pressure (bar)   Constr. rmsd
   -1.72943e+07    3.12752e+02    7.78300e-01    2.15584e-06

           Step           Time
        2100000    42000.00000

   Energies (kJ/mol)
           Bond       G96AngleRestricted Angles    Proper Dih.  Improper Dih.
    4.52134e+03    1.18693e+03    8.02386e+02    1.13121e+02    1.26718e+01
        LJ (SR)   Coulomb (SR)      Potential    Kinetic En.   Total Energy
   -3.27922e+06   -2.60332e+04   -3.29862e+06    4.97736e+05   -2.80088e+06
  Conserved En.    Temperature Pressure (bar)   Constr. rmsd
   -1.76477e+07    3.13831e+02   -5.76797e+00    1.90233e-06

           Step           Time
        2150000    43000.00000

   Energies (kJ/mol)
           Bond       G96AngleRestricted Angles    Proper Dih.  Improper Dih.
    4.36634e+03    1.12491e+03    7.77745e+02    6.53628e+01    1.02059e+01
        LJ (SR)   Coulomb (SR)      Potential    Kinetic En.   Total Energy
   -3.28227e+06   -2.61847e+04   -3.30211e+06    4.95493e+05   -2.80662e+06
  Conserved En.    Temperature Pressure (bar)   Constr. rmsd
   -1.80011e+07    3.12416e+02   -1.35043e+01    2.18010e-06

           Step           Time
        2200000    44000.00000

   Energies (kJ/mol)
           Bond       G96AngleRestricted Angles    Proper Dih.  Improper Dih.
    4.54241e+03    1.20372e+03    7.99396e+02    8.91962e+01    2.24867e+01
        LJ (SR)   Coulomb (SR)      Potential    Kinetic En.   Total Energy
   -3.28056e+06   -2.62171e+04   -3.30012e+06    4.97578e+05   -2.80254e+06
  Conserved En.    Temperature Pressure (bar)   Constr. rmsd
   -1.83544e+07    3.13731e+02   -1.46454e+00    2.14552e-06

           Step           Time
        2250000    45000.00000

   Energies (kJ/mol)
           Bond       G96AngleRestricted Angles    Proper Dih.  Improper Dih.
    4.43291e+03    1.21004e+03    8.61459e+02    8.79422e+01    7.10521e+00
        LJ (SR)   Coulomb (SR)      Potential    Kinetic En.   Total Energy
   -3.27778e+06   -2.59673e+04   -3.29715e+06    4.98722e+05   -2.79842e+06
  Conserved En.    Temperature Pressure (bar)   Constr. rmsd
   -1.87078e+07    3.14453e+02    1.17776e+01    2.10447e-06

Writing checkpoint, step 2261750 at Wed Jul 20 23:31:04 2022


           Step           Time
        2300000    46000.00000

   Energies (kJ/mol)
           Bond       G96AngleRestricted Angles    Proper Dih.  Improper Dih.
    4.49583e+03    1.17295e+03    7.10505e+02    9.75973e+01    1.41574e+01
        LJ (SR)   Coulomb (SR)      Potential    Kinetic En.   Total Energy
   -3.27900e+06   -2.58725e+04   -3.29839e+06    4.97244e+05   -2.80114e+06
  Conserved En.    Temperature Pressure (bar)   Constr. rmsd
   -1.90611e+07    3.13521e+02   -1.11239e-01    2.01498e-06

           Step           Time
        2350000    47000.00000

   Energies (kJ/mol)
           Bond       G96AngleRestricted Angles    Proper Dih.  Improper Dih.
    4.51137e+03    1.21131e+03    8.21808e+02    1.15657e+02    5.96908e+00
        LJ (SR)   Coulomb (SR)      Potential    Kinetic En.   Total Energy
   -3.27996e+06   -2.59434e+04   -3.29924e+06    4.97348e+05   -2.80189e+06
  Conserved En.    Temperature Pressure (bar)   Constr. rmsd
   -1.94146e+07    3.13586e+02    3.61188e+00    1.87743e-06

           Step           Time
        2400000    48000.00000

   Energies (kJ/mol)
           Bond       G96AngleRestricted Angles    Proper Dih.  Improper Dih.
    4.53647e+03    1.16686e+03    7.43387e+02    1.44585e+02    1.28139e+01
        LJ (SR)   Coulomb (SR)      Potential    Kinetic En.   Total Energy
   -3.28083e+06   -2.58120e+04   -3.30004e+06    4.98001e+05   -2.80204e+06
  Conserved En.    Temperature Pressure (bar)   Constr. rmsd
   -1.97681e+07    3.13998e+02    3.65786e+00    1.98736e-06

           Step           Time
        2450000    49000.00000

   Energies (kJ/mol)
           Bond       G96AngleRestricted Angles    Proper Dih.  Improper Dih.
    4.54959e+03    1.21806e+03    7.55656e+02    8.77238e+01    1.88905e+01
        LJ (SR)   Coulomb (SR)      Potential    Kinetic En.   Total Energy
   -3.28243e+06   -2.57756e+04   -3.30158e+06    4.96904e+05   -2.80467e+06
  Conserved En.    Temperature Pressure (bar)   Constr. rmsd
   -2.01215e+07    3.13306e+02   -3.09552e+01    1.85922e-06

           Step           Time
        2500000    50000.00000

   Energies (kJ/mol)
           Bond       G96AngleRestricted Angles    Proper Dih.  Improper Dih.
    4.66132e+03    1.24271e+03    8.06831e+02    8.37182e+01    1.98321e+01
        LJ (SR)   Coulomb (SR)      Potential    Kinetic En.   Total Energy
   -3.28229e+06   -2.58483e+04   -3.30132e+06    4.96455e+05   -2.80486e+06
  Conserved En.    Temperature Pressure (bar)   Constr. rmsd
   -2.04751e+07    3.13023e+02    1.25261e+01    1.88762e-06

           Step           Time
        2550000    51000.00000

   Energies (kJ/mol)
           Bond       G96AngleRestricted Angles    Proper Dih.  Improper Dih.
    4.46014e+03    1.24051e+03    7.54925e+02    1.00619e+02    1.42065e+01
        LJ (SR)   Coulomb (SR)      Potential    Kinetic En.   Total Energy
   -3.27667e+06   -2.58524e+04   -3.29596e+06    4.97010e+05   -2.79894e+06
  Conserved En.    Temperature Pressure (bar)   Constr. rmsd
   -2.08286e+07    3.13373e+02   -8.91364e+00    1.98409e-06

           Step           Time
        2600000    52000.00000

   Energies (kJ/mol)
           Bond       G96AngleRestricted Angles    Proper Dih.  Improper Dih.
    4.55415e+03    1.24532e+03    7.30449e+02    1.01760e+02    9.37721e+00
        LJ (SR)   Coulomb (SR)      Potential    Kinetic En.   Total Energy
   -3.27479e+06   -2.61548e+04   -3.29430e+06    4.96516e+05   -2.79778e+06
  Conserved En.    Temperature Pressure (bar)   Constr. rmsd
   -2.11822e+07    3.13062e+02    2.96614e+00    2.05990e-06

           Step           Time
        2650000    53000.00000

   Energies (kJ/mol)
           Bond       G96AngleRestricted Angles    Proper Dih.  Improper Dih.
    4.44745e+03    1.19176e+03    6.94695e+02    1.27331e+02    1.13432e+01
        LJ (SR)   Coulomb (SR)      Potential    Kinetic En.   Total Energy
   -3.27576e+06   -2.60912e+04   -3.29538e+06    4.94178e+05   -2.80120e+06
  Conserved En.    Temperature Pressure (bar)   Constr. rmsd
   -2.15357e+07    3.11588e+02   -6.42858e+00    1.90599e-06

           Step           Time
        2700000    54000.00000

   Energies (kJ/mol)
           Bond       G96AngleRestricted Angles    Proper Dih.  Improper Dih.
    4.45533e+03    1.16665e+03    7.75872e+02    8.93854e+01    6.58895e+00
        LJ (SR)   Coulomb (SR)      Potential    Kinetic En.   Total Energy
   -3.28144e+06   -2.60544e+04   -3.30100e+06    4.97763e+05   -2.80323e+06
  Conserved En.    Temperature Pressure (bar)   Constr. rmsd
   -2.18893e+07    3.13848e+02    3.32608e+00    1.79189e-06

           Step           Time
        2750000    55000.00000

   Energies (kJ/mol)
           Bond       G96AngleRestricted Angles    Proper Dih.  Improper Dih.
    4.39249e+03    1.17146e+03    7.92613e+02    7.77315e+01    1.35695e+01
        LJ (SR)   Coulomb (SR)      Potential    Kinetic En.   Total Energy
   -3.28183e+06   -2.55201e+04   -3.30090e+06    4.97570e+05   -2.80333e+06
  Conserved En.    Temperature Pressure (bar)   Constr. rmsd
   -2.22426e+07    3.13726e+02   -2.60823e+01    1.99074e-06

           Step           Time
        2800000    56000.00000

   Energies (kJ/mol)
           Bond       G96AngleRestricted Angles    Proper Dih.  Improper Dih.
    4.64182e+03    1.18701e+03    8.28276e+02    1.13653e+02    2.24107e+01
        LJ (SR)   Coulomb (SR)      Potential    Kinetic En.   Total Energy
   -3.28050e+06   -2.61509e+04   -3.29986e+06    4.95191e+05   -2.80467e+06
  Conserved En.    Temperature Pressure (bar)   Constr. rmsd
   -2.25960e+07    3.12226e+02   -7.88162e+00    1.84249e-06

           Step           Time
        2850000    57000.00000

   Energies (kJ/mol)
           Bond       G96AngleRestricted Angles    Proper Dih.  Improper Dih.
    4.50495e+03    1.20960e+03    8.51205e+02    8.98177e+01    1.62483e+01
        LJ (SR)   Coulomb (SR)      Potential    Kinetic En.   Total Energy
   -3.27793e+06   -2.61925e+04   -3.29745e+06    4.96536e+05   -2.80092e+06
  Conserved En.    Temperature Pressure (bar)   Constr. rmsd
   -2.29500e+07    3.13074e+02   -8.33060e+00    1.65548e-06

           Step           Time
        2900000    58000.00000

   Energies (kJ/mol)
           Bond       G96AngleRestricted Angles    Proper Dih.  Improper Dih.
    4.61013e+03    1.13575e+03    7.60644e+02    1.03237e+02    1.72640e+01
        LJ (SR)   Coulomb (SR)      Potential    Kinetic En.   Total Energy
   -3.27805e+06   -2.60295e+04   -3.29745e+06    4.97896e+05   -2.79956e+06
  Conserved En.    Temperature Pressure (bar)   Constr. rmsd
   -2.33034e+07    3.13932e+02    3.86106e+00    1.80900e-06

           Step           Time
        2950000    59000.00000

   Energies (kJ/mol)
           Bond       G96AngleRestricted Angles    Proper Dih.  Improper Dih.
    4.44342e+03    1.25871e+03    7.60375e+02    7.73000e+01    9.40583e+00
        LJ (SR)   Coulomb (SR)      Potential    Kinetic En.   Total Energy
   -3.28198e+06   -2.61440e+04   -3.30157e+06    4.95480e+05   -2.80609e+06
  Conserved En.    Temperature Pressure (bar)   Constr. rmsd
   -2.36570e+07    3.12409e+02   -1.67854e+00    2.04995e-06

           Step           Time
        3000000    60000.00000

   Energies (kJ/mol)
           Bond       G96AngleRestricted Angles    Proper Dih.  Improper Dih.
    4.54391e+03    1.14419e+03    8.18903e+02    1.14781e+02    2.92551e+01
        LJ (SR)   Coulomb (SR)      Potential    Kinetic En.   Total Energy
   -3.28120e+06   -2.58634e+04   -3.30041e+06    4.98078e+05   -2.80233e+06
  Conserved En.    Temperature Pressure (bar)   Constr. rmsd
   -2.40106e+07    3.14047e+02    1.51275e+01    1.82643e-06

Writing checkpoint, step 3016425 at Wed Jul 20 23:46:04 2022


           Step           Time
        3050000    61000.00000

   Energies (kJ/mol)
           Bond       G96AngleRestricted Angles    Proper Dih.  Improper Dih.
    4.53183e+03    1.16592e+03    7.68023e+02    1.07180e+02    2.94693e+01
        LJ (SR)   Coulomb (SR)      Potential    Kinetic En.   Total Energy
   -3.28231e+06   -2.59506e+04   -3.30166e+06    4.96852e+05   -2.80481e+06
  Conserved En.    Temperature Pressure (bar)   Constr. rmsd
   -2.43639e+07    3.13273e+02    7.00735e+00    1.76542e-06

           Step           Time
        3100000    62000.00000

   Energies (kJ/mol)
           Bond       G96AngleRestricted Angles    Proper Dih.  Improper Dih.
    4.49722e+03    1.16512e+03    7.81559e+02    9.26610e+01    1.13567e+01
        LJ (SR)   Coulomb (SR)      Potential    Kinetic En.   Total Energy
   -3.28235e+06   -2.63358e+04   -3.30214e+06    4.95947e+05   -2.80619e+06
  Conserved En.    Temperature Pressure (bar)   Constr. rmsd
   -2.47176e+07    3.12703e+02    1.80130e+01    1.89692e-06

           Step           Time
        3150000    63000.00000

   Energies (kJ/mol)
           Bond       G96AngleRestricted Angles    Proper Dih.  Improper Dih.
    4.42251e+03    1.21194e+03    7.09474e+02    1.01842e+02    7.73542e+00
        LJ (SR)   Coulomb (SR)      Potential    Kinetic En.   Total Energy
   -3.28107e+06   -2.57509e+04   -3.30037e+06    4.96240e+05   -2.80413e+06
  Conserved En.    Temperature Pressure (bar)   Constr. rmsd
   -2.50713e+07    3.12888e+02   -1.41005e+00    1.99376e-06

           Step           Time
        3200000    64000.00000

   Energies (kJ/mol)
           Bond       G96AngleRestricted Angles    Proper Dih.  Improper Dih.
    4.40469e+03    1.29463e+03    7.76264e+02    9.75342e+01    1.56444e+01
        LJ (SR)   Coulomb (SR)      Potential    Kinetic En.   Total Energy
   -3.27866e+06   -2.61541e+04   -3.29823e+06    4.97381e+05   -2.80085e+06
  Conserved En.    Temperature Pressure (bar)   Constr. rmsd
   -2.54246e+07    3.13607e+02    5.78934e+00    1.77599e-06

           Step           Time
        3250000    65000.00000

   Energies (kJ/mol)
           Bond       G96AngleRestricted Angles    Proper Dih.  Improper Dih.
    4.49619e+03    1.24116e+03    8.43068e+02    6.76862e+01    2.07339e+01
        LJ (SR)   Coulomb (SR)      Potential    Kinetic En.   Total Energy
   -3.28007e+06   -2.58052e+04   -3.29921e+06    4.95622e+05   -2.80359e+06
  Conserved En.    Temperature Pressure (bar)   Constr. rmsd
   -2.57763e+07    3.12498e+02   -1.87528e+01    1.81578e-06

           Step           Time
        3300000    66000.00000

   Energies (kJ/mol)
           Bond       G96AngleRestricted Angles    Proper Dih.  Improper Dih.
    4.61115e+03    1.20090e+03    7.84357e+02    8.26458e+01    2.20569e+01
        LJ (SR)   Coulomb (SR)      Potential    Kinetic En.   Total Energy
   -3.28204e+06   -2.60307e+04   -3.30137e+06    4.96559e+05   -2.80481e+06
  Conserved En.    Temperature Pressure (bar)   Constr. rmsd
   -2.61287e+07    3.13089e+02   -5.22192e-01    1.94283e-06

           Step           Time
        3350000    67000.00000

   Energies (kJ/mol)
           Bond       G96AngleRestricted Angles    Proper Dih.  Improper Dih.
    4.54244e+03    1.19574e+03    7.49365e+02    1.22112e+02    8.48465e+00
        LJ (SR)   Coulomb (SR)      Potential    Kinetic En.   Total Energy
   -3.27990e+06   -2.58001e+04   -3.29908e+06    4.96335e+05   -2.80274e+06
  Conserved En.    Temperature Pressure (bar)   Constr. rmsd
   -2.64822e+07    3.12948e+02    8.00505e+00    1.75135e-06

           Step           Time
        3400000    68000.00000

   Energies (kJ/mol)
           Bond       G96AngleRestricted Angles    Proper Dih.  Improper Dih.
    4.71446e+03    1.12055e+03    7.49444e+02    9.87934e+01    1.83953e+01
        LJ (SR)   Coulomb (SR)      Potential    Kinetic En.   Total Energy
   -3.27936e+06   -2.60829e+04   -3.29874e+06    4.96570e+05   -2.80217e+06
  Conserved En.    Temperature Pressure (bar)   Constr. rmsd
   -2.68357e+07    3.13096e+02    1.00682e+01    1.98862e-06

           Step           Time
        3450000    69000.00000

   Energies (kJ/mol)
           Bond       G96AngleRestricted Angles    Proper Dih.  Improper Dih.
    4.56417e+03    1.20631e+03    7.50887e+02    1.07157e+02    1.42204e+01
        LJ (SR)   Coulomb (SR)      Potential    Kinetic En.   Total Energy
   -3.27775e+06   -2.61547e+04   -3.29726e+06    4.95353e+05   -2.80191e+06
  Conserved En.    Temperature Pressure (bar)   Constr. rmsd
   -2.71890e+07    3.12329e+02   -1.87448e+01    1.95661e-06

           Step           Time
        3500000    70000.00000

   Energies (kJ/mol)
           Bond       G96AngleRestricted Angles    Proper Dih.  Improper Dih.
    4.45496e+03    1.19697e+03    7.46333e+02    1.07722e+02    1.52494e+01
        LJ (SR)   Coulomb (SR)      Potential    Kinetic En.   Total Energy
   -3.28034e+06   -2.57991e+04   -3.29962e+06    4.95426e+05   -2.80419e+06
  Conserved En.    Temperature Pressure (bar)   Constr. rmsd
   -2.75425e+07    3.12375e+02   -6.66719e+00    2.00590e-06

           Step           Time
        3550000    71000.00000

   Energies (kJ/mol)
           Bond       G96AngleRestricted Angles    Proper Dih.  Improper Dih.
    4.52011e+03    1.19459e+03    7.45380e+02    9.13591e+01    9.14226e+00
        LJ (SR)   Coulomb (SR)      Potential    Kinetic En.   Total Energy
   -3.27964e+06   -2.61195e+04   -3.29919e+06    4.96213e+05   -2.80298e+06
  Conserved En.    Temperature Pressure (bar)   Constr. rmsd
   -2.78959e+07    3.12871e+02   -3.11310e+00    2.00331e-06

           Step           Time
        3600000    72000.00000

   Energies (kJ/mol)
           Bond       G96AngleRestricted Angles    Proper Dih.  Improper Dih.
    4.57375e+03    1.22031e+03    7.85495e+02    1.13566e+02    1.10428e+01
        LJ (SR)   Coulomb (SR)      Potential    Kinetic En.   Total Energy
   -3.27928e+06   -2.61512e+04   -3.29872e+06    4.98165e+05   -2.80056e+06
  Conserved En.    Temperature Pressure (bar)   Constr. rmsd
   -2.82494e+07    3.14101e+02    1.09906e+01    1.83843e-06

           Step           Time
        3650000    73000.00000

   Energies (kJ/mol)
           Bond       G96AngleRestricted Angles    Proper Dih.  Improper Dih.
    4.57207e+03    1.13096e+03    7.46736e+02    1.02042e+02    1.23468e+01
        LJ (SR)   Coulomb (SR)      Potential    Kinetic En.   Total Energy
   -3.27884e+06   -2.57927e+04   -3.29807e+06    4.95951e+05   -2.80212e+06
  Conserved En.    Temperature Pressure (bar)   Constr. rmsd
   -2.86029e+07    3.12705e+02   -4.65931e+00    2.19958e-06

           Step           Time
        3700000    74000.00000

   Energies (kJ/mol)
           Bond       G96AngleRestricted Angles    Proper Dih.  Improper Dih.
    4.50592e+03    1.16174e+03    7.38228e+02    1.10315e+02    9.93690e+00
        LJ (SR)   Coulomb (SR)      Potential    Kinetic En.   Total Energy
   -3.28045e+06   -2.62054e+04   -3.30013e+06    4.97232e+05   -2.80290e+06
  Conserved En.    Temperature Pressure (bar)   Constr. rmsd
   -2.89563e+07    3.13513e+02    3.23104e-01    1.89193e-06

           Step           Time
        3750000    75000.00000

   Energies (kJ/mol)
           Bond       G96AngleRestricted Angles    Proper Dih.  Improper Dih.
    4.66799e+03    1.16123e+03    7.66416e+02    1.12544e+02    6.94786e+00
        LJ (SR)   Coulomb (SR)      Potential    Kinetic En.   Total Energy
   -3.28332e+06   -2.59146e+04   -3.30252e+06    4.95294e+05   -2.80723e+06
  Conserved En.    Temperature Pressure (bar)   Constr. rmsd
   -2.93098e+07    3.12291e+02   -2.50870e+00    2.00516e-06

Writing checkpoint, step 3768575 at Thu Jul 21 00:01:04 2022


           Step           Time
        3800000    76000.00000

   Energies (kJ/mol)
           Bond       G96AngleRestricted Angles    Proper Dih.  Improper Dih.
    4.54741e+03    1.23147e+03    7.65714e+02    9.34815e+01    5.40596e+00
        LJ (SR)   Coulomb (SR)      Potential    Kinetic En.   Total Energy
   -3.28356e+06   -2.62594e+04   -3.30318e+06    4.95876e+05   -2.80730e+06
  Conserved En.    Temperature Pressure (bar)   Constr. rmsd
   -2.96634e+07    3.12659e+02    1.88809e+01    1.90706e-06

