                      :-) GROMACS - gmx grompp, 2022.2 (-:

Executable:   /home/gridsan/congwang/software/gromacs/bin/gmx_mpi
Data prefix:  /home/gridsan/congwang/software/gromacs
Working dir:  /home/gridsan/congwang/code/martini_sim/med125/martini/MARTINI_1by1/mole_only_5
Command line:
  gmx_mpi grompp -f step4.3_equilibration.mdp -c nvt.gro -t nvt.cpt -p PROA.top -o npt.tpr

Ignoring obsolete mdp entry 'ns_type'

WARNING 1 [file step4.3_equilibration.mdp]:
  The Berendsen barostat does not generate any strictly correct ensemble,
  and should not be used for new production simulations (in our opinion).
  For isotropic scaling we would recommend the C-rescale barostat that also
  ensures fast relaxation without oscillations, and for anisotropic scaling
  you likely want to use the Parrinello-Rahman barostat.

Number of degrees of freedom in T-Coupling group Protein is 5879.95
Number of degrees of freedom in T-Coupling group non-Protein is 375624.03
Last frame         -1 time 5000.000   

There was 1 warning

-------------------------------------------------------
Program:     gmx grompp, version 2022.2
Source file: src/gromacs/gmxpreprocess/grompp.cpp (line 2661)

Fatal error:
Too many warnings (1).
If you are sure all warnings are harmless, use the -maxwarn option.

For more information and tips for troubleshooting, please check the GROMACS
website at http://www.gromacs.org/Documentation/Errors
-------------------------------------------------------
Setting the LD random seed to -1895850561

Generated 3369 of the 1420455 non-bonded parameter combinations

Excluding 1 bonded neighbours molecule type 'molecule_0'

Excluding 1 bonded neighbours molecule type 'W'

Excluding 1 bonded neighbours molecule type 'NA'

Excluding 1 bonded neighbours molecule type 'CL'

Cleaning up constraints and constant bonded interactions with virtual sites
Analysing residue names:
There are:   981    Protein residues
There are: 125209      Other residues
Analysing Protein...
Analysing residues not classified as Protein/DNA/RNA/Water and splitting into groups...

Determining Verlet buffer for a tolerance of 0.005 kJ/mol/ps at 313.15 K

Calculated rlist for 1x1 atom pair-list as 1.306 nm, buffer size 0.206 nm

Set rlist, assuming 4x4 atom pair-list, to 1.219 nm, buffer size 0.119 nm

Note that mdrun will redetermine rlist based on the actual pair-list setup

Reading Coordinates, Velocities and Box size from old trajectory

Will read whole trajectory

Using frame at t = 5000 ps

Starting time for run is 0 ps

This run will generate roughly 316 Mb of data
--------------------------------------------------------------------------
MPI_ABORT was invoked on rank 0 in communicator MPI_COMM_WORLD
with errorcode 1.

NOTE: invoking MPI_ABORT causes Open MPI to kill all MPI processes.
You may or may not see output from other processes, depending on
exactly when Open MPI kills them.
--------------------------------------------------------------------------
                      :-) GROMACS - gmx mdrun, 2022.2 (-:

Executable:   /home/gridsan/congwang/software/gromacs/bin/gmx_mpi
Data prefix:  /home/gridsan/congwang/software/gromacs
Working dir:  /home/gridsan/congwang/code/martini_sim/med125/martini/MARTINI_1by1/mole_only_5
Command line:
  gmx_mpi mdrun -deffnm npt -dlb yes -maxh 191.9 -ntomp 5 -pin on -v


-------------------------------------------------------
Program:     gmx mdrun, version 2022.2
Source file: src/gromacs/options/options.cpp (line 177)
Function:    void gmx::internal::OptionSectionImpl::finish()

Error in user input:
Invalid input values
  In option s
    Required option was not provided, and the default file 'topol' does not
    exist or is not accessible.
    The following extensions were tried to complete the file name:
      .tpr

For more information and tips for troubleshooting, please check the GROMACS
website at http://www.gromacs.org/Documentation/Errors
-------------------------------------------------------
--------------------------------------------------------------------------
MPI_ABORT was invoked on rank 0 in communicator MPI_COMM_WORLD
with errorcode 1.

NOTE: invoking MPI_ABORT causes Open MPI to kill all MPI processes.
You may or may not see output from other processes, depending on
exactly when Open MPI kills them.
--------------------------------------------------------------------------
                      :-) GROMACS - gmx grompp, 2022.2 (-:

Executable:   /home/gridsan/congwang/software/gromacs/bin/gmx_mpi
Data prefix:  /home/gridsan/congwang/software/gromacs
Working dir:  /home/gridsan/congwang/code/martini_sim/med125/martini/MARTINI_1by1/mole_only_5
Command line:
  gmx_mpi grompp -f step5.0_production.mdp -c npt.gro -t npt.cpt -p PROA.top -o prod.tpr


-------------------------------------------------------
Program:     gmx grompp, version 2022.2
Source file: src/gromacs/commandline/cmdlineparser.cpp (line 271)
Function:    void gmx::CommandLineParser::parse(int*, char**)

Error in user input:
Invalid command-line options
  In command-line option -c
    File 'npt.gro' does not exist or is not accessible.
    The file could not be opened.
      Reason: No such file or directory
      (call to fopen() returned error code 2)
  In command-line option -t
    File 'npt.cpt' does not exist or is not accessible.
    The file could not be opened.
      Reason: No such file or directory
      (call to fopen() returned error code 2)

For more information and tips for troubleshooting, please check the GROMACS
website at http://www.gromacs.org/Documentation/Errors
-------------------------------------------------------
--------------------------------------------------------------------------
MPI_ABORT was invoked on rank 0 in communicator MPI_COMM_WORLD
with errorcode 1.

NOTE: invoking MPI_ABORT causes Open MPI to kill all MPI processes.
You may or may not see output from other processes, depending on
exactly when Open MPI kills them.
--------------------------------------------------------------------------
                      :-) GROMACS - gmx mdrun, 2022.2 (-:

Executable:   /home/gridsan/congwang/software/gromacs/bin/gmx_mpi
Data prefix:  /home/gridsan/congwang/software/gromacs
Working dir:  /home/gridsan/congwang/code/martini_sim/med125/martini/MARTINI_1by1/mole_only_5
Command line:
  gmx_mpi mdrun -deffnm prod -dlb yes -maxh 191.9 -ntomp 5 -pin on -v


-------------------------------------------------------
Program:     gmx mdrun, version 2022.2
Source file: src/gromacs/options/options.cpp (line 177)
Function:    void gmx::internal::OptionSectionImpl::finish()

Error in user input:
Invalid input values
  In option s
    Required option was not provided, and the default file 'topol' does not
    exist or is not accessible.
    The following extensions were tried to complete the file name:
      .tpr

For more information and tips for troubleshooting, please check the GROMACS
website at http://www.gromacs.org/Documentation/Errors
-------------------------------------------------------
--------------------------------------------------------------------------
MPI_ABORT was invoked on rank 0 in communicator MPI_COMM_WORLD
with errorcode 1.

NOTE: invoking MPI_ABORT causes Open MPI to kill all MPI processes.
You may or may not see output from other processes, depending on
exactly when Open MPI kills them.
--------------------------------------------------------------------------
