Log file opened on Tue May 31 22:01:24 2022
Host: node444  pid: 167771  rank ID: 0  number of ranks:  16
                      :-) GROMACS - gmx mdrun, 2018.4 (-:

                            GROMACS is written by:
     Emile Apol      Rossen Apostolov      Paul Bauer     Herman J.C. Berendsen
    Par Bjelkmar    Aldert van Buuren   Rudi van Drunen     Anton Feenstra  
  Gerrit Groenhof    Aleksei Iupinov   Christoph Junghans   Anca Hamuraru   
 Vincent Hindriksen Dimitrios Karkoulis    Peter Kasson        Jiri Kraus    
  Carsten Kutzner      Per Larsson      Justin A. Lemkul    Viveca Lindahl  
  Magnus Lundborg   Pieter Meulenhoff    Erik Marklund      Teemu Murtola   
    Szilard Pall       Sander Pronk      Roland Schulz     Alexey Shvetsov  
   Michael Shirts     Alfons Sijbers     Peter Tieleman    Teemu Virolainen 
 Christian Wennberg    Maarten Wolf   
                           and the project leaders:
        Mark Abraham, Berk Hess, Erik Lindahl, and David van der Spoel

Copyright (c) 1991-2000, University of Groningen, The Netherlands.
Copyright (c) 2001-2017, The GROMACS development team at
Uppsala University, Stockholm University and
the Royal Institute of Technology, Sweden.
check out http://www.gromacs.org for more information.

GROMACS is free software; you can redistribute it and/or modify it
under the terms of the GNU Lesser General Public License
as published by the Free Software Foundation; either version 2.1
of the License, or (at your option) any later version.

GROMACS:      gmx mdrun, version 2018.4
Executable:   /home/aplatham2/Programs/gromacs-2018.4/bin/gmx_mpi
Data prefix:  /home/aplatham2/Programs/gromacs-2018.4
Working dir:  /nfs/pool002/users/aplatham2/chromatin/drug_env/hp1a/hp1a94
Command line:
  gmx_mpi mdrun -deffnm eq -dlb yes -table table_159.xvg -tablep table_smog159.xvg -maxh 47.9 -noddcheck -rdd 4

GROMACS version:    2018.4
Precision:          single
Memory model:       64 bit
MPI library:        MPI
OpenMP support:     enabled (GMX_OPENMP_MAX_THREADS = 64)
GPU support:        disabled
SIMD instructions:  AVX2_256
FFT library:        fftw-3.3.8-sse2-avx-avx2-avx2_128
RDTSCP usage:       enabled
TNG support:        enabled
Hwloc support:      hwloc-1.7
Tracing support:    disabled
Built on:           2018-12-21 00:53:11
Built by:           aplatham2@eofe7.cm.cluster [CMAKE]
Build OS/arch:      Linux 3.10.0-229.el7.x86_64 x86_64
Build CPU vendor:   Intel
Build CPU brand:    Intel(R) Xeon(R) CPU E5-2650 v3 @ 2.30GHz
Build CPU family:   6   Model: 63   Stepping: 2
Build CPU features: aes apic avx avx2 clfsh cmov cx8 cx16 f16c fma htt intel lahf mmx msr nonstop_tsc pcid pclmuldq pdcm pdpe1gb popcnt pse rdrnd rdtscp sse2 sse3 sse4.1 sse4.2 ssse3 tdt x2apic
C compiler:         /cm/shared/engaging/openmpi/2.0.3/bin/mpicc GNU 4.8.4
C compiler flags:    -march=core-avx2     -O3 -DNDEBUG -funroll-all-loops -fexcess-precision=fast  
C++ compiler:       /cm/shared/engaging/openmpi/2.0.3/bin/mpic++ GNU 4.8.4
C++ compiler flags:  -march=core-avx2    -std=c++11   -O3 -DNDEBUG -funroll-all-loops -fexcess-precision=fast  


Running on 1 node with total 56 cores, 56 logical cores
Hardware detected on host node444 (the node of MPI rank 0):
  CPU info:
    Vendor: Intel
    Brand:  Intel(R) Xeon(R) CPU E5-2690 v4 @ 2.60GHz
    Family: 6   Model: 79   Stepping: 1
    Features: aes apic avx avx2 clfsh cmov cx8 cx16 f16c fma hle htt intel lahf mmx msr nonstop_tsc pcid pclmuldq pdcm pdpe1gb popcnt pse rdrnd rdtscp rtm sse2 sse3 sse4.1 sse4.2 ssse3 tdt x2apic
  Hardware topology: Only logical processor count


++++ PLEASE READ AND CITE THE FOLLOWING REFERENCE ++++
M. J. Abraham, T. Murtola, R. Schulz, S. Páll, J. C. Smith, B. Hess, E.
Lindahl
GROMACS: High performance molecular simulations through multi-level
parallelism from laptops to supercomputers
SoftwareX 1 (2015) pp. 19-25
-------- -------- --- Thank You --- -------- --------


++++ PLEASE READ AND CITE THE FOLLOWING REFERENCE ++++
S. Páll, M. J. Abraham, C. Kutzner, B. Hess, E. Lindahl
Tackling Exascale Software Challenges in Molecular Dynamics Simulations with
GROMACS
In S. Markidis & E. Laure (Eds.), Solving Software Challenges for Exascale 8759 (2015) pp. 3-27
-------- -------- --- Thank You --- -------- --------


++++ PLEASE READ AND CITE THE FOLLOWING REFERENCE ++++
S. Pronk, S. Páll, R. Schulz, P. Larsson, P. Bjelkmar, R. Apostolov, M. R.
Shirts, J. C. Smith, P. M. Kasson, D. van der Spoel, B. Hess, and E. Lindahl
GROMACS 4.5: a high-throughput and highly parallel open source molecular
simulation toolkit
Bioinformatics 29 (2013) pp. 845-54
-------- -------- --- Thank You --- -------- --------


++++ PLEASE READ AND CITE THE FOLLOWING REFERENCE ++++
B. Hess and C. Kutzner and D. van der Spoel and E. Lindahl
GROMACS 4: Algorithms for highly efficient, load-balanced, and scalable
molecular simulation
J. Chem. Theory Comput. 4 (2008) pp. 435-447
-------- -------- --- Thank You --- -------- --------


++++ PLEASE READ AND CITE THE FOLLOWING REFERENCE ++++
D. van der Spoel, E. Lindahl, B. Hess, G. Groenhof, A. E. Mark and H. J. C.
Berendsen
GROMACS: Fast, Flexible and Free
J. Comp. Chem. 26 (2005) pp. 1701-1719
-------- -------- --- Thank You --- -------- --------


++++ PLEASE READ AND CITE THE FOLLOWING REFERENCE ++++
E. Lindahl and B. Hess and D. van der Spoel
GROMACS 3.0: A package for molecular simulation and trajectory analysis
J. Mol. Mod. 7 (2001) pp. 306-317
-------- -------- --- Thank You --- -------- --------


++++ PLEASE READ AND CITE THE FOLLOWING REFERENCE ++++
H. J. C. Berendsen, D. van der Spoel and R. van Drunen
GROMACS: A message-passing parallel molecular dynamics implementation
Comp. Phys. Comm. 91 (1995) pp. 43-56
-------- -------- --- Thank You --- -------- --------

Input Parameters:
   integrator                     = sd
   tinit                          = 0
   dt                             = 0.01
   nsteps                         = 10000000
   init-step                      = 0
   simulation-part                = 1
   comm-mode                      = Linear
   nstcomm                        = 100
   bd-fric                        = 0
   ld-seed                        = 90232
   emtol                          = 10
   emstep                         = 0.01
   niter                          = 20
   fcstep                         = 0
   nstcgsteep                     = 1000
   nbfgscorr                      = 10
   rtpi                           = 0.05
   nstxout                        = 0
   nstvout                        = 0
   nstfout                        = 0
   nstlog                         = 100000
   nstcalcenergy                  = 100
   nstenergy                      = 100000
   nstxout-compressed             = 100000
   compressed-x-precision         = 1000
   cutoff-scheme                  = Group
   nstlist                        = 20
   ns-type                        = Grid
   pbc                            = xyz
   periodic-molecules             = false
   verlet-buffer-tolerance        = 0.005
   rlist                          = 2
   coulombtype                    = User
   coulomb-modifier               = None
   rcoulomb-switch                = 0
   rcoulomb                       = 2
   epsilon-r                      = 1
   epsilon-rf                     = inf
   vdw-type                       = User
   vdw-modifier                   = None
   rvdw-switch                    = 1.5
   rvdw                           = 2
   DispCorr                       = No
   table-extension                = 10
   fourierspacing                 = 0.12
   fourier-nx                     = 0
   fourier-ny                     = 0
   fourier-nz                     = 0
   pme-order                      = 4
   ewald-rtol                     = 1e-05
   ewald-rtol-lj                  = 0.001
   lj-pme-comb-rule               = Geometric
   ewald-geometry                 = 0
   epsilon-surface                = 0
   implicit-solvent               = No
   gb-algorithm                   = Still
   nstgbradii                     = 1
   rgbradii                       = 1
   gb-epsilon-solvent             = 80
   gb-saltconc                    = 0
   gb-obc-alpha                   = 1
   gb-obc-beta                    = 0.8
   gb-obc-gamma                   = 4.85
   gb-dielectric-offset           = 0.009
   sa-algorithm                   = Ace-approximation
   sa-surface-tension             = 2.05016
   tcoupl                         = No
   nsttcouple                     = -1
   nh-chain-length                = 0
   print-nose-hoover-chain-variables = false
   pcoupl                         = Parrinello-Rahman
   pcoupltype                     = Isotropic
   nstpcouple                     = 5
   tau-p                          = 1
   compressibility (3x3):
      compressibility[    0]={ 4.50000e-05,  0.00000e+00,  0.00000e+00}
      compressibility[    1]={ 0.00000e+00,  4.50000e-05,  0.00000e+00}
      compressibility[    2]={ 0.00000e+00,  0.00000e+00,  4.50000e-05}
   ref-p (3x3):
      ref-p[    0]={ 1.00000e+00,  0.00000e+00,  0.00000e+00}
      ref-p[    1]={ 0.00000e+00,  1.00000e+00,  0.00000e+00}
      ref-p[    2]={ 0.00000e+00,  0.00000e+00,  1.00000e+00}
   refcoord-scaling               = No
   posres-com (3):
      posres-com[0]= 0.00000e+00
      posres-com[1]= 0.00000e+00
      posres-com[2]= 0.00000e+00
   posres-comB (3):
      posres-comB[0]= 0.00000e+00
      posres-comB[1]= 0.00000e+00
      posres-comB[2]= 0.00000e+00
   QMMM                           = false
   QMconstraints                  = 0
   QMMMscheme                     = 0
   MMChargeScaleFactor            = 1
qm-opts:
   ngQM                           = 0
   constraint-algorithm           = Lincs
   continuation                   = false
   Shake-SOR                      = false
   shake-tol                      = 0.0001
   lincs-order                    = 4
   lincs-iter                     = 1
   lincs-warnangle                = 30
   nwall                          = 0
   wall-type                      = 9-3
   wall-r-linpot                  = -1
   wall-atomtype[0]               = -1
   wall-atomtype[1]               = -1
   wall-density[0]                = 0
   wall-density[1]                = 0
   wall-ewald-zfac                = 3
   pull                           = false
   awh                            = false
   rotation                       = false
   interactiveMD                  = false
   disre                          = No
   disre-weighting                = Conservative
   disre-mixed                    = false
   dr-fc                          = 1000
   dr-tau                         = 0
   nstdisreout                    = 100
   orire-fc                       = 0
   orire-tau                      = 0
   nstorireout                    = 100
   free-energy                    = no
   cos-acceleration               = 0
   deform (3x3):
      deform[    0]={ 0.00000e+00,  0.00000e+00,  0.00000e+00}
      deform[    1]={ 0.00000e+00,  0.00000e+00,  0.00000e+00}
      deform[    2]={ 0.00000e+00,  0.00000e+00,  0.00000e+00}
   simulated-tempering            = false
   swapcoords                     = no
   userint1                       = 0
   userint2                       = 0
   userint3                       = 0
   userint4                       = 0
   userreal1                      = 0
   userreal2                      = 0
   userreal3                      = 0
   userreal4                      = 0
   applied-forces:
     electric-field:
       x:
         E0                       = 0
         omega                    = 0
         t0                       = 0
         sigma                    = 0
       y:
         E0                       = 0
         omega                    = 0
         t0                       = 0
         sigma                    = 0
       z:
         E0                       = 0
         omega                    = 0
         t0                       = 0
         sigma                    = 0
grpopts:
   nrdf:       53859
   ref-t:         150
   tau-t:           1
annealing:          No
annealing-npoints:           0
   acc:	           0           0           0
   nfreeze:           N           N           N
   energygrp-flags[  0]: 0


Initializing Domain Decomposition on 16 ranks
Dynamic load balancing: on
Minimum cell size due to atom displacement: 0.192 nm
Minimum cell size due to bonded interactions: 4.000 nm
Scaling the initial minimum size with 1/0.8 (option -dds) = 1.25
Optimizing the DD grid for 16 cells with a minimum initial size of 5.000 nm
The maximum allowed number of cells is: X 20 Y 20 Z 20
Domain decomposition grid 4 x 2 x 2, separate PME ranks 0
Domain decomposition rank 0, coordinates 0 0 0

The maximum number of communication pulses is: X 1 Y 1 Z 1
The minimum size for domain decomposition cells is 4.000 nm
The requested allowed shrink of DD cells (option -dds) is: 0.80
The allowed shrink of domain decomposition cells is: X 0.16 Y 0.08 Z 0.08
The maximum allowed distance for charge groups involved in interactions is:
                 non-bonded interactions           2.000 nm
            two-body bonded interactions  (-rdd)   4.000 nm
          multi-body bonded interactions  (-rdd)   4.000 nm

Using 16 MPI processes


Non-default thread affinity set probably by the OpenMP library,
disabling internal thread affinity

NOTE: This file uses the deprecated 'group' cutoff_scheme. This will be
removed in a future release when 'verlet' supports all interaction forms.

System total charge: -235.000
Potential shift: LJ r^-12: 0.000e+00 r^-6: 0.000e+00
Table routines are used for coulomb: true
Table routines are used for vdw:     true
Cut-off's:   NS: 2   Coulomb: 2   LJ: 2
Read user tables from table_159.xvg with 15001 data points.
Tabscale = 500 points/nm

WARNING: For the 740 non-zero entries for table 0 in table_159.xvg the forces deviate on average 59% from minus the numerical derivative of the potential

Read user tables from table_smog159.xvg with 15001 data points.
Tabscale = 500 points/nm

WARNING: For the 740 non-zero entries for table 0 in table_smog159.xvg the forces deviate on average 59% from minus the numerical derivative of the potential


Removing pbc first time

Linking all bonded interactions to atoms


Intra-simulation communication will occur every 5 steps.
Center of mass motion removal mode is Linear
We have the following groups for center of mass motion removal:
  0:  rest

++++ PLEASE READ AND CITE THE FOLLOWING REFERENCE ++++
N. Goga and A. J. Rzepiela and A. H. de Vries and S. J. Marrink and H. J. C.
Berendsen
Efficient Algorithms for Langevin and DPD Dynamics
J. Chem. Theory Comput. 8 (2012) pp. 3637--3649
-------- -------- --- Thank You --- -------- --------

There are: 17954 Atoms
Atom distribution over 16 domains: av 1122 stddev 347 min 543 max 1814
Grid: 15 x 26 x 26 cells
Initial temperature: 150.002 K

Started mdrun on rank 0 Tue May 31 22:01:25 2022
           Step           Time
              0        0.00000


   Energies (kJ/mol)
           Bond          Angle    Proper Dih.          LJ-14     Coulomb-14
    2.26360e+02    1.22757e+02    1.06785e+02   -1.57294e+05   -5.13788e+02
        LJ (SR)   Coulomb (SR)      Potential    Kinetic En.   Total Energy
   -5.03786e+03   -1.16514e+03   -1.63555e+05    3.36017e+04   -1.29953e+05
    Temperature Pressure (bar)
    1.50072e+02    3.90364e-01

DD  step 19  vol min/aver 1.000  load imb.: force 46.9%

DD  step 99999  vol min/aver 0.431  load imb.: force  0.5%

           Step           Time
         100000     1000.00000

   Energies (kJ/mol)
           Bond          Angle    Proper Dih.          LJ-14     Coulomb-14
    9.51488e+03    9.37329e+03    1.22208e+04   -1.47255e+05   -4.77148e+02
        LJ (SR)   Coulomb (SR)      Potential    Kinetic En.   Total Energy
   -1.43052e+04   -3.17520e+03   -1.34103e+05    3.39954e+04   -1.00108e+05
    Temperature Pressure (bar)
    1.51830e+02    1.75417e+00

DD  step 199999  vol min/aver 0.461  load imb.: force  0.4%

           Step           Time
         200000     2000.00000

   Energies (kJ/mol)
           Bond          Angle    Proper Dih.          LJ-14     Coulomb-14
    9.57199e+03    9.40453e+03    1.24390e+04   -1.47204e+05   -4.83644e+02
        LJ (SR)   Coulomb (SR)      Potential    Kinetic En.   Total Energy
   -1.58723e+04   -3.51358e+03   -1.35658e+05    3.36685e+04   -1.01990e+05
    Temperature Pressure (bar)
    1.50370e+02    7.74200e-01

DD  step 299999  vol min/aver 0.575  load imb.: force  0.4%

           Step           Time
         300000     3000.00000

   Energies (kJ/mol)
           Bond          Angle    Proper Dih.          LJ-14     Coulomb-14
    9.66365e+03    9.36775e+03    1.23760e+04   -1.47298e+05   -4.94030e+02
        LJ (SR)   Coulomb (SR)      Potential    Kinetic En.   Total Energy
   -1.63687e+04   -3.77966e+03   -1.36533e+05    3.35447e+04   -1.02988e+05
    Temperature Pressure (bar)
    1.49817e+02    6.41419e+00

DD  step 399999  vol min/aver 0.557  load imb.: force  0.8%

           Step           Time
         400000     4000.00000

   Energies (kJ/mol)
           Bond          Angle    Proper Dih.          LJ-14     Coulomb-14
    9.60498e+03    9.37290e+03    1.21691e+04   -1.47247e+05   -5.11385e+02
        LJ (SR)   Coulomb (SR)      Potential    Kinetic En.   Total Energy
   -1.67453e+04   -3.83033e+03   -1.37187e+05    3.38102e+04   -1.03377e+05
    Temperature Pressure (bar)
    1.51003e+02    7.39556e-01

DD  step 499999  vol min/aver 0.480  load imb.: force  0.7%

           Step           Time
         500000     5000.00000

   Energies (kJ/mol)
           Bond          Angle    Proper Dih.          LJ-14     Coulomb-14
    9.52195e+03    9.57998e+03    1.23627e+04   -1.47093e+05   -4.92317e+02
        LJ (SR)   Coulomb (SR)      Potential    Kinetic En.   Total Energy
   -1.73178e+04   -3.90795e+03   -1.37347e+05    3.34489e+04   -1.03898e+05
    Temperature Pressure (bar)
    1.49389e+02    4.26398e+00

DD  step 599999  vol min/aver 0.457  load imb.: force  0.3%

           Step           Time
         600000     6000.00000

   Energies (kJ/mol)
           Bond          Angle    Proper Dih.          LJ-14     Coulomb-14
    9.49236e+03    9.24551e+03    1.22632e+04   -1.47220e+05   -4.80549e+02
        LJ (SR)   Coulomb (SR)      Potential    Kinetic En.   Total Energy
   -1.74806e+04   -4.03874e+03   -1.38219e+05    3.34844e+04   -1.04734e+05
    Temperature Pressure (bar)
    1.49548e+02    3.95948e-01

Writing checkpoint, step 603880 at Tue May 31 22:16:25 2022


DD  step 699999  vol min/aver 0.567  load imb.: force  0.8%

           Step           Time
         700000     7000.00000

   Energies (kJ/mol)
           Bond          Angle    Proper Dih.          LJ-14     Coulomb-14
    9.61129e+03    9.49823e+03    1.23943e+04   -1.47188e+05   -5.12325e+02
        LJ (SR)   Coulomb (SR)      Potential    Kinetic En.   Total Energy
   -1.76540e+04   -4.00717e+03   -1.37858e+05    3.35133e+04   -1.04345e+05
    Temperature Pressure (bar)
    1.49677e+02    5.28600e+00

DD  step 799999  vol min/aver 0.442  load imb.: force  0.5%

           Step           Time
         800000     8000.00000

   Energies (kJ/mol)
           Bond          Angle    Proper Dih.          LJ-14     Coulomb-14
    9.57908e+03    9.29196e+03    1.21952e+04   -1.47024e+05   -4.89927e+02
        LJ (SR)   Coulomb (SR)      Potential    Kinetic En.   Total Energy
   -1.78504e+04   -4.07331e+03   -1.38371e+05    3.36843e+04   -1.04687e+05
    Temperature Pressure (bar)
    1.50441e+02    2.29708e+00

DD  step 899999  vol min/aver 0.489  load imb.: force  0.7%

           Step           Time
         900000     9000.00000

   Energies (kJ/mol)
           Bond          Angle    Proper Dih.          LJ-14     Coulomb-14
    9.72588e+03    9.49864e+03    1.22450e+04   -1.47187e+05   -4.93964e+02
        LJ (SR)   Coulomb (SR)      Potential    Kinetic En.   Total Energy
   -1.79276e+04   -4.08371e+03   -1.38223e+05    3.33189e+04   -1.04904e+05
    Temperature Pressure (bar)
    1.48809e+02    6.07825e+00

Writing checkpoint, step 986480 at Tue May 31 22:31:26 2022


DD  step 999999  vol min/aver 0.446  load imb.: force  0.6%

           Step           Time
        1000000    10000.00000

   Energies (kJ/mol)
           Bond          Angle    Proper Dih.          LJ-14     Coulomb-14
    9.58706e+03    9.28767e+03    1.20073e+04   -1.47179e+05   -5.04169e+02
        LJ (SR)   Coulomb (SR)      Potential    Kinetic En.   Total Energy
   -1.82274e+04   -4.08439e+03   -1.39113e+05    3.37480e+04   -1.05365e+05
    Temperature Pressure (bar)
    1.50725e+02    9.81043e-01

Writing checkpoint, step 1058840 at Tue May 31 22:46:26 2022


DD  step 1099999  vol min/aver 0.469  load imb.: force  1.3%

           Step           Time
        1100000    11000.00000

   Energies (kJ/mol)
           Bond          Angle    Proper Dih.          LJ-14     Coulomb-14
    9.60566e+03    9.45465e+03    1.24391e+04   -1.47242e+05   -4.85587e+02
        LJ (SR)   Coulomb (SR)      Potential    Kinetic En.   Total Energy
   -1.85368e+04   -4.18766e+03   -1.38953e+05    3.35347e+04   -1.05418e+05
    Temperature Pressure (bar)
    1.49772e+02   -3.84007e+00

Writing checkpoint, step 1122400 at Tue May 31 23:01:26 2022


Writing checkpoint, step 1165240 at Tue May 31 23:16:26 2022


DD  step 1199999  vol min/aver 0.481  load imb.: force  0.6%

           Step           Time
        1200000    12000.00000

   Energies (kJ/mol)
           Bond          Angle    Proper Dih.          LJ-14     Coulomb-14
    9.61499e+03    9.51298e+03    1.22785e+04   -1.47096e+05   -4.90443e+02
        LJ (SR)   Coulomb (SR)      Potential    Kinetic En.   Total Energy
   -1.84642e+04   -4.18305e+03   -1.38827e+05    3.36672e+04   -1.05160e+05
    Temperature Pressure (bar)
    1.50364e+02   -1.06754e+00

DD  step 1299999  vol min/aver 0.480  load imb.: force  0.5%

           Step           Time
        1300000    13000.00000

   Energies (kJ/mol)
           Bond          Angle    Proper Dih.          LJ-14     Coulomb-14
    9.69891e+03    9.35332e+03    1.21133e+04   -1.47178e+05   -4.99450e+02
        LJ (SR)   Coulomb (SR)      Potential    Kinetic En.   Total Energy
   -1.86225e+04   -4.24867e+03   -1.39383e+05    3.36537e+04   -1.05729e+05
    Temperature Pressure (bar)
    1.50304e+02    7.73700e-01

Writing checkpoint, step 1334800 at Tue May 31 23:31:26 2022


Writing checkpoint, step 1359200 at Tue May 31 23:46:26 2022


DD  step 1399999  vol min/aver 0.474  load imb.: force  0.9%

           Step           Time
        1400000    14000.00000

   Energies (kJ/mol)
           Bond          Angle    Proper Dih.          LJ-14     Coulomb-14
    9.57554e+03    9.31527e+03    1.23752e+04   -1.47004e+05   -4.82023e+02
        LJ (SR)   Coulomb (SR)      Potential    Kinetic En.   Total Energy
   -1.89441e+04   -4.18650e+03   -1.39351e+05    3.36665e+04   -1.05684e+05
    Temperature Pressure (bar)
    1.50361e+02    2.53415e-01

DD  step 1499999  vol min/aver 0.524  load imb.: force  0.6%

           Step           Time
        1500000    15000.00000

   Energies (kJ/mol)
           Bond          Angle    Proper Dih.          LJ-14     Coulomb-14
    9.68452e+03    9.34666e+03    1.23404e+04   -1.47289e+05   -4.92164e+02
        LJ (SR)   Coulomb (SR)      Potential    Kinetic En.   Total Energy
   -1.87936e+04   -4.21648e+03   -1.39420e+05    3.35768e+04   -1.05843e+05
    Temperature Pressure (bar)
    1.49960e+02   -3.84372e-01

Writing checkpoint, step 1547120 at Wed Jun  1 00:01:25 2022


DD  step 1599999  vol min/aver 0.512  load imb.: force  0.6%

           Step           Time
        1600000    16000.00000

   Energies (kJ/mol)
           Bond          Angle    Proper Dih.          LJ-14     Coulomb-14
    9.51167e+03    9.51857e+03    1.24431e+04   -1.47129e+05   -5.06663e+02
        LJ (SR)   Coulomb (SR)      Potential    Kinetic En.   Total Energy
   -1.90015e+04   -4.19591e+03   -1.39360e+05    3.35330e+04   -1.05827e+05
    Temperature Pressure (bar)
    1.49765e+02    2.48113e+00

Writing checkpoint, step 1656280 at Wed Jun  1 00:16:27 2022


DD  step 1699999  vol min/aver 0.677  load imb.: force  0.6%

           Step           Time
        1700000    17000.00000

   Energies (kJ/mol)
           Bond          Angle    Proper Dih.          LJ-14     Coulomb-14
    9.67935e+03    9.31313e+03    1.23257e+04   -1.47202e+05   -4.95631e+02
        LJ (SR)   Coulomb (SR)      Potential    Kinetic En.   Total Energy
   -1.90111e+04   -4.28014e+03   -1.39670e+05    3.35913e+04   -1.06079e+05
    Temperature Pressure (bar)
    1.50025e+02    1.48367e+00

DD  step 1799999  vol min/aver 0.551  load imb.: force  0.5%

           Step           Time
        1800000    18000.00000

   Energies (kJ/mol)
           Bond          Angle    Proper Dih.          LJ-14     Coulomb-14
    9.65197e+03    9.37003e+03    1.22297e+04   -1.47249e+05   -4.85102e+02
        LJ (SR)   Coulomb (SR)      Potential    Kinetic En.   Total Energy
   -1.88315e+04   -4.25327e+03   -1.39567e+05    3.32963e+04   -1.06271e+05
    Temperature Pressure (bar)
    1.48708e+02   -1.22320e+00

Writing checkpoint, step 1883700 at Wed Jun  1 00:31:27 2022


DD  step 1899999  vol min/aver 0.565  load imb.: force  0.6%

           Step           Time
        1900000    19000.00000

   Energies (kJ/mol)
           Bond          Angle    Proper Dih.          LJ-14     Coulomb-14
    9.69792e+03    9.22652e+03    1.21214e+04   -1.47263e+05   -5.11027e+02
        LJ (SR)   Coulomb (SR)      Potential    Kinetic En.   Total Energy
   -1.92293e+04   -4.29233e+03   -1.40250e+05    3.36083e+04   -1.06642e+05
    Temperature Pressure (bar)
    1.50101e+02    5.35975e+00

DD  step 1999999  vol min/aver 0.484  load imb.: force  1.0%

           Step           Time
        2000000    20000.00000

   Energies (kJ/mol)
           Bond          Angle    Proper Dih.          LJ-14     Coulomb-14
    9.55582e+03    9.30499e+03    1.21102e+04   -1.47190e+05   -5.06040e+02
        LJ (SR)   Coulomb (SR)      Potential    Kinetic En.   Total Energy
   -1.92016e+04   -4.35633e+03   -1.40283e+05    3.36084e+04   -1.06674e+05
    Temperature Pressure (bar)
    1.50102e+02    4.42597e+00

DD  step 2099999  vol min/aver 0.526  load imb.: force  0.5%

           Step           Time
        2100000    21000.00000

   Energies (kJ/mol)
           Bond          Angle    Proper Dih.          LJ-14     Coulomb-14
    9.61928e+03    9.44024e+03    1.22731e+04   -1.47112e+05   -4.88487e+02
        LJ (SR)   Coulomb (SR)      Potential    Kinetic En.   Total Energy
   -1.92280e+04   -4.37858e+03   -1.39875e+05    3.39023e+04   -1.05972e+05
    Temperature Pressure (bar)
    1.51414e+02   -6.17998e-01

Writing checkpoint, step 2160420 at Wed Jun  1 00:46:26 2022


DD  step 2199999  vol min/aver 0.524  load imb.: force  0.6%

           Step           Time
        2200000    22000.00000

   Energies (kJ/mol)
           Bond          Angle    Proper Dih.          LJ-14     Coulomb-14
    9.81928e+03    9.26963e+03    1.23231e+04   -1.47013e+05   -4.88676e+02
        LJ (SR)   Coulomb (SR)      Potential    Kinetic En.   Total Energy
   -1.94711e+04   -4.26696e+03   -1.39828e+05    3.31905e+04   -1.06637e+05
    Temperature Pressure (bar)
    1.48235e+02    1.68565e+00

DD  step 2299999  vol min/aver 0.565  load imb.: force  0.7%

           Step           Time
        2300000    23000.00000

   Energies (kJ/mol)
           Bond          Angle    Proper Dih.          LJ-14     Coulomb-14
    9.79387e+03    9.50046e+03    1.23118e+04   -1.47111e+05   -4.81470e+02
        LJ (SR)   Coulomb (SR)      Potential    Kinetic En.   Total Energy
   -1.95346e+04   -4.41470e+03   -1.39936e+05    3.37712e+04   -1.06165e+05
    Temperature Pressure (bar)
    1.50829e+02    2.01631e+00

Writing checkpoint, step 2308780 at Wed Jun  1 01:01:25 2022


DD  step 2399999  vol min/aver 0.526  load imb.: force  0.8%

           Step           Time
        2400000    24000.00000

   Energies (kJ/mol)
           Bond          Angle    Proper Dih.          LJ-14     Coulomb-14
    9.70365e+03    9.46846e+03    1.22587e+04   -1.47068e+05   -5.00413e+02
        LJ (SR)   Coulomb (SR)      Potential    Kinetic En.   Total Energy
   -1.94938e+04   -4.36033e+03   -1.39991e+05    3.35547e+04   -1.06437e+05
    Temperature Pressure (bar)
    1.49862e+02    1.29592e+00

Writing checkpoint, step 2441840 at Wed Jun  1 01:16:26 2022


DD  step 2499999  vol min/aver 0.540  load imb.: force  0.7%

           Step           Time
        2500000    25000.00000

   Energies (kJ/mol)
           Bond          Angle    Proper Dih.          LJ-14     Coulomb-14
    9.74454e+03    9.47097e+03    1.20068e+04   -1.47553e+05   -5.00582e+02
        LJ (SR)   Coulomb (SR)      Potential    Kinetic En.   Total Energy
   -1.93060e+04   -4.40278e+03   -1.40540e+05    3.33006e+04   -1.07239e+05
    Temperature Pressure (bar)
    1.48727e+02    7.87785e-01

Writing checkpoint, step 2555900 at Wed Jun  1 01:31:26 2022


DD  step 2599999  vol min/aver 0.528  load imb.: force  0.7%

           Step           Time
        2600000    26000.00000

   Energies (kJ/mol)
           Bond          Angle    Proper Dih.          LJ-14     Coulomb-14
    9.79762e+03    9.26945e+03    1.22569e+04   -1.47215e+05   -5.00441e+02
        LJ (SR)   Coulomb (SR)      Potential    Kinetic En.   Total Energy
   -1.97266e+04   -4.21498e+03   -1.40333e+05    3.36293e+04   -1.06704e+05
    Temperature Pressure (bar)
    1.50195e+02    4.75433e-01

Writing checkpoint, step 2678220 at Wed Jun  1 01:46:26 2022


DD  step 2699999  vol min/aver 0.659  load imb.: force  0.8%

           Step           Time
        2700000    27000.00000

   Energies (kJ/mol)
           Bond          Angle    Proper Dih.          LJ-14     Coulomb-14
    9.54746e+03    9.50668e+03    1.20826e+04   -1.47108e+05   -5.03606e+02
        LJ (SR)   Coulomb (SR)      Potential    Kinetic En.   Total Energy
   -1.92099e+04   -4.45597e+03   -1.40141e+05    3.35803e+04   -1.06561e+05
    Temperature Pressure (bar)
    1.49976e+02    1.38403e+00

DD  step 2799999  vol min/aver 0.677  load imb.: force  0.6%

           Step           Time
        2800000    28000.00000

   Energies (kJ/mol)
           Bond          Angle    Proper Dih.          LJ-14     Coulomb-14
    9.69470e+03    9.21143e+03    1.21849e+04   -1.47158e+05   -4.87098e+02
        LJ (SR)   Coulomb (SR)      Potential    Kinetic En.   Total Energy
   -1.95835e+04   -4.41788e+03   -1.40556e+05    3.36178e+04   -1.06938e+05
    Temperature Pressure (bar)
    1.50144e+02   -1.89015e+00

Writing checkpoint, step 2837220 at Wed Jun  1 02:01:25 2022


DD  step 2899999  vol min/aver 0.720  load imb.: force  0.4%

           Step           Time
        2900000    29000.00000

   Energies (kJ/mol)
           Bond          Angle    Proper Dih.          LJ-14     Coulomb-14
    9.52655e+03    9.45799e+03    1.21532e+04   -1.47182e+05   -4.87801e+02
        LJ (SR)   Coulomb (SR)      Potential    Kinetic En.   Total Energy
   -1.95143e+04   -4.45051e+03   -1.40497e+05    3.34011e+04   -1.07096e+05
    Temperature Pressure (bar)
    1.49176e+02    2.89939e+00

Writing checkpoint, step 2985880 at Wed Jun  1 02:16:26 2022


DD  step 2999999  vol min/aver 0.669  load imb.: force  2.6%

           Step           Time
        3000000    30000.00000

   Energies (kJ/mol)
           Bond          Angle    Proper Dih.          LJ-14     Coulomb-14
    9.52567e+03    9.39302e+03    1.22416e+04   -1.47204e+05   -5.01967e+02
        LJ (SR)   Coulomb (SR)      Potential    Kinetic En.   Total Energy
   -1.93801e+04   -4.37931e+03   -1.40305e+05    3.31198e+04   -1.07185e+05
    Temperature Pressure (bar)
    1.47920e+02   -1.70474e+00

Writing checkpoint, step 3056060 at Wed Jun  1 02:31:25 2022


DD  step 3099999  vol min/aver 0.656  load imb.: force  0.7%

           Step           Time
        3100000    31000.00000

   Energies (kJ/mol)
           Bond          Angle    Proper Dih.          LJ-14     Coulomb-14
    9.46150e+03    9.47736e+03    1.21509e+04   -1.47218e+05   -4.87856e+02
        LJ (SR)   Coulomb (SR)      Potential    Kinetic En.   Total Energy
   -1.93918e+04   -4.48291e+03   -1.40491e+05    3.38416e+04   -1.06649e+05
    Temperature Pressure (bar)
    1.51143e+02    1.00485e+00

Writing checkpoint, step 3188380 at Wed Jun  1 02:46:25 2022


DD  step 3199999  vol min/aver 0.720  load imb.: force  0.6%

           Step           Time
        3200000    32000.00000

   Energies (kJ/mol)
           Bond          Angle    Proper Dih.          LJ-14     Coulomb-14
    9.42283e+03    9.42355e+03    1.21835e+04   -1.47083e+05   -4.93790e+02
        LJ (SR)   Coulomb (SR)      Potential    Kinetic En.   Total Energy
   -1.93616e+04   -4.50665e+03   -1.40415e+05    3.35790e+04   -1.06836e+05
    Temperature Pressure (bar)
    1.49970e+02    1.93627e+00

Writing checkpoint, step 3281520 at Wed Jun  1 03:01:26 2022


DD  step 3299999  vol min/aver 0.720  load imb.: force  0.6%

           Step           Time
        3300000    33000.00000

   Energies (kJ/mol)
           Bond          Angle    Proper Dih.          LJ-14     Coulomb-14
    9.48762e+03    9.24026e+03    1.22862e+04   -1.47024e+05   -4.94871e+02
        LJ (SR)   Coulomb (SR)      Potential    Kinetic En.   Total Energy
   -1.95602e+04   -4.48381e+03   -1.40548e+05    3.34522e+04   -1.07096e+05
    Temperature Pressure (bar)
    1.49404e+02   -1.70811e+00

Writing checkpoint, step 3390880 at Wed Jun  1 03:16:26 2022


DD  step 3399999  vol min/aver 0.711  load imb.: force  0.7%

           Step           Time
        3400000    34000.00000

   Energies (kJ/mol)
           Bond          Angle    Proper Dih.          LJ-14     Coulomb-14
    9.38251e+03    9.25954e+03    1.24805e+04   -1.47024e+05   -5.12523e+02
        LJ (SR)   Coulomb (SR)      Potential    Kinetic En.   Total Energy
   -1.95452e+04   -4.62786e+03   -1.40587e+05    3.39124e+04   -1.06675e+05
    Temperature Pressure (bar)
    1.51459e+02   -4.48872e+00

DD  step 3499999  vol min/aver 0.699  load imb.: force  1.1%

           Step           Time
        3500000    35000.00000

   Energies (kJ/mol)
           Bond          Angle    Proper Dih.          LJ-14     Coulomb-14
    9.62275e+03    9.44779e+03    1.25017e+04   -1.47121e+05   -4.90755e+02
        LJ (SR)   Coulomb (SR)      Potential    Kinetic En.   Total Energy
   -1.97545e+04   -4.44522e+03   -1.40239e+05    3.32471e+04   -1.06992e+05
    Temperature Pressure (bar)
    1.48488e+02    4.70250e+00

Writing checkpoint, step 3551880 at Wed Jun  1 03:31:27 2022


DD  step 3599999  vol min/aver 0.710  load imb.: force  0.5%

           Step           Time
        3600000    36000.00000

   Energies (kJ/mol)
           Bond          Angle    Proper Dih.          LJ-14     Coulomb-14
    9.54455e+03    9.30853e+03    1.23941e+04   -1.47210e+05   -4.93564e+02
        LJ (SR)   Coulomb (SR)      Potential    Kinetic En.   Total Energy
   -1.96095e+04   -4.50897e+03   -1.40575e+05    3.39453e+04   -1.06629e+05
    Temperature Pressure (bar)
    1.51606e+02    2.21214e+00

DD  step 3699999  vol min/aver 0.691  load imb.: force  0.8%

           Step           Time
        3700000    37000.00000

   Energies (kJ/mol)
           Bond          Angle    Proper Dih.          LJ-14     Coulomb-14
    9.57439e+03    9.39246e+03    1.23667e+04   -1.47135e+05   -4.96336e+02
        LJ (SR)   Coulomb (SR)      Potential    Kinetic En.   Total Energy
   -1.96290e+04   -4.47195e+03   -1.40399e+05    3.37203e+04   -1.06678e+05
    Temperature Pressure (bar)
    1.50601e+02    3.22011e+00

Writing checkpoint, step 3759740 at Wed Jun  1 03:46:25 2022


DD  step 3799999  vol min/aver 0.715  load imb.: force  2.8%

           Step           Time
        3800000    38000.00000

   Energies (kJ/mol)
           Bond          Angle    Proper Dih.          LJ-14     Coulomb-14
    9.57061e+03    9.42075e+03    1.20216e+04   -1.47241e+05   -4.88578e+02
        LJ (SR)   Coulomb (SR)      Potential    Kinetic En.   Total Energy
   -1.95501e+04   -4.58430e+03   -1.40851e+05    3.36690e+04   -1.07182e+05
    Temperature Pressure (bar)
    1.50372e+02    2.78924e+00

DD  step 3899999  vol min/aver 0.721  load imb.: force  0.6%

           Step           Time
        3900000    39000.00000

   Energies (kJ/mol)
           Bond          Angle    Proper Dih.          LJ-14     Coulomb-14
    9.50759e+03    9.35651e+03    1.23050e+04   -1.47172e+05   -4.81943e+02
        LJ (SR)   Coulomb (SR)      Potential    Kinetic En.   Total Energy
   -1.96735e+04   -4.42012e+03   -1.40579e+05    3.34471e+04   -1.07132e+05
    Temperature Pressure (bar)
    1.49381e+02    8.06183e-01

DD  step 3999999  vol min/aver 0.767  load imb.: force  0.6%

           Step           Time
        4000000    40000.00000

   Energies (kJ/mol)
           Bond          Angle    Proper Dih.          LJ-14     Coulomb-14
    9.43744e+03    9.41744e+03    1.22028e+04   -1.47249e+05   -5.00508e+02
        LJ (SR)   Coulomb (SR)      Potential    Kinetic En.   Total Energy
   -1.94764e+04   -4.51530e+03   -1.40684e+05    3.34853e+04   -1.07198e+05
    Temperature Pressure (bar)
    1.49552e+02    9.60030e+00

DD  step 4099999  vol min/aver 0.752  load imb.: force  1.1%

           Step           Time
        4100000    41000.00000

   Energies (kJ/mol)
           Bond          Angle    Proper Dih.          LJ-14     Coulomb-14
    9.58775e+03    9.28523e+03    1.22046e+04   -1.47246e+05   -4.81917e+02
        LJ (SR)   Coulomb (SR)      Potential    Kinetic En.   Total Energy
   -1.95989e+04   -4.56413e+03   -1.40814e+05    3.33438e+04   -1.07470e+05
    Temperature Pressure (bar)
    1.48920e+02    2.05397e+00

DD  step 4199999  vol min/aver 0.735  load imb.: force  0.5%

           Step           Time
        4200000    42000.00000

   Energies (kJ/mol)
           Bond          Angle    Proper Dih.          LJ-14     Coulomb-14
    9.56531e+03    9.24246e+03    1.22368e+04   -1.47071e+05   -4.86375e+02
        LJ (SR)   Coulomb (SR)      Potential    Kinetic En.   Total Energy
   -1.97511e+04   -4.60921e+03   -1.40873e+05    3.36027e+04   -1.07270e+05
    Temperature Pressure (bar)
    1.50076e+02    8.65508e+00

Writing checkpoint, step 4205760 at Wed Jun  1 04:01:26 2022


DD  step 4299999  vol min/aver 0.691  load imb.: force  0.6%

           Step           Time
        4300000    43000.00000

   Energies (kJ/mol)
           Bond          Angle    Proper Dih.          LJ-14     Coulomb-14
    9.66397e+03    9.20362e+03    1.22113e+04   -1.47344e+05   -4.91522e+02
        LJ (SR)   Coulomb (SR)      Potential    Kinetic En.   Total Energy
   -1.97226e+04   -4.43779e+03   -1.40917e+05    3.32577e+04   -1.07659e+05
    Temperature Pressure (bar)
    1.48535e+02    2.94258e+00

DD  step 4399999  vol min/aver 0.762  load imb.: force  0.9%

           Step           Time
        4400000    44000.00000

   Energies (kJ/mol)
           Bond          Angle    Proper Dih.          LJ-14     Coulomb-14
    9.49686e+03    9.48460e+03    1.21672e+04   -1.47295e+05   -4.90740e+02
        LJ (SR)   Coulomb (SR)      Potential    Kinetic En.   Total Energy
   -1.97861e+04   -4.35986e+03   -1.40783e+05    3.35179e+04   -1.07265e+05
    Temperature Pressure (bar)
    1.49697e+02    1.01086e+00

DD  step 4499999  vol min/aver 0.753  load imb.: force  0.6%

           Step           Time
        4500000    45000.00000

   Energies (kJ/mol)
           Bond          Angle    Proper Dih.          LJ-14     Coulomb-14
    9.36051e+03    9.29258e+03    1.20499e+04   -1.47163e+05   -4.79115e+02
        LJ (SR)   Coulomb (SR)      Potential    Kinetic En.   Total Energy
   -1.96108e+04   -4.39429e+03   -1.40944e+05    3.36985e+04   -1.07246e+05
    Temperature Pressure (bar)
    1.50504e+02    6.34838e+00

DD  step 4599999  vol min/aver 0.706  load imb.: force  1.1%

           Step           Time
        4600000    46000.00000

   Energies (kJ/mol)
           Bond          Angle    Proper Dih.          LJ-14     Coulomb-14
    9.38950e+03    9.43008e+03    1.22176e+04   -1.47072e+05   -4.88281e+02
        LJ (SR)   Coulomb (SR)      Potential    Kinetic En.   Total Energy
   -1.97452e+04   -4.38925e+03   -1.40657e+05    3.34318e+04   -1.07225e+05
    Temperature Pressure (bar)
    1.49313e+02    7.19332e+00

Writing checkpoint, step 4668260 at Wed Jun  1 04:16:25 2022


DD  step 4699999  vol min/aver 0.739  load imb.: force  0.7%

           Step           Time
        4700000    47000.00000

   Energies (kJ/mol)
           Bond          Angle    Proper Dih.          LJ-14     Coulomb-14
    9.41405e+03    9.44613e+03    1.24052e+04   -1.47255e+05   -5.01395e+02
        LJ (SR)   Coulomb (SR)      Potential    Kinetic En.   Total Energy
   -1.99979e+04   -4.48777e+03   -1.40977e+05    3.34719e+04   -1.07505e+05
    Temperature Pressure (bar)
    1.49492e+02   -5.61129e+00

DD  step 4799999  vol min/aver 0.771  load imb.: force  0.5%

           Step           Time
        4800000    48000.00000

   Energies (kJ/mol)
           Bond          Angle    Proper Dih.          LJ-14     Coulomb-14
    9.61462e+03    9.38475e+03    1.22528e+04   -1.47164e+05   -4.93818e+02
        LJ (SR)   Coulomb (SR)      Potential    Kinetic En.   Total Energy
   -1.97209e+04   -4.44017e+03   -1.40567e+05    3.35131e+04   -1.07054e+05
    Temperature Pressure (bar)
    1.49676e+02   -2.21355e-01

DD  step 4899999  vol min/aver 0.802  load imb.: force  0.8%

           Step           Time
        4900000    49000.00000

   Energies (kJ/mol)
           Bond          Angle    Proper Dih.          LJ-14     Coulomb-14
    9.55066e+03    9.60402e+03    1.20979e+04   -1.47146e+05   -4.88438e+02
        LJ (SR)   Coulomb (SR)      Potential    Kinetic En.   Total Energy
   -1.96686e+04   -4.47238e+03   -1.40522e+05    3.33613e+04   -1.07161e+05
    Temperature Pressure (bar)
    1.48998e+02   -6.33678e+00

DD  step 4999999  vol min/aver 0.767  load imb.: force  0.8%

           Step           Time
        5000000    50000.00000

   Energies (kJ/mol)
           Bond          Angle    Proper Dih.          LJ-14     Coulomb-14
    9.62930e+03    9.42052e+03    1.21490e+04   -1.47216e+05   -4.90563e+02
        LJ (SR)   Coulomb (SR)      Potential    Kinetic En.   Total Energy
   -1.96414e+04   -4.45280e+03   -1.40602e+05    3.39851e+04   -1.06617e+05
    Temperature Pressure (bar)
    1.51784e+02    2.12465e+00

DD  step 5099999  vol min/aver 0.751  load imb.: force  0.4%

           Step           Time
        5100000    51000.00000

   Energies (kJ/mol)
           Bond          Angle    Proper Dih.          LJ-14     Coulomb-14
    9.63159e+03    9.34848e+03    1.21958e+04   -1.47198e+05   -5.02057e+02
        LJ (SR)   Coulomb (SR)      Potential    Kinetic En.   Total Energy
   -1.98063e+04   -4.43379e+03   -1.40764e+05    3.36281e+04   -1.07136e+05
    Temperature Pressure (bar)
    1.50189e+02   -7.20291e+00

Writing checkpoint, step 5189200 at Wed Jun  1 04:31:25 2022


DD  step 5199999  vol min/aver 0.775  load imb.: force  0.7%

           Step           Time
        5200000    52000.00000

   Energies (kJ/mol)
           Bond          Angle    Proper Dih.          LJ-14     Coulomb-14
    9.60997e+03    9.34284e+03    1.23893e+04   -1.47129e+05   -5.02931e+02
        LJ (SR)   Coulomb (SR)      Potential    Kinetic En.   Total Energy
   -1.98752e+04   -4.50644e+03   -1.40671e+05    3.37697e+04   -1.06901e+05
    Temperature Pressure (bar)
    1.50822e+02   -3.44596e+00

DD  step 5299999  vol min/aver 0.752  load imb.: force  1.1%

           Step           Time
        5300000    53000.00000

   Energies (kJ/mol)
           Bond          Angle    Proper Dih.          LJ-14     Coulomb-14
    9.54923e+03    9.54771e+03    1.22018e+04   -1.47058e+05   -4.94415e+02
        LJ (SR)   Coulomb (SR)      Potential    Kinetic En.   Total Energy
   -2.00527e+04   -4.48300e+03   -1.40790e+05    3.32693e+04   -1.07520e+05
    Temperature Pressure (bar)
    1.48587e+02    9.54091e-01

DD  step 5399999  vol min/aver 0.746  load imb.: force  0.6%

           Step           Time
        5400000    54000.00000

   Energies (kJ/mol)
           Bond          Angle    Proper Dih.          LJ-14     Coulomb-14
    9.63533e+03    9.38911e+03    1.22287e+04   -1.47100e+05   -4.89672e+02
        LJ (SR)   Coulomb (SR)      Potential    Kinetic En.   Total Energy
   -1.99931e+04   -4.50877e+03   -1.40838e+05    3.34190e+04   -1.07419e+05
    Temperature Pressure (bar)
    1.49256e+02    5.96588e+00

DD  step 5499999  vol min/aver 0.750  load imb.: force  0.4%

           Step           Time
        5500000    55000.00000

   Energies (kJ/mol)
           Bond          Angle    Proper Dih.          LJ-14     Coulomb-14
    9.80844e+03    9.54361e+03    1.21209e+04   -1.47270e+05   -5.13674e+02
        LJ (SR)   Coulomb (SR)      Potential    Kinetic En.   Total Energy
   -1.99812e+04   -4.48294e+03   -1.40775e+05    3.34119e+04   -1.07363e+05
    Temperature Pressure (bar)
    1.49224e+02    2.65318e+00

DD  step 5599999  vol min/aver 0.681  load imb.: force  0.5%

           Step           Time
        5600000    56000.00000

   Energies (kJ/mol)
           Bond          Angle    Proper Dih.          LJ-14     Coulomb-14
    9.45850e+03    9.50730e+03    1.22882e+04   -1.47026e+05   -4.97891e+02
        LJ (SR)   Coulomb (SR)      Potential    Kinetic En.   Total Energy
   -1.99254e+04   -4.46582e+03   -1.40661e+05    3.34653e+04   -1.07196e+05
    Temperature Pressure (bar)
    1.49463e+02    3.08547e+00

DD  step 5699999  vol min/aver 0.755  load imb.: force  0.7%

           Step           Time
        5700000    57000.00000

   Energies (kJ/mol)
           Bond          Angle    Proper Dih.          LJ-14     Coulomb-14
    9.70876e+03    9.45873e+03    1.22747e+04   -1.46914e+05   -4.88887e+02
        LJ (SR)   Coulomb (SR)      Potential    Kinetic En.   Total Energy
   -1.99654e+04   -4.57724e+03   -1.40503e+05    3.40003e+04   -1.06503e+05
    Temperature Pressure (bar)
    1.51852e+02    3.33981e+00

Writing checkpoint, step 5711100 at Wed Jun  1 04:46:25 2022


DD  step 5799999  vol min/aver 0.695  load imb.: force  1.0%

           Step           Time
        5800000    58000.00000

   Energies (kJ/mol)
           Bond          Angle    Proper Dih.          LJ-14     Coulomb-14
    9.68280e+03    9.47743e+03    1.21658e+04   -1.47269e+05   -4.85557e+02
        LJ (SR)   Coulomb (SR)      Potential    Kinetic En.   Total Energy
   -1.99683e+04   -4.42496e+03   -1.40822e+05    3.35943e+04   -1.07228e+05
    Temperature Pressure (bar)
    1.50038e+02    3.80110e+00

DD  step 5899999  vol min/aver 0.699  load imb.: force  0.5%

           Step           Time
        5900000    59000.00000

   Energies (kJ/mol)
           Bond          Angle    Proper Dih.          LJ-14     Coulomb-14
    9.65497e+03    9.42100e+03    1.23757e+04   -1.47109e+05   -4.92162e+02
        LJ (SR)   Coulomb (SR)      Potential    Kinetic En.   Total Energy
   -1.98568e+04   -4.63758e+03   -1.40643e+05    3.36068e+04   -1.07037e+05
    Temperature Pressure (bar)
    1.50095e+02    2.64567e+00

DD  step 5999999  vol min/aver 0.697  load imb.: force  0.8%

           Step           Time
        6000000    60000.00000

   Energies (kJ/mol)
           Bond          Angle    Proper Dih.          LJ-14     Coulomb-14
    9.59084e+03    9.25507e+03    1.20998e+04   -1.47180e+05   -4.89281e+02
        LJ (SR)   Coulomb (SR)      Potential    Kinetic En.   Total Energy
   -1.99220e+04   -4.55529e+03   -1.41201e+05    3.35920e+04   -1.07609e+05
    Temperature Pressure (bar)
    1.50028e+02    6.49562e+00

DD  step 6099999  vol min/aver 0.652  load imb.: force  1.2%

           Step           Time
        6100000    61000.00000

   Energies (kJ/mol)
           Bond          Angle    Proper Dih.          LJ-14     Coulomb-14
    9.47363e+03    9.30193e+03    1.23241e+04   -1.47021e+05   -5.15030e+02
        LJ (SR)   Coulomb (SR)      Potential    Kinetic En.   Total Energy
   -2.02465e+04   -4.56437e+03   -1.41247e+05    3.38232e+04   -1.07424e+05
    Temperature Pressure (bar)
    1.51061e+02    5.74655e+00

DD  step 6199999  vol min/aver 0.660  load imb.: force  0.5%

           Step           Time
        6200000    62000.00000

   Energies (kJ/mol)
           Bond          Angle    Proper Dih.          LJ-14     Coulomb-14
    9.44098e+03    9.33679e+03    1.23117e+04   -1.46971e+05   -5.03279e+02
        LJ (SR)   Coulomb (SR)      Potential    Kinetic En.   Total Energy
   -1.99255e+04   -4.48110e+03   -1.40792e+05    3.38310e+04   -1.06961e+05
    Temperature Pressure (bar)
    1.51096e+02    1.81497e+00

Writing checkpoint, step 6231360 at Wed Jun  1 05:01:25 2022


DD  load balancing is limited by minimum cell size in dimension X
DD  step 6299999  vol min/aver 0.698! load imb.: force  1.1%

           Step           Time
        6300000    63000.00000

   Energies (kJ/mol)
           Bond          Angle    Proper Dih.          LJ-14     Coulomb-14
    9.48223e+03    9.51276e+03    1.22374e+04   -1.47191e+05   -5.08324e+02
        LJ (SR)   Coulomb (SR)      Potential    Kinetic En.   Total Energy
   -2.01141e+04   -4.55131e+03   -1.41133e+05    3.37798e+04   -1.07353e+05
    Temperature Pressure (bar)
    1.50867e+02    1.01401e+01

DD  step 6399999  vol min/aver 0.706  load imb.: force  0.5%

           Step           Time
        6400000    64000.00000

   Energies (kJ/mol)
           Bond          Angle    Proper Dih.          LJ-14     Coulomb-14
    9.55279e+03    9.31328e+03    1.22938e+04   -1.47186e+05   -4.89184e+02
        LJ (SR)   Coulomb (SR)      Potential    Kinetic En.   Total Energy
   -2.00909e+04   -4.64909e+03   -1.41256e+05    3.36014e+04   -1.07654e+05
    Temperature Pressure (bar)
    1.50070e+02    7.39910e+00

DD  step 6499999  vol min/aver 0.742  load imb.: force  0.6%

           Step           Time
        6500000    65000.00000

   Energies (kJ/mol)
           Bond          Angle    Proper Dih.          LJ-14     Coulomb-14
    9.67080e+03    9.41815e+03    1.24086e+04   -1.47275e+05   -4.89889e+02
        LJ (SR)   Coulomb (SR)      Potential    Kinetic En.   Total Energy
   -2.02837e+04   -4.44611e+03   -1.40997e+05    3.31092e+04   -1.07888e+05
    Temperature Pressure (bar)
    1.47872e+02   -2.86495e+00

DD  step 6599999  vol min/aver 0.723  load imb.: force  0.7%

           Step           Time
        6600000    66000.00000

   Energies (kJ/mol)
           Bond          Angle    Proper Dih.          LJ-14     Coulomb-14
    9.49002e+03    9.53411e+03    1.22804e+04   -1.47151e+05   -5.00062e+02
        LJ (SR)   Coulomb (SR)      Potential    Kinetic En.   Total Energy
   -2.01724e+04   -4.52974e+03   -1.41049e+05    3.34520e+04   -1.07597e+05
    Temperature Pressure (bar)
    1.49403e+02    1.63345e+00

DD  step 6699999  vol min/aver 0.718  load imb.: force  0.6%

           Step           Time
        6700000    67000.00000

   Energies (kJ/mol)
           Bond          Angle    Proper Dih.          LJ-14     Coulomb-14
    9.72373e+03    9.31318e+03    1.23201e+04   -1.47054e+05   -4.94536e+02
        LJ (SR)   Coulomb (SR)      Potential    Kinetic En.   Total Energy
   -2.03738e+04   -4.45724e+03   -1.41022e+05    3.34147e+04   -1.07607e+05
    Temperature Pressure (bar)
    1.49236e+02   -3.14592e+00

Writing checkpoint, step 6746000 at Wed Jun  1 05:16:25 2022


DD  step 6799999  vol min/aver 0.714  load imb.: force  0.7%

           Step           Time
        6800000    68000.00000

   Energies (kJ/mol)
           Bond          Angle    Proper Dih.          LJ-14     Coulomb-14
    9.49457e+03    9.49737e+03    1.22222e+04   -1.47252e+05   -4.77445e+02
        LJ (SR)   Coulomb (SR)      Potential    Kinetic En.   Total Energy
   -2.00403e+04   -4.58610e+03   -1.41142e+05    3.36288e+04   -1.07513e+05
    Temperature Pressure (bar)
    1.50193e+02   -2.37000e+00

DD  step 6899999  vol min/aver 0.709  load imb.: force  0.8%

           Step           Time
        6900000    69000.00000

   Energies (kJ/mol)
           Bond          Angle    Proper Dih.          LJ-14     Coulomb-14
    9.68393e+03    9.50150e+03    1.22269e+04   -1.47145e+05   -4.85327e+02
        LJ (SR)   Coulomb (SR)      Potential    Kinetic En.   Total Energy
   -2.02879e+04   -4.48161e+03   -1.40987e+05    3.40097e+04   -1.06978e+05
    Temperature Pressure (bar)
    1.51894e+02   -3.03731e+00

DD  load balancing is limited by minimum cell size in dimension X
DD  step 6999999  vol min/aver 0.709! load imb.: force  1.7%

           Step           Time
        7000000    70000.00000

   Energies (kJ/mol)
           Bond          Angle    Proper Dih.          LJ-14     Coulomb-14
    9.50678e+03    9.41106e+03    1.21807e+04   -1.47188e+05   -4.93314e+02
        LJ (SR)   Coulomb (SR)      Potential    Kinetic En.   Total Energy
   -2.00021e+04   -4.57216e+03   -1.41157e+05    3.35489e+04   -1.07608e+05
    Temperature Pressure (bar)
    1.49836e+02    7.19146e+00

DD  step 7099999  vol min/aver 0.704  load imb.: force  0.6%

           Step           Time
        7100000    71000.00000

   Energies (kJ/mol)
           Bond          Angle    Proper Dih.          LJ-14     Coulomb-14
    9.50030e+03    9.43838e+03    1.23868e+04   -1.46942e+05   -4.93702e+02
        LJ (SR)   Coulomb (SR)      Potential    Kinetic En.   Total Energy
   -2.03000e+04   -4.50269e+03   -1.40913e+05    3.40454e+04   -1.06867e+05
    Temperature Pressure (bar)
    1.52054e+02    8.49314e-01

DD  step 7199999  vol min/aver 0.770  load imb.: force  0.3%

           Step           Time
        7200000    72000.00000

   Energies (kJ/mol)
           Bond          Angle    Proper Dih.          LJ-14     Coulomb-14
    9.46429e+03    9.31435e+03    1.20733e+04   -1.47347e+05   -4.90386e+02
        LJ (SR)   Coulomb (SR)      Potential    Kinetic En.   Total Energy
   -2.00495e+04   -4.52788e+03   -1.41563e+05    3.36534e+04   -1.07910e+05
    Temperature Pressure (bar)
    1.50302e+02    3.24173e+00

Writing checkpoint, step 7235280 at Wed Jun  1 05:31:26 2022


DD  step 7299999  vol min/aver 0.762  load imb.: force  0.7%

           Step           Time
        7300000    73000.00000

   Energies (kJ/mol)
           Bond          Angle    Proper Dih.          LJ-14     Coulomb-14
    9.76079e+03    9.27595e+03    1.22735e+04   -1.47091e+05   -5.07182e+02
        LJ (SR)   Coulomb (SR)      Potential    Kinetic En.   Total Energy
   -2.01185e+04   -4.50775e+03   -1.40914e+05    3.35242e+04   -1.07390e+05
    Temperature Pressure (bar)
    1.49726e+02   -7.18382e-01

DD  step 7399999  vol min/aver 0.750  load imb.: force  1.0%

           Step           Time
        7400000    74000.00000

   Energies (kJ/mol)
           Bond          Angle    Proper Dih.          LJ-14     Coulomb-14
    9.47450e+03    9.31671e+03    1.22397e+04   -1.47264e+05   -4.90522e+02
        LJ (SR)   Coulomb (SR)      Potential    Kinetic En.   Total Energy
   -2.02872e+04   -4.46231e+03   -1.41473e+05    3.34388e+04   -1.08034e+05
    Temperature Pressure (bar)
    1.49344e+02    5.42504e+00

DD  step 7499999  vol min/aver 0.762  load imb.: force  0.8%

           Step           Time
        7500000    75000.00000

   Energies (kJ/mol)
           Bond          Angle    Proper Dih.          LJ-14     Coulomb-14
    9.51572e+03    9.45037e+03    1.21142e+04   -1.47027e+05   -5.01735e+02
        LJ (SR)   Coulomb (SR)      Potential    Kinetic En.   Total Energy
   -2.01742e+04   -4.43167e+03   -1.41054e+05    3.37245e+04   -1.07330e+05
    Temperature Pressure (bar)
    1.50620e+02    1.96711e+00

Writing checkpoint, step 7554380 at Wed Jun  1 05:46:25 2022


DD  step 7599999  vol min/aver 0.755  load imb.: force  0.5%

           Step           Time
        7600000    76000.00000

   Energies (kJ/mol)
           Bond          Angle    Proper Dih.          LJ-14     Coulomb-14
    9.38483e+03    9.37957e+03    1.18570e+04   -1.47190e+05   -4.97139e+02
        LJ (SR)   Coulomb (SR)      Potential    Kinetic En.   Total Energy
   -1.99147e+04   -4.49073e+03   -1.41471e+05    3.37270e+04   -1.07744e+05
    Temperature Pressure (bar)
    1.50631e+02    1.94518e+00

Writing checkpoint, step 7697340 at Wed Jun  1 06:01:26 2022


DD  load balancing is limited by minimum cell size in dimension X
DD  step 7699999  vol min/aver 0.643! load imb.: force 11.1%

           Step           Time
        7700000    77000.00000

   Energies (kJ/mol)
           Bond          Angle    Proper Dih.          LJ-14     Coulomb-14
    9.62587e+03    9.43233e+03    1.21468e+04   -1.47256e+05   -4.96542e+02
        LJ (SR)   Coulomb (SR)      Potential    Kinetic En.   Total Energy
   -2.02009e+04   -4.47497e+03   -1.41223e+05    3.37226e+04   -1.07500e+05
    Temperature Pressure (bar)
    1.50611e+02    6.00590e+00

Writing checkpoint, step 7782440 at Wed Jun  1 06:16:26 2022


DD  step 7799999  vol min/aver 0.680  load imb.: force  0.6%

           Step           Time
        7800000    78000.00000

   Energies (kJ/mol)
           Bond          Angle    Proper Dih.          LJ-14     Coulomb-14
    9.46906e+03    9.57398e+03    1.22013e+04   -1.47080e+05   -4.96530e+02
        LJ (SR)   Coulomb (SR)      Potential    Kinetic En.   Total Energy
   -2.00883e+04   -4.57467e+03   -1.40995e+05    3.37464e+04   -1.07248e+05
    Temperature Pressure (bar)
    1.50718e+02   -5.97112e+00

Writing checkpoint, step 7846360 at Wed Jun  1 06:31:27 2022


DD  load balancing is limited by minimum cell size in dimension X
DD  step 7899999  vol min/aver 0.713! load imb.: force  1.4%

           Step           Time
        7900000    79000.00000

   Energies (kJ/mol)
           Bond          Angle    Proper Dih.          LJ-14     Coulomb-14
    9.55643e+03    9.60131e+03    1.20474e+04   -1.46998e+05   -4.88372e+02
        LJ (SR)   Coulomb (SR)      Potential    Kinetic En.   Total Energy
   -2.01968e+04   -4.47321e+03   -1.40951e+05    3.39192e+04   -1.07032e+05
    Temperature Pressure (bar)
    1.51490e+02   -3.21763e-01

DD  step 7999999  vol min/aver 0.727  load imb.: force  0.5%

           Step           Time
        8000000    80000.00000

   Energies (kJ/mol)
           Bond          Angle    Proper Dih.          LJ-14     Coulomb-14
    9.43698e+03    9.47812e+03    1.21249e+04   -1.47152e+05   -4.78880e+02
        LJ (SR)   Coulomb (SR)      Potential    Kinetic En.   Total Energy
   -2.01764e+04   -4.56014e+03   -1.41328e+05    3.34267e+04   -1.07901e+05
    Temperature Pressure (bar)
    1.49290e+02    7.49667e+00

Writing checkpoint, step 8020680 at Wed Jun  1 06:46:26 2022


Writing checkpoint, step 8073260 at Wed Jun  1 07:01:25 2022


DD  step 8099999  vol min/aver 0.696  load imb.: force  0.8%

           Step           Time
        8100000    81000.00000

   Energies (kJ/mol)
           Bond          Angle    Proper Dih.          LJ-14     Coulomb-14
    9.61917e+03    9.49184e+03    1.22365e+04   -1.46923e+05   -4.93824e+02
        LJ (SR)   Coulomb (SR)      Potential    Kinetic En.   Total Energy
   -2.03884e+04   -4.55235e+03   -1.41010e+05    3.37919e+04   -1.07218e+05
    Temperature Pressure (bar)
    1.50921e+02    1.77488e+00

Writing checkpoint, step 8186080 at Wed Jun  1 07:16:25 2022


DD  step 8199999  vol min/aver 0.735  load imb.: force  0.5%

           Step           Time
        8200000    82000.00000

   Energies (kJ/mol)
           Bond          Angle    Proper Dih.          LJ-14     Coulomb-14
    9.48637e+03    9.40727e+03    1.20876e+04   -1.47135e+05   -5.07342e+02
        LJ (SR)   Coulomb (SR)      Potential    Kinetic En.   Total Energy
   -2.01144e+04   -4.51315e+03   -1.41289e+05    3.37115e+04   -1.07577e+05
    Temperature Pressure (bar)
    1.50562e+02    9.05653e+00

DD  step 8299999  vol min/aver 0.755  load imb.: force  0.7%

           Step           Time
        8300000    83000.00000

   Energies (kJ/mol)
           Bond          Angle    Proper Dih.          LJ-14     Coulomb-14
    9.63393e+03    9.48891e+03    1.23122e+04   -1.46938e+05   -5.08763e+02
        LJ (SR)   Coulomb (SR)      Potential    Kinetic En.   Total Energy
   -2.02766e+04   -4.46520e+03   -1.40753e+05    3.34653e+04   -1.07288e+05
    Temperature Pressure (bar)
    1.49463e+02   -2.82550e+00

DD  step 8399999  vol min/aver 0.741  load imb.: force  0.5%

           Step           Time
        8400000    84000.00000

   Energies (kJ/mol)
           Bond          Angle    Proper Dih.          LJ-14     Coulomb-14
    9.63123e+03    9.33803e+03    1.21382e+04   -1.47206e+05   -4.93381e+02
        LJ (SR)   Coulomb (SR)      Potential    Kinetic En.   Total Energy
   -2.03741e+04   -4.47883e+03   -1.41444e+05    3.38128e+04   -1.07632e+05
    Temperature Pressure (bar)
    1.51014e+02    2.11548e+00

DD  step 8499999  vol min/aver 0.762  load imb.: force  0.5%

           Step           Time
        8500000    85000.00000

   Energies (kJ/mol)
           Bond          Angle    Proper Dih.          LJ-14     Coulomb-14
    9.41255e+03    9.57735e+03    1.20433e+04   -1.47241e+05   -4.92841e+02
        LJ (SR)   Coulomb (SR)      Potential    Kinetic En.   Total Energy
   -2.01756e+04   -4.40364e+03   -1.41280e+05    3.35360e+04   -1.07744e+05
    Temperature Pressure (bar)
    1.49778e+02    4.72639e+00

Writing checkpoint, step 8571940 at Wed Jun  1 07:31:25 2022


DD  step 8599999  vol min/aver 0.765  load imb.: force  0.8%

           Step           Time
        8600000    86000.00000

   Energies (kJ/mol)
           Bond          Angle    Proper Dih.          LJ-14     Coulomb-14
    9.49531e+03    9.27664e+03    1.21373e+04   -1.47058e+05   -4.93207e+02
        LJ (SR)   Coulomb (SR)      Potential    Kinetic En.   Total Energy
   -2.01522e+04   -4.56779e+03   -1.41362e+05    3.36350e+04   -1.07727e+05
    Temperature Pressure (bar)
    1.50220e+02    2.55250e+00

DD  load balancing is limited by minimum cell size in dimension X
DD  step 8699999  vol min/aver 0.712! load imb.: force  2.5%

           Step           Time
        8700000    87000.00000

   Energies (kJ/mol)
           Bond          Angle    Proper Dih.          LJ-14     Coulomb-14
    9.43922e+03    9.33413e+03    1.22405e+04   -1.47306e+05   -4.81954e+02
        LJ (SR)   Coulomb (SR)      Potential    Kinetic En.   Total Energy
   -2.01744e+04   -4.47922e+03   -1.41428e+05    3.31970e+04   -1.08231e+05
    Temperature Pressure (bar)
    1.48264e+02   -4.42553e+00

DD  step 8799999  vol min/aver 0.749  load imb.: force  0.7%

           Step           Time
        8800000    88000.00000

   Energies (kJ/mol)
           Bond          Angle    Proper Dih.          LJ-14     Coulomb-14
    9.61011e+03    9.41314e+03    1.20025e+04   -1.47063e+05   -4.93580e+02
        LJ (SR)   Coulomb (SR)      Potential    Kinetic En.   Total Energy
   -2.02165e+04   -4.55759e+03   -1.41305e+05    3.35803e+04   -1.07725e+05
    Temperature Pressure (bar)
    1.49976e+02   -1.20948e+00

Writing checkpoint, step 8844920 at Wed Jun  1 07:46:27 2022


DD  step 8899999  vol min/aver 0.752  load imb.: force  0.6%

           Step           Time
        8900000    89000.00000

   Energies (kJ/mol)
           Bond          Angle    Proper Dih.          LJ-14     Coulomb-14
    9.47184e+03    9.48519e+03    1.21198e+04   -1.47072e+05   -4.92792e+02
        LJ (SR)   Coulomb (SR)      Potential    Kinetic En.   Total Energy
   -2.01691e+04   -4.55373e+03   -1.41211e+05    3.33392e+04   -1.07872e+05
    Temperature Pressure (bar)
    1.48899e+02   -3.13640e+00

DD  step 8999999  vol min/aver 0.728  load imb.: force  0.7%

           Step           Time
        9000000    90000.00000

   Energies (kJ/mol)
           Bond          Angle    Proper Dih.          LJ-14     Coulomb-14
    9.47311e+03    9.30392e+03    1.23271e+04   -1.47006e+05   -5.09452e+02
        LJ (SR)   Coulomb (SR)      Potential    Kinetic En.   Total Energy
   -2.03685e+04   -4.56139e+03   -1.41341e+05    3.36079e+04   -1.07733e+05
    Temperature Pressure (bar)
    1.50099e+02   -1.42326e+00

DD  step 9099999  vol min/aver 0.745  load imb.: force  0.8%

           Step           Time
        9100000    91000.00000

   Energies (kJ/mol)
           Bond          Angle    Proper Dih.          LJ-14     Coulomb-14
    9.73760e+03    9.55751e+03    1.20458e+04   -1.47036e+05   -4.98748e+02
        LJ (SR)   Coulomb (SR)      Potential    Kinetic En.   Total Energy
   -2.05637e+04   -4.51642e+03   -1.41274e+05    3.35966e+04   -1.07677e+05
    Temperature Pressure (bar)
    1.50049e+02    6.95435e-01

DD  load balancing is limited by minimum cell size in dimension X
DD  step 9199999  vol min/aver 0.716! load imb.: force  0.6%

           Step           Time
        9200000    92000.00000

   Energies (kJ/mol)
           Bond          Angle    Proper Dih.          LJ-14     Coulomb-14
    9.41096e+03    9.54569e+03    1.22162e+04   -1.47105e+05   -5.01842e+02
        LJ (SR)   Coulomb (SR)      Potential    Kinetic En.   Total Energy
   -2.00503e+04   -4.46285e+03   -1.40947e+05    3.36471e+04   -1.07300e+05
    Temperature Pressure (bar)
    1.50275e+02   -4.29382e+00

Writing checkpoint, step 9220360 at Wed Jun  1 08:01:25 2022


DD  step 9299999  vol min/aver 0.748  load imb.: force  0.9%

           Step           Time
        9300000    93000.00000

   Energies (kJ/mol)
           Bond          Angle    Proper Dih.          LJ-14     Coulomb-14
    9.64200e+03    9.40055e+03    1.22682e+04   -1.46953e+05   -4.86486e+02
        LJ (SR)   Coulomb (SR)      Potential    Kinetic En.   Total Energy
   -2.04353e+04   -4.52708e+03   -1.41092e+05    3.35339e+04   -1.07558e+05
    Temperature Pressure (bar)
    1.49769e+02   -5.69836e+00

DD  step 9399999  vol min/aver 0.778  load imb.: force  1.3%

           Step           Time
        9400000    94000.00000

   Energies (kJ/mol)
           Bond          Angle    Proper Dih.          LJ-14     Coulomb-14
    9.69986e+03    9.42972e+03    1.22388e+04   -1.47308e+05   -4.99990e+02
        LJ (SR)   Coulomb (SR)      Potential    Kinetic En.   Total Energy
   -2.03336e+04   -4.48151e+03   -1.41255e+05    3.32816e+04   -1.07973e+05
    Temperature Pressure (bar)
    1.48642e+02   -2.94725e+00

DD  step 9499999  vol min/aver 0.728  load imb.: force  0.7%

           Step           Time
        9500000    95000.00000

   Energies (kJ/mol)
           Bond          Angle    Proper Dih.          LJ-14     Coulomb-14
    9.59960e+03    9.42655e+03    1.19682e+04   -1.47112e+05   -4.87606e+02
        LJ (SR)   Coulomb (SR)      Potential    Kinetic En.   Total Energy
   -2.00157e+04   -4.54127e+03   -1.41162e+05    3.36922e+04   -1.07470e+05
    Temperature Pressure (bar)
    1.50476e+02   -3.58454e+00

Writing checkpoint, step 9561900 at Wed Jun  1 08:16:25 2022


DD  step 9599999  vol min/aver 0.793  load imb.: force  0.6%

           Step           Time
        9600000    96000.00000

   Energies (kJ/mol)
           Bond          Angle    Proper Dih.          LJ-14     Coulomb-14
    9.34065e+03    9.53571e+03    1.21197e+04   -1.46856e+05   -4.99907e+02
        LJ (SR)   Coulomb (SR)      Potential    Kinetic En.   Total Energy
   -2.02614e+04   -4.50044e+03   -1.41122e+05    3.36306e+04   -1.07491e+05
    Temperature Pressure (bar)
    1.50201e+02    4.04912e+00

DD  step 9699999  vol min/aver 0.805  load imb.: force  0.6%

           Step           Time
        9700000    97000.00000

   Energies (kJ/mol)
           Bond          Angle    Proper Dih.          LJ-14     Coulomb-14
    9.60951e+03    9.51653e+03    1.21397e+04   -1.47166e+05   -4.91130e+02
        LJ (SR)   Coulomb (SR)      Potential    Kinetic En.   Total Energy
   -2.01661e+04   -4.51977e+03   -1.41077e+05    3.35072e+04   -1.07570e+05
    Temperature Pressure (bar)
    1.49649e+02   -1.70022e+00

DD  step 9799999  vol min/aver 0.775  load imb.: force  0.4%

           Step           Time
        9800000    98000.00000

   Energies (kJ/mol)
           Bond          Angle    Proper Dih.          LJ-14     Coulomb-14
    9.57000e+03    9.53086e+03    1.21631e+04   -1.47034e+05   -4.99311e+02
        LJ (SR)   Coulomb (SR)      Potential    Kinetic En.   Total Energy
   -2.03560e+04   -4.55386e+03   -1.41179e+05    3.35869e+04   -1.07592e+05
    Temperature Pressure (bar)
    1.50006e+02   -2.55451e+00

DD  step 9899999  vol min/aver 0.783  load imb.: force  0.5%

           Step           Time
        9900000    99000.00000

   Energies (kJ/mol)
           Bond          Angle    Proper Dih.          LJ-14     Coulomb-14
    9.46921e+03    9.54868e+03    1.19444e+04   -1.47259e+05   -4.85851e+02
        LJ (SR)   Coulomb (SR)      Potential    Kinetic En.   Total Energy
   -2.01876e+04   -4.47203e+03   -1.41442e+05    3.31852e+04   -1.08257e+05
    Temperature Pressure (bar)
    1.48211e+02   -4.24957e+00

DD  step 9999999  vol min/aver 0.762  load imb.: force  0.5%

           Step           Time
       10000000   100000.00000

Writing checkpoint, step 10000000 at Wed Jun  1 08:30:34 2022


   Energies (kJ/mol)
           Bond          Angle    Proper Dih.          LJ-14     Coulomb-14
    9.52522e+03    9.50603e+03    1.21224e+04   -1.47247e+05   -4.90189e+02
        LJ (SR)   Coulomb (SR)      Potential    Kinetic En.   Total Energy
   -2.03050e+04   -4.58448e+03   -1.41473e+05    3.40369e+04   -1.07436e+05
    Temperature Pressure (bar)
    1.52016e+02    3.63701e-01

	<======  ###############  ==>
	<====  A V E R A G E S  ====>
	<==  ###############  ======>

	Statistics over 10000001 steps using 100001 frames

   Energies (kJ/mol)
           Bond          Angle    Proper Dih.          LJ-14     Coulomb-14
    9.59025e+03    9.38643e+03    1.22119e+04   -1.47149e+05   -4.95321e+02
        LJ (SR)   Coulomb (SR)      Potential    Kinetic En.   Total Energy
   -1.94773e+04   -4.39222e+03   -1.40325e+05    3.35884e+04   -1.06737e+05
    Temperature Pressure (bar)
    1.50012e+02    1.00056e+00

          Box-X          Box-Y          Box-Z
    1.95321e+01    1.95321e+01    1.95321e+01

   Total Virial (kJ/mol)
    1.09607e+04    5.05175e+01   -3.69243e+01
    5.05179e+01    1.10067e+04    2.90646e+01
   -3.69229e+01    2.90645e+01    1.09081e+04

   Pressure (bar)
    9.94517e-01   -2.43172e-01    1.82656e-01
   -2.43174e-01    7.56834e-01   -1.19326e-01
    1.82650e-01   -1.19326e-01    1.25034e+00


	M E G A - F L O P S   A C C O U N T I N G

 NB=Group-cutoff nonbonded kernels    NxN=N-by-N cluster Verlet kernels
 RF=Reaction-Field  VdW=Van der Waals  QSTab=quadratic-spline table
 W3=SPC/TIP3p  W4=TIP4p (single or pairs)
 V&F=Potential and force  V=Potential only  F=Force only

 Computing:                               M-Number         M-Flops  % Flops
-----------------------------------------------------------------------------
 NB VdW [V&F]                       4844375.370190     4844375.370     0.7
 NB VdW [F]                       412275412.337068   412275412.337    57.5
 NB VdW & Elec. [V&F]               1406555.076575     1406555.077     0.2
 NB VdW & Elec. [F]               116622566.955753   116622566.956    16.3
 1,4 nonbonded interactions          262730.026273    23645702.365     3.3
 NS-Pairs                           1629930.881940    34228548.521     4.8
 Reset In Box                          8977.017954       26931.054     0.0
 CG-CoM                                8977.035908       26931.108     0.0
 Bonds                               178600.017860    10537401.054     1.5
 Angles                              177660.017766    29846882.985     4.2
 Propers                             353440.035344    80937768.094    11.3
 Virial                               37348.018674      672264.336     0.1
 Stop-CM                               1795.435908       17954.359     0.0
 Calc-Ekin                            71816.035908     1939032.970     0.3
-----------------------------------------------------------------------------
 Total                                               717028326.583   100.0
-----------------------------------------------------------------------------


    D O M A I N   D E C O M P O S I T I O N   S T A T I S T I C S

 av. #atoms communicated per step for force:  2 x 28143.7


 Dynamic load balancing report:
 DLB was permanently on during the run per user request.
 Average load imbalance: 1.0%.
 The balanceable part of the MD step is 30%, load imbalance is computed from this.
 Part of the total run time spent waiting due to load imbalance: 0.3%.
 Steps where the load balancing was limited by -rdd, -rcon and/or -dds: X 0 % Y 0 % Z 0 %


     R E A L   C Y C L E   A N D   T I M E   A C C O U N T I N G

On 16 MPI ranks

 Computing:          Num   Num      Call    Wall time         Giga-Cycles
                     Ranks Threads  Count      (s)         total sum    %
-----------------------------------------------------------------------------
 Domain decomp.        16    1     500001    2301.676      95638.289   6.1
 DD comm. load         16    1     500000      86.830       3607.933   0.2
 DD comm. bounds       16    1     500001     457.933      19027.860   1.2
 Neighbor search       16    1     500001    2049.132      85144.677   5.4
 Comm. coord.          16    1   10000001   10569.835     439193.395  28.0
 Force                 16    1   10000001   12030.818     499899.528  31.9
 Wait + Comm. F        16    1   10000001    7240.027     300834.567  19.2
 Write traj.           16    1        142       2.026         84.191   0.0
 Update                16    1   10000001     928.576      38583.821   2.5
 Comm. energies        16    1    2000001    1984.577      82462.319   5.3
 Rest                                          97.413       4047.644   0.3
-----------------------------------------------------------------------------
 Total                                      37748.844    1568524.225 100.0
-----------------------------------------------------------------------------

NOTE: 5 % of the run time was spent communicating energies,
      you might want to use the -gcom option of mdrun

               Core t (s)   Wall t (s)        (%)
       Time:   603981.503    37748.844     1600.0
                         10h29:08
                 (ns/day)    (hour/ns)
Performance:      228.881        0.105
Finished mdrun on rank 0 Wed Jun  1 08:30:34 2022
