                     :-) GROMACS - gmx trjconv, 2018.4 (-:

                            GROMACS is written by:
     Emile Apol      Rossen Apostolov      Paul Bauer     Herman J.C. Berendsen
    Par Bjelkmar    Aldert van Buuren   Rudi van Drunen     Anton Feenstra  
  Gerrit Groenhof    Aleksei Iupinov   Christoph Junghans   Anca Hamuraru   
 Vincent Hindriksen Dimitrios Karkoulis    Peter Kasson        Jiri Kraus    
  Carsten Kutzner      Per Larsson      Justin A. Lemkul    Viveca Lindahl  
  Magnus Lundborg   Pieter Meulenhoff    Erik Marklund      Teemu Murtola   
    Szilard Pall       Sander Pronk      Roland Schulz     Alexey Shvetsov  
   Michael Shirts     Alfons Sijbers     Peter Tieleman    Teemu Virolainen 
 Christian Wennberg    Maarten Wolf   
                           and the project leaders:
        Mark Abraham, Berk Hess, Erik Lindahl, and David van der Spoel

Copyright (c) 1991-2000, University of Groningen, The Netherlands.
Copyright (c) 2001-2017, The GROMACS development team at
Uppsala University, Stockholm University and
the Royal Institute of Technology, Sweden.
check out http://www.gromacs.org for more information.

GROMACS is free software; you can redistribute it and/or modify it
under the terms of the GNU Lesser General Public License
as published by the Free Software Foundation; either version 2.1
of the License, or (at your option) any later version.

GROMACS:      gmx trjconv, version 2018.4
Executable:   /home/aplatham2/Programs/gromacs-2018.4/bin/gmx_mpi
Data prefix:  /home/aplatham2/Programs/gromacs-2018.4
Working dir:  /nfs/pool002/users/aplatham2/chromatin/drug_env/hp1a/hp1a25
Command line:
  gmx_mpi trjconv -f eq.gro -s eq.tpr -pbc mol -ur compact -o eq2.gro -center

Will write gro: Coordinate file in Gromos-87 format
Reading file eq.tpr, VERSION 2018.4 (single precision)
Reading file eq.tpr, VERSION 2018.4 (single precision)
Group     0 (         System) has 17954 elements
Group     1 (        Protein) has 17954 elements
Group     2 (      Protein-H) has 17954 elements
Group     3 (        C-alpha) has 17954 elements
Group     4 (       Backbone) has 17954 elements
Group     5 (      MainChain) has 17954 elements
Group     6 (   MainChain+Cb) has 17954 elements
Group     7 (    MainChain+H) has 17954 elements
Group     8 (      SideChain) has     0 elements
Group     9 (    SideChain-H) has     0 elements
Select a group: Group     0 (         System) has 17954 elements
Group     1 (        Protein) has 17954 elements
Group     2 (      Protein-H) has 17954 elements
Group     3 (        C-alpha) has 17954 elements
Group     4 (       Backbone) has 17954 elements
Group     5 (      MainChain) has 17954 elements
Group     6 (   MainChain+Cb) has 17954 elements
Group     7 (    MainChain+H) has 17954 elements
Group     8 (      SideChain) has     0 elements
Group     9 (    SideChain-H) has     0 elements
Select a group: Reading frames from gro file 'hp1a', 17954 atoms.
Reading frame       0 time    0.000   
Precision of eq.gro is 0.001 (nm)
Using output precision of 0.001 (nm)
 ->  frame      0 time    0.000      Last frame          0 time    0.000   


GROMACS reminds you: "During my undergraduate work I concluded that electrostatics is unlikely to be important [for enzymes]" (Arieh Warshel, Nobel lecture 2013)

Select group for centering
Selected 0: 'System'
Select group for output
Selected 0: 'System'
                     :-) GROMACS - gmx editconf, 2018.4 (-:

                            GROMACS is written by:
     Emile Apol      Rossen Apostolov      Paul Bauer     Herman J.C. Berendsen
    Par Bjelkmar    Aldert van Buuren   Rudi van Drunen     Anton Feenstra  
  Gerrit Groenhof    Aleksei Iupinov   Christoph Junghans   Anca Hamuraru   
 Vincent Hindriksen Dimitrios Karkoulis    Peter Kasson        Jiri Kraus    
  Carsten Kutzner      Per Larsson      Justin A. Lemkul    Viveca Lindahl  
  Magnus Lundborg   Pieter Meulenhoff    Erik Marklund      Teemu Murtola   
    Szilard Pall       Sander Pronk      Roland Schulz     Alexey Shvetsov  
   Michael Shirts     Alfons Sijbers     Peter Tieleman    Teemu Virolainen 
 Christian Wennberg    Maarten Wolf   
                           and the project leaders:
        Mark Abraham, Berk Hess, Erik Lindahl, and David van der Spoel

Copyright (c) 1991-2000, University of Groningen, The Netherlands.
Copyright (c) 2001-2017, The GROMACS development team at
Uppsala University, Stockholm University and
the Royal Institute of Technology, Sweden.
check out http://www.gromacs.org for more information.

GROMACS is free software; you can redistribute it and/or modify it
under the terms of the GNU Lesser General Public License
as published by the Free Software Foundation; either version 2.1
of the License, or (at your option) any later version.

GROMACS:      gmx editconf, version 2018.4
Executable:   /home/aplatham2/Programs/gromacs-2018.4/bin/gmx_mpi
Data prefix:  /home/aplatham2/Programs/gromacs-2018.4
Working dir:  /nfs/pool002/users/aplatham2/chromatin/drug_env/hp1a/hp1a25
Command line:
  gmx_mpi editconf -f eq2.gro -o eq2.gro -box 25.0 25.0 25.0


Back Off! I just backed up eq2.gro to ./#eq2.gro.2#

GROMACS reminds you: "Physics is like sex: sure, it may give some practical results, but that’s not why we do it" (Richard P. Feynman)

Read 17954 atoms
Volume: 6648.89 nm^3, corresponds to roughly 2992000 electrons
Velocities found
    system size : 24.866 25.583 26.194 (nm)
    center      :  9.453  9.289  9.530 (nm)
    box vectors : 18.804 18.804 18.804 (nm)
    box angles  :  90.00  90.00  90.00 (degrees)
    box volume  :6648.89               (nm^3)
    shift       :  3.047  3.211  2.970 (nm)
new center      : 12.500 12.500 12.500 (nm)
new box vectors : 25.000 25.000 25.000 (nm)
new box angles  :  90.00  90.00  90.00 (degrees)
new box volume  :15625.00               (nm^3)
                      :-) GROMACS - gmx grompp, 2018.4 (-:

                            GROMACS is written by:
     Emile Apol      Rossen Apostolov      Paul Bauer     Herman J.C. Berendsen
    Par Bjelkmar    Aldert van Buuren   Rudi van Drunen     Anton Feenstra  
  Gerrit Groenhof    Aleksei Iupinov   Christoph Junghans   Anca Hamuraru   
 Vincent Hindriksen Dimitrios Karkoulis    Peter Kasson        Jiri Kraus    
  Carsten Kutzner      Per Larsson      Justin A. Lemkul    Viveca Lindahl  
  Magnus Lundborg   Pieter Meulenhoff    Erik Marklund      Teemu Murtola   
    Szilard Pall       Sander Pronk      Roland Schulz     Alexey Shvetsov  
   Michael Shirts     Alfons Sijbers     Peter Tieleman    Teemu Virolainen 
 Christian Wennberg    Maarten Wolf   
                           and the project leaders:
        Mark Abraham, Berk Hess, Erik Lindahl, and David van der Spoel

Copyright (c) 1991-2000, University of Groningen, The Netherlands.
Copyright (c) 2001-2017, The GROMACS development team at
Uppsala University, Stockholm University and
the Royal Institute of Technology, Sweden.
check out http://www.gromacs.org for more information.

GROMACS is free software; you can redistribute it and/or modify it
under the terms of the GNU Lesser General Public License
as published by the Free Software Foundation; either version 2.1
of the License, or (at your option) any later version.

GROMACS:      gmx grompp, version 2018.4
Executable:   /home/aplatham2/Programs/gromacs-2018.4/bin/gmx_mpi
Data prefix:  /home/aplatham2/Programs/gromacs-2018.4
Working dir:  /nfs/pool002/users/aplatham2/chromatin/drug_env/hp1a/hp1a25
Command line:
  gmx_mpi grompp -f min.mdp -c eq2.gro -p chromatin_dna.top -o eq_min.tpr

Replacing old mdp entry 'nstxtcout' by 'nstxout-compressed'
Replacing old mdp entry 'xtc_grps' by 'compressed-x-grps'

NOTE 1 [file min.mdp]:
  The group cutoff scheme is deprecated since GROMACS 5.0 and will be
  removed in a future release when all interaction forms are supported for
  the verlet scheme. The verlet scheme already scales better, and it is
  compatible with GPUs and other accelerators.

Setting the LD random seed to 645345405
Generated 1 of the 253 non-bonded parameter combinations
Excluding 3 bonded neighbours molecule type 'hp1a'

NOTE 2 [file chromatin_dna.top, line 6]:
  System has non-zero total charge: -235.000000
  Total charge should normally be an integer. See
  http://www.gromacs.org/Documentation/Floating_Point_Arithmetic
  for discussion on how close it should be to an integer.
  


Number of degrees of freedom in T-Coupling group System is 53859.00

There were 2 notes

GROMACS reminds you: "My Head Goes Pop Pop Pop Pop Pop" (F. Black)

Analysing residue names:
There are: 17954    Protein residues
Analysing Protein...
This run will generate roughly 10 Mb of data
                      :-) GROMACS - gmx mdrun, 2018.4 (-:

                            GROMACS is written by:
     Emile Apol      Rossen Apostolov      Paul Bauer     Herman J.C. Berendsen
    Par Bjelkmar    Aldert van Buuren   Rudi van Drunen     Anton Feenstra  
  Gerrit Groenhof    Aleksei Iupinov   Christoph Junghans   Anca Hamuraru   
 Vincent Hindriksen Dimitrios Karkoulis    Peter Kasson        Jiri Kraus    
  Carsten Kutzner      Per Larsson      Justin A. Lemkul    Viveca Lindahl  
  Magnus Lundborg   Pieter Meulenhoff    Erik Marklund      Teemu Murtola   
    Szilard Pall       Sander Pronk      Roland Schulz     Alexey Shvetsov  
   Michael Shirts     Alfons Sijbers     Peter Tieleman    Teemu Virolainen 
 Christian Wennberg    Maarten Wolf   
                           and the project leaders:
        Mark Abraham, Berk Hess, Erik Lindahl, and David van der Spoel

Copyright (c) 1991-2000, University of Groningen, The Netherlands.
Copyright (c) 2001-2017, The GROMACS development team at
Uppsala University, Stockholm University and
the Royal Institute of Technology, Sweden.
check out http://www.gromacs.org for more information.

GROMACS is free software; you can redistribute it and/or modify it
under the terms of the GNU Lesser General Public License
as published by the Free Software Foundation; either version 2.1
of the License, or (at your option) any later version.

GROMACS:      gmx mdrun, version 2018.4
Executable:   /home/aplatham2/Programs/gromacs-2018.4/bin/gmx_mpi
Data prefix:  /home/aplatham2/Programs/gromacs-2018.4
Working dir:  /nfs/pool002/users/aplatham2/chromatin/drug_env/hp1a/hp1a25
Command line:
  gmx_mpi mdrun -deffnm eq_min -table table_159.xvg -tablep table_smog159.xvg

Reading file eq_min.tpr, VERSION 2018.4 (single precision)
Using 1 MPI process


NOTE: This file uses the deprecated 'group' cutoff_scheme. This will be
removed in a future release when 'verlet' supports all interaction forms.


WARNING: For the 740 non-zero entries for table 0 in table_159.xvg the forces deviate on average 59% from minus the numerical derivative of the potential


WARNING: For the 740 non-zero entries for table 0 in table_smog159.xvg the forces deviate on average 59% from minus the numerical derivative of the potential


Steepest Descents:
   Tolerance (Fmax)   =  1.00000e+01
   Number of steps    =        10000

writing lowest energy coordinates.

Steepest Descents converged to Fmax < 10 in 617 steps
Potential Energy  = -1.7379284e+05
Maximum force     =  9.5810699e+00 on atom 5782
Norm of force     =  1.1168296e+00

GROMACS reminds you: "Everybody Wants to Be Naked and Famous" (Tricky)

                      :-) GROMACS - gmx grompp, 2018.4 (-:

                            GROMACS is written by:
     Emile Apol      Rossen Apostolov      Paul Bauer     Herman J.C. Berendsen
    Par Bjelkmar    Aldert van Buuren   Rudi van Drunen     Anton Feenstra  
  Gerrit Groenhof    Aleksei Iupinov   Christoph Junghans   Anca Hamuraru   
 Vincent Hindriksen Dimitrios Karkoulis    Peter Kasson        Jiri Kraus    
  Carsten Kutzner      Per Larsson      Justin A. Lemkul    Viveca Lindahl  
  Magnus Lundborg   Pieter Meulenhoff    Erik Marklund      Teemu Murtola   
    Szilard Pall       Sander Pronk      Roland Schulz     Alexey Shvetsov  
   Michael Shirts     Alfons Sijbers     Peter Tieleman    Teemu Virolainen 
 Christian Wennberg    Maarten Wolf   
                           and the project leaders:
        Mark Abraham, Berk Hess, Erik Lindahl, and David van der Spoel

Copyright (c) 1991-2000, University of Groningen, The Netherlands.
Copyright (c) 2001-2017, The GROMACS development team at
Uppsala University, Stockholm University and
the Royal Institute of Technology, Sweden.
check out http://www.gromacs.org for more information.

GROMACS is free software; you can redistribute it and/or modify it
under the terms of the GNU Lesser General Public License
as published by the Free Software Foundation; either version 2.1
of the License, or (at your option) any later version.

GROMACS:      gmx grompp, version 2018.4
Executable:   /home/aplatham2/Programs/gromacs-2018.4/bin/gmx_mpi
Data prefix:  /home/aplatham2/Programs/gromacs-2018.4
Working dir:  /nfs/pool002/users/aplatham2/chromatin/drug_env/hp1a/hp1a25
Command line:
  gmx_mpi grompp -f eq3.mdp -c eq_min.gro -p chromatin_dna.top -o eq3.tpr -maxwarn 1

Replacing old mdp entry 'nstxtcout' by 'nstxout-compressed'
Replacing old mdp entry 'xtc_grps' by 'compressed-x-grps'

NOTE 1 [file eq3.mdp]:
  The group cutoff scheme is deprecated since GROMACS 5.0 and will be
  removed in a future release when all interaction forms are supported for
  the verlet scheme. The verlet scheme already scales better, and it is
  compatible with GPUs and other accelerators.

Generated 1 of the 253 non-bonded parameter combinations
Excluding 3 bonded neighbours molecule type 'hp1a'

NOTE 2 [file chromatin_dna.top, line 6]:
  System has non-zero total charge: -235.000000
  Total charge should normally be an integer. See
  http://www.gromacs.org/Documentation/Floating_Point_Arithmetic
  for discussion on how close it should be to an integer.
  


Velocities were taken from a Maxwell distribution at 150 K
Simulated annealing for group System: Single, 2 timepoints
Time (ps)   Temperature (K)
      0.0      150.0
 100000.0-     300.0
Number of degrees of freedom in T-Coupling group System is 53859.00

There were 2 notes

GROMACS reminds you: "It Costs Too Much If It Costs a Lot" (Magnapop)

Analysing residue names:
There are: 17954    Protein residues
Analysing Protein...
This run will generate roughly 10 Mb of data
                      :-) GROMACS - gmx mdrun, 2018.4 (-:

                            GROMACS is written by:
     Emile Apol      Rossen Apostolov      Paul Bauer     Herman J.C. Berendsen
    Par Bjelkmar    Aldert van Buuren   Rudi van Drunen     Anton Feenstra  
  Gerrit Groenhof    Aleksei Iupinov   Christoph Junghans   Anca Hamuraru   
 Vincent Hindriksen Dimitrios Karkoulis    Peter Kasson        Jiri Kraus    
  Carsten Kutzner      Per Larsson      Justin A. Lemkul    Viveca Lindahl  
  Magnus Lundborg   Pieter Meulenhoff    Erik Marklund      Teemu Murtola   
    Szilard Pall       Sander Pronk      Roland Schulz     Alexey Shvetsov  
   Michael Shirts     Alfons Sijbers     Peter Tieleman    Teemu Virolainen 
 Christian Wennberg    Maarten Wolf   
                           and the project leaders:
        Mark Abraham, Berk Hess, Erik Lindahl, and David van der Spoel

Copyright (c) 1991-2000, University of Groningen, The Netherlands.
Copyright (c) 2001-2017, The GROMACS development team at
Uppsala University, Stockholm University and
the Royal Institute of Technology, Sweden.
check out http://www.gromacs.org for more information.

GROMACS is free software; you can redistribute it and/or modify it
under the terms of the GNU Lesser General Public License
as published by the Free Software Foundation; either version 2.1
of the License, or (at your option) any later version.

GROMACS:      gmx mdrun, version 2018.4
Executable:   /home/aplatham2/Programs/gromacs-2018.4/bin/gmx_mpi
Data prefix:  /home/aplatham2/Programs/gromacs-2018.4
Working dir:  /nfs/pool002/users/aplatham2/chromatin/drug_env/hp1a/hp1a25
Command line:
  gmx_mpi mdrun -deffnm eq3 -dlb yes -table table_159.xvg -tablep table_smog159.xvg -maxh 23.9 -noddcheck -rdd 4

Reading file eq3.tpr, VERSION 2018.4 (single precision)
Using 16 MPI processes


Non-default thread affinity set probably by the OpenMP library,
disabling internal thread affinity

NOTE: This file uses the deprecated 'group' cutoff_scheme. This will be
removed in a future release when 'verlet' supports all interaction forms.


WARNING: For the 740 non-zero entries for table 0 in table_159.xvg the forces deviate on average 59% from minus the numerical derivative of the potential


WARNING: For the 740 non-zero entries for table 0 in table_159.xvg the forces deviate on average 59% from minus the numerical derivative of the potential


WARNING: For the 740 non-zero entries for table 0 in table_159.xvg the forces deviate on average 59% from minus the numerical derivative of the potential


WARNING: For the 740 non-zero entries for table 0 in table_159.xvg the forces deviate on average 59% from minus the numerical derivative of the potential


WARNING: For the 740 non-zero entries for table 0 in table_159.xvg the forces deviate on average 59% from minus the numerical derivative of the potential


WARNING: For the 740 non-zero entries for table 0 in table_159.xvg the forces deviate on average 59% from minus the numerical derivative of the potential


WARNING: For the 740 non-zero entries for table 0 in table_159.xvg the forces deviate on average 59% from minus the numerical derivative of the potential


WARNING: For the 740 non-zero entries for table 0 in table_159.xvg the forces deviate on average 59% from minus the numerical derivative of the potential


WARNING: For the 740 non-zero entries for table 0 in table_159.xvg the forces deviate on average 59% from minus the numerical derivative of the potential


WARNING: For the 740 non-zero entries for table 0 in table_159.xvg the forces deviate on average 59% from minus the numerical derivative of the potential


WARNING: For the 740 non-zero entries for table 0 in table_159.xvg the forces deviate on average 59% from minus the numerical derivative of the potential


WARNING: For the 740 non-zero entries for table 0 in table_159.xvg the forces deviate on average 59% from minus the numerical derivative of the potential


WARNING: For the 740 non-zero entries for table 0 in table_159.xvg the forces deviate on average 59% from minus the numerical derivative of the potential


WARNING: For the 740 non-zero entries for table 0 in table_159.xvg the forces deviate on average 59% from minus the numerical derivative of the potential


WARNING: For the 740 non-zero entries for table 0 in table_159.xvg the forces deviate on average 59% from minus the numerical derivative of the potential


WARNING: For the 740 non-zero entries for table 0 in table_159.xvg the forces deviate on average 59% from minus the numerical derivative of the potential


WARNING: For the 740 non-zero entries for table 0 in table_smog159.xvg the forces deviate on average 59% from minus the numerical derivative of the potential


WARNING: For the 740 non-zero entries for table 0 in table_smog159.xvg the forces deviate on average 59% from minus the numerical derivative of the potential


WARNING: For the 740 non-zero entries for table 0 in table_smog159.xvg the forces deviate on average 59% from minus the numerical derivative of the potential


WARNING: For the 740 non-zero entries for table 0 in table_smog159.xvg the forces deviate on average 59% from minus the numerical derivative of the potential


WARNING: For the 740 non-zero entries for table 0 in table_smog159.xvg the forces deviate on average 59% from minus the numerical derivative of the potential


WARNING: For the 740 non-zero entries for table 0 in table_smog159.xvg the forces deviate on average 59% from minus the numerical derivative of the potential


WARNING: For the 740 non-zero entries for table 0 in table_smog159.xvg the forces deviate on average 59% from minus the numerical derivative of the potential


WARNING: For the 740 non-zero entries for table 0 in table_smog159.xvg the forces deviate on average 59% from minus the numerical derivative of the potential


WARNING: For the 740 non-zero entries for table 0 in table_smog159.xvg the forces deviate on average 59% from minus the numerical derivative of the potential


WARNING: For the 740 non-zero entries for table 0 in table_smog159.xvg the forces deviate on average 59% from minus the numerical derivative of the potential


WARNING: For the 740 non-zero entries for table 0 in table_smog159.xvg the forces deviate on average 59% from minus the numerical derivative of the potential


WARNING: For the 740 non-zero entries for table 0 in table_smog159.xvg the forces deviate on average 59% from minus the numerical derivative of the potential


WARNING: For the 740 non-zero entries for table 0 in table_smog159.xvg the forces deviate on average 59% from minus the numerical derivative of the potential


WARNING: For the 740 non-zero entries for table 0 in table_smog159.xvg the forces deviate on average 59% from minus the numerical derivative of the potential


WARNING: For the 740 non-zero entries for table 0 in table_smog159.xvg the forces deviate on average 59% from minus the numerical derivative of the potential


WARNING: For the 740 non-zero entries for table 0 in table_smog159.xvg the forces deviate on average 59% from minus the numerical derivative of the potential

starting mdrun 'hp1a'
10000000 steps, 100000.0 ps.

Writing final coordinates.

 Dynamic load balancing report:
 DLB was permanently on during the run per user request.
 Average load imbalance: 2.3%.
 The balanceable part of the MD step is 63%, load imbalance is computed from this.
 Part of the total run time spent waiting due to load imbalance: 1.4%.
 Steps where the load balancing was limited by -rdd, -rcon and/or -dds: X 1 % Y 0 % Z 0 %


               Core t (s)   Wall t (s)        (%)
       Time:   148014.423     9250.901     1600.0
                         2h34:10
                 (ns/day)    (hour/ns)
Performance:      933.963        0.026

GROMACS reminds you: "Everything Must Go" (Red Hot Chili Peppers)

