Log file opened on Wed Jun  1 16:23:11 2022
Host: node455.cm.cluster  pid: 33642  rank ID: 0  number of ranks:  8
                      :-) GROMACS - gmx mdrun, 2018.4 (-:

                            GROMACS is written by:
     Emile Apol      Rossen Apostolov      Paul Bauer     Herman J.C. Berendsen
    Par Bjelkmar    Aldert van Buuren   Rudi van Drunen     Anton Feenstra  
  Gerrit Groenhof    Aleksei Iupinov   Christoph Junghans   Anca Hamuraru   
 Vincent Hindriksen Dimitrios Karkoulis    Peter Kasson        Jiri Kraus    
  Carsten Kutzner      Per Larsson      Justin A. Lemkul    Viveca Lindahl  
  Magnus Lundborg   Pieter Meulenhoff    Erik Marklund      Teemu Murtola   
    Szilard Pall       Sander Pronk      Roland Schulz     Alexey Shvetsov  
   Michael Shirts     Alfons Sijbers     Peter Tieleman    Teemu Virolainen 
 Christian Wennberg    Maarten Wolf   
                           and the project leaders:
        Mark Abraham, Berk Hess, Erik Lindahl, and David van der Spoel

Copyright (c) 1991-2000, University of Groningen, The Netherlands.
Copyright (c) 2001-2017, The GROMACS development team at
Uppsala University, Stockholm University and
the Royal Institute of Technology, Sweden.
check out http://www.gromacs.org for more information.

GROMACS is free software; you can redistribute it and/or modify it
under the terms of the GNU Lesser General Public License
as published by the Free Software Foundation; either version 2.1
of the License, or (at your option) any later version.

GROMACS:      gmx mdrun, version 2018.4
Executable:   /home/aplatham2/Programs/gromacs-2018.4/bin/gmx_mpi
Data prefix:  /home/aplatham2/Programs/gromacs-2018.4
Working dir:  /nfs/pool002/users/aplatham2/chromatin/drug_env/NPM1_1/npm125
Command line:
  gmx_mpi mdrun -deffnm eq -dlb yes -table table_159.xvg -tablep table_smog159.xvg -maxh 47.9 -noddcheck -rdd 4

GROMACS version:    2018.4
Precision:          single
Memory model:       64 bit
MPI library:        MPI
OpenMP support:     enabled (GMX_OPENMP_MAX_THREADS = 64)
GPU support:        disabled
SIMD instructions:  AVX2_256
FFT library:        fftw-3.3.8-sse2-avx-avx2-avx2_128
RDTSCP usage:       enabled
TNG support:        enabled
Hwloc support:      hwloc-1.7
Tracing support:    disabled
Built on:           2018-12-21 00:53:11
Built by:           aplatham2@eofe7.cm.cluster [CMAKE]
Build OS/arch:      Linux 3.10.0-229.el7.x86_64 x86_64
Build CPU vendor:   Intel
Build CPU brand:    Intel(R) Xeon(R) CPU E5-2650 v3 @ 2.30GHz
Build CPU family:   6   Model: 63   Stepping: 2
Build CPU features: aes apic avx avx2 clfsh cmov cx8 cx16 f16c fma htt intel lahf mmx msr nonstop_tsc pcid pclmuldq pdcm pdpe1gb popcnt pse rdrnd rdtscp sse2 sse3 sse4.1 sse4.2 ssse3 tdt x2apic
C compiler:         /cm/shared/engaging/openmpi/2.0.3/bin/mpicc GNU 4.8.4
C compiler flags:    -march=core-avx2     -O3 -DNDEBUG -funroll-all-loops -fexcess-precision=fast  
C++ compiler:       /cm/shared/engaging/openmpi/2.0.3/bin/mpic++ GNU 4.8.4
C++ compiler flags:  -march=core-avx2    -std=c++11   -O3 -DNDEBUG -funroll-all-loops -fexcess-precision=fast  


Running on 1 node with total 56 cores, 56 logical cores
Hardware detected on host node455.cm.cluster (the node of MPI rank 0):
  CPU info:
    Vendor: Intel
    Brand:  Intel(R) Xeon(R) CPU E5-2690 v4 @ 2.60GHz
    Family: 6   Model: 79   Stepping: 1
    Features: aes apic avx avx2 clfsh cmov cx8 cx16 f16c fma hle htt intel lahf mmx msr nonstop_tsc pcid pclmuldq pdcm pdpe1gb popcnt pse rdrnd rdtscp rtm sse2 sse3 sse4.1 sse4.2 ssse3 tdt x2apic
  Hardware topology: Only logical processor count


++++ PLEASE READ AND CITE THE FOLLOWING REFERENCE ++++
M. J. Abraham, T. Murtola, R. Schulz, S. Páll, J. C. Smith, B. Hess, E.
Lindahl
GROMACS: High performance molecular simulations through multi-level
parallelism from laptops to supercomputers
SoftwareX 1 (2015) pp. 19-25
-------- -------- --- Thank You --- -------- --------


++++ PLEASE READ AND CITE THE FOLLOWING REFERENCE ++++
S. Páll, M. J. Abraham, C. Kutzner, B. Hess, E. Lindahl
Tackling Exascale Software Challenges in Molecular Dynamics Simulations with
GROMACS
In S. Markidis & E. Laure (Eds.), Solving Software Challenges for Exascale 8759 (2015) pp. 3-27
-------- -------- --- Thank You --- -------- --------


++++ PLEASE READ AND CITE THE FOLLOWING REFERENCE ++++
S. Pronk, S. Páll, R. Schulz, P. Larsson, P. Bjelkmar, R. Apostolov, M. R.
Shirts, J. C. Smith, P. M. Kasson, D. van der Spoel, B. Hess, and E. Lindahl
GROMACS 4.5: a high-throughput and highly parallel open source molecular
simulation toolkit
Bioinformatics 29 (2013) pp. 845-54
-------- -------- --- Thank You --- -------- --------


++++ PLEASE READ AND CITE THE FOLLOWING REFERENCE ++++
B. Hess and C. Kutzner and D. van der Spoel and E. Lindahl
GROMACS 4: Algorithms for highly efficient, load-balanced, and scalable
molecular simulation
J. Chem. Theory Comput. 4 (2008) pp. 435-447
-------- -------- --- Thank You --- -------- --------


++++ PLEASE READ AND CITE THE FOLLOWING REFERENCE ++++
D. van der Spoel, E. Lindahl, B. Hess, G. Groenhof, A. E. Mark and H. J. C.
Berendsen
GROMACS: Fast, Flexible and Free
J. Comp. Chem. 26 (2005) pp. 1701-1719
-------- -------- --- Thank You --- -------- --------


++++ PLEASE READ AND CITE THE FOLLOWING REFERENCE ++++
E. Lindahl and B. Hess and D. van der Spoel
GROMACS 3.0: A package for molecular simulation and trajectory analysis
J. Mol. Mod. 7 (2001) pp. 306-317
-------- -------- --- Thank You --- -------- --------


++++ PLEASE READ AND CITE THE FOLLOWING REFERENCE ++++
H. J. C. Berendsen, D. van der Spoel and R. van Drunen
GROMACS: A message-passing parallel molecular dynamics implementation
Comp. Phys. Comm. 91 (1995) pp. 43-56
-------- -------- --- Thank You --- -------- --------

Input Parameters:
   integrator                     = sd
   tinit                          = 0
   dt                             = 0.01
   nsteps                         = 10000000
   init-step                      = 0
   simulation-part                = 1
   comm-mode                      = Linear
   nstcomm                        = 100
   bd-fric                        = 0
   ld-seed                        = 90232
   emtol                          = 10
   emstep                         = 0.01
   niter                          = 20
   fcstep                         = 0
   nstcgsteep                     = 1000
   nbfgscorr                      = 10
   rtpi                           = 0.05
   nstxout                        = 0
   nstvout                        = 0
   nstfout                        = 0
   nstlog                         = 100000
   nstcalcenergy                  = 100
   nstenergy                      = 100000
   nstxout-compressed             = 100000
   compressed-x-precision         = 1000
   cutoff-scheme                  = Group
   nstlist                        = 20
   ns-type                        = Grid
   pbc                            = xyz
   periodic-molecules             = false
   verlet-buffer-tolerance        = 0.005
   rlist                          = 2
   coulombtype                    = User
   coulomb-modifier               = None
   rcoulomb-switch                = 0
   rcoulomb                       = 2
   epsilon-r                      = 1
   epsilon-rf                     = inf
   vdw-type                       = User
   vdw-modifier                   = None
   rvdw-switch                    = 1.5
   rvdw                           = 2
   DispCorr                       = No
   table-extension                = 10
   fourierspacing                 = 0.12
   fourier-nx                     = 0
   fourier-ny                     = 0
   fourier-nz                     = 0
   pme-order                      = 4
   ewald-rtol                     = 1e-05
   ewald-rtol-lj                  = 0.001
   lj-pme-comb-rule               = Geometric
   ewald-geometry                 = 0
   epsilon-surface                = 0
   implicit-solvent               = No
   gb-algorithm                   = Still
   nstgbradii                     = 1
   rgbradii                       = 1
   gb-epsilon-solvent             = 80
   gb-saltconc                    = 0
   gb-obc-alpha                   = 1
   gb-obc-beta                    = 0.8
   gb-obc-gamma                   = 4.85
   gb-dielectric-offset           = 0.009
   sa-algorithm                   = Ace-approximation
   sa-surface-tension             = 2.05016
   tcoupl                         = No
   nsttcouple                     = -1
   nh-chain-length                = 0
   print-nose-hoover-chain-variables = false
   pcoupl                         = Parrinello-Rahman
   pcoupltype                     = Isotropic
   nstpcouple                     = 5
   tau-p                          = 1
   compressibility (3x3):
      compressibility[    0]={ 4.50000e-05,  0.00000e+00,  0.00000e+00}
      compressibility[    1]={ 0.00000e+00,  4.50000e-05,  0.00000e+00}
      compressibility[    2]={ 0.00000e+00,  0.00000e+00,  4.50000e-05}
   ref-p (3x3):
      ref-p[    0]={ 1.00000e+00,  0.00000e+00,  0.00000e+00}
      ref-p[    1]={ 0.00000e+00,  1.00000e+00,  0.00000e+00}
      ref-p[    2]={ 0.00000e+00,  0.00000e+00,  1.00000e+00}
   refcoord-scaling               = No
   posres-com (3):
      posres-com[0]= 0.00000e+00
      posres-com[1]= 0.00000e+00
      posres-com[2]= 0.00000e+00
   posres-comB (3):
      posres-comB[0]= 0.00000e+00
      posres-comB[1]= 0.00000e+00
      posres-comB[2]= 0.00000e+00
   QMMM                           = false
   QMconstraints                  = 0
   QMMMscheme                     = 0
   MMChargeScaleFactor            = 1
qm-opts:
   ngQM                           = 0
   constraint-algorithm           = Lincs
   continuation                   = false
   Shake-SOR                      = false
   shake-tol                      = 0.0001
   lincs-order                    = 4
   lincs-iter                     = 1
   lincs-warnangle                = 30
   nwall                          = 0
   wall-type                      = 9-3
   wall-r-linpot                  = -1
   wall-atomtype[0]               = -1
   wall-atomtype[1]               = -1
   wall-density[0]                = 0
   wall-density[1]                = 0
   wall-ewald-zfac                = 3
   pull                           = false
   awh                            = false
   rotation                       = false
   interactiveMD                  = false
   disre                          = No
   disre-weighting                = Conservative
   disre-mixed                    = false
   dr-fc                          = 1000
   dr-tau                         = 0
   nstdisreout                    = 100
   orire-fc                       = 0
   orire-tau                      = 0
   nstorireout                    = 100
   free-energy                    = no
   cos-acceleration               = 0
   deform (3x3):
      deform[    0]={ 0.00000e+00,  0.00000e+00,  0.00000e+00}
      deform[    1]={ 0.00000e+00,  0.00000e+00,  0.00000e+00}
      deform[    2]={ 0.00000e+00,  0.00000e+00,  0.00000e+00}
   simulated-tempering            = false
   swapcoords                     = no
   userint1                       = 0
   userint2                       = 0
   userint3                       = 0
   userint4                       = 0
   userreal1                      = 0
   userreal2                      = 0
   userreal3                      = 0
   userreal4                      = 0
   applied-forces:
     electric-field:
       x:
         E0                       = 0
         omega                    = 0
         t0                       = 0
         sigma                    = 0
       y:
         E0                       = 0
         omega                    = 0
         t0                       = 0
         sigma                    = 0
       z:
         E0                       = 0
         omega                    = 0
         t0                       = 0
         sigma                    = 0
grpopts:
   nrdf:       56445
   ref-t:         150
   tau-t:           1
annealing:          No
annealing-npoints:           0
   acc:	           0           0           0
   nfreeze:           N           N           N
   energygrp-flags[  0]: 0


Initializing Domain Decomposition on 8 ranks
Dynamic load balancing: on
Minimum cell size due to atom displacement: 0.193 nm
Minimum cell size due to bonded interactions: 4.000 nm
Scaling the initial minimum size with 1/0.8 (option -dds) = 1.25
Optimizing the DD grid for 8 cells with a minimum initial size of 5.000 nm
The maximum allowed number of cells is: X 20 Y 20 Z 20
Domain decomposition grid 2 x 2 x 2, separate PME ranks 0
Domain decomposition rank 0, coordinates 0 0 0

The maximum number of communication pulses is: X 1 Y 1 Z 1
The minimum size for domain decomposition cells is 4.000 nm
The requested allowed shrink of DD cells (option -dds) is: 0.80
The allowed shrink of domain decomposition cells is: X 0.08 Y 0.08 Z 0.08
The maximum allowed distance for charge groups involved in interactions is:
                 non-bonded interactions           2.000 nm
            two-body bonded interactions  (-rdd)   4.000 nm
          multi-body bonded interactions  (-rdd)   4.000 nm

Using 8 MPI processes


Non-default thread affinity set probably by the OpenMP library,
disabling internal thread affinity

NOTE: This file uses the deprecated 'group' cutoff_scheme. This will be
removed in a future release when 'verlet' supports all interaction forms.

System total charge: -1456.000
Potential shift: LJ r^-12: 0.000e+00 r^-6: 0.000e+00
Table routines are used for coulomb: true
Table routines are used for vdw:     true
Cut-off's:   NS: 2   Coulomb: 2   LJ: 2
Read user tables from table_159.xvg with 15001 data points.
Tabscale = 500 points/nm

WARNING: For the 740 non-zero entries for table 0 in table_159.xvg the forces deviate on average 59% from minus the numerical derivative of the potential

Read user tables from table_smog159.xvg with 15001 data points.
Tabscale = 500 points/nm

WARNING: For the 740 non-zero entries for table 0 in table_smog159.xvg the forces deviate on average 59% from minus the numerical derivative of the potential


Removing pbc first time

Linking all bonded interactions to atoms


Intra-simulation communication will occur every 5 steps.
Center of mass motion removal mode is Linear
We have the following groups for center of mass motion removal:
  0:  rest

++++ PLEASE READ AND CITE THE FOLLOWING REFERENCE ++++
N. Goga and A. J. Rzepiela and A. H. de Vries and S. J. Marrink and H. J. C.
Berendsen
Efficient Algorithms for Langevin and DPD Dynamics
J. Chem. Theory Comput. 8 (2012) pp. 3637--3649
-------- -------- --- Thank You --- -------- --------

There are: 18816 Atoms
Atom distribution over 8 domains: av 2352 stddev 604 min 1545 max 3069
Grid: 27 x 26 x 26 cells
Initial temperature: 150 K

Started mdrun on rank 0 Wed Jun  1 16:23:14 2022
           Step           Time
              0        0.00000


   Energies (kJ/mol)
           Bond          Angle    Proper Dih.          LJ-14     Coulomb-14
    1.24925e+03    8.21394e+02    1.03939e+03   -1.50267e+05   -1.33650e+03
        LJ (SR)   Coulomb (SR)      Potential    Kinetic En.   Total Energy
   -3.05906e+03    1.59528e+03   -1.49957e+05    3.52129e+04   -1.14744e+05
    Temperature Pressure (bar)
    1.50062e+02    4.98438e-01

DD  step 19  vol min/aver 1.000  load imb.: force 37.7%

DD  step 99999  vol min/aver 0.492  load imb.: force  0.2%

           Step           Time
         100000     1000.00000

   Energies (kJ/mol)
           Bond          Angle    Proper Dih.          LJ-14     Coulomb-14
    1.09897e+04    1.03925e+04    1.23834e+04   -1.41246e+05   -1.28367e+03
        LJ (SR)   Coulomb (SR)      Potential    Kinetic En.   Total Energy
   -1.03655e+04   -1.01831e+03   -1.20148e+05    3.55033e+04   -8.46447e+04
    Temperature Pressure (bar)
    1.51300e+02    2.50359e+00

DD  step 199999  vol min/aver 0.512  load imb.: force  0.5%

           Step           Time
         200000     2000.00000

   Energies (kJ/mol)
           Bond          Angle    Proper Dih.          LJ-14     Coulomb-14
    1.10089e+04    1.03893e+04    1.26325e+04   -1.41301e+05   -1.28407e+03
        LJ (SR)   Coulomb (SR)      Potential    Kinetic En.   Total Energy
   -1.23098e+04   -1.01870e+03   -1.21883e+05    3.53113e+04   -8.65714e+04
    Temperature Pressure (bar)
    1.50482e+02   -4.39709e-01

Writing checkpoint, step 256560 at Wed Jun  1 16:38:14 2022


DD  step 299999  vol min/aver 0.522  load imb.: force  0.3%

           Step           Time
         300000     3000.00000

   Energies (kJ/mol)
           Bond          Angle    Proper Dih.          LJ-14     Coulomb-14
    1.06840e+04    1.01174e+04    1.28157e+04   -1.41232e+05   -1.28825e+03
        LJ (SR)   Coulomb (SR)      Potential    Kinetic En.   Total Energy
   -1.30548e+04   -1.06420e+03   -1.23022e+05    3.51880e+04   -8.78343e+04
    Temperature Pressure (bar)
    1.49956e+02    3.59714e+00

DD  step 399999  vol min/aver 0.566  load imb.: force  0.2%

           Step           Time
         400000     4000.00000

   Energies (kJ/mol)
           Bond          Angle    Proper Dih.          LJ-14     Coulomb-14
    1.10069e+04    1.03963e+04    1.31401e+04   -1.41316e+05   -1.28996e+03
        LJ (SR)   Coulomb (SR)      Potential    Kinetic En.   Total Energy
   -1.35446e+04   -1.33062e+03   -1.22938e+05    3.53693e+04   -8.75685e+04
    Temperature Pressure (bar)
    1.50729e+02   -1.72993e+00

Writing checkpoint, step 493340 at Wed Jun  1 16:53:14 2022


DD  step 499999  vol min/aver 0.555  load imb.: force  0.3%

           Step           Time
         500000     5000.00000

   Energies (kJ/mol)
           Bond          Angle    Proper Dih.          LJ-14     Coulomb-14
    1.08659e+04    1.04486e+04    1.30813e+04   -1.41411e+05   -1.27559e+03
        LJ (SR)   Coulomb (SR)      Potential    Kinetic En.   Total Energy
   -1.37695e+04   -1.41926e+03   -1.23479e+05    3.51965e+04   -8.82830e+04
    Temperature Pressure (bar)
    1.49993e+02    1.64733e+00

DD  step 599999  vol min/aver 0.534  load imb.: force  0.6%

           Step           Time
         600000     6000.00000

   Energies (kJ/mol)
           Bond          Angle    Proper Dih.          LJ-14     Coulomb-14
    1.09291e+04    1.03411e+04    1.33372e+04   -1.41403e+05   -1.28246e+03
        LJ (SR)   Coulomb (SR)      Potential    Kinetic En.   Total Energy
   -1.44077e+04   -1.51321e+03   -1.23999e+05    3.51765e+04   -8.88227e+04
    Temperature Pressure (bar)
    1.49907e+02   -3.39691e+00

DD  step 699999  vol min/aver 0.561  load imb.: force  0.3%

           Step           Time
         700000     7000.00000

   Energies (kJ/mol)
           Bond          Angle    Proper Dih.          LJ-14     Coulomb-14
    1.06654e+04    1.03106e+04    1.33536e+04   -1.41420e+05   -1.28328e+03
        LJ (SR)   Coulomb (SR)      Potential    Kinetic En.   Total Energy
   -1.43794e+04   -1.57036e+03   -1.24324e+05    3.53700e+04   -8.89538e+04
    Temperature Pressure (bar)
    1.50732e+02    1.11015e+00

Writing checkpoint, step 764720 at Wed Jun  1 17:08:14 2022


DD  step 799999  vol min/aver 0.565  load imb.: force  0.4%

           Step           Time
         800000     8000.00000

   Energies (kJ/mol)
           Bond          Angle    Proper Dih.          LJ-14     Coulomb-14
    1.10881e+04    1.02706e+04    1.34942e+04   -1.41437e+05   -1.26669e+03
        LJ (SR)   Coulomb (SR)      Potential    Kinetic En.   Total Energy
   -1.47015e+04   -1.71798e+03   -1.24270e+05    3.52104e+04   -8.90599e+04
    Temperature Pressure (bar)
    1.50052e+02    2.10242e+00

DD  step 899999  vol min/aver 0.603  load imb.: force  0.2%

           Step           Time
         900000     9000.00000

   Energies (kJ/mol)
           Bond          Angle    Proper Dih.          LJ-14     Coulomb-14
    1.10124e+04    1.03924e+04    1.32654e+04   -1.41492e+05   -1.27833e+03
        LJ (SR)   Coulomb (SR)      Potential    Kinetic En.   Total Energy
   -1.47520e+04   -1.75824e+03   -1.24610e+05    3.50477e+04   -8.95625e+04
    Temperature Pressure (bar)
    1.49358e+02   -1.88585e+00

DD  step 999999  vol min/aver 0.588  load imb.: force  0.2%

           Step           Time
        1000000    10000.00000

   Energies (kJ/mol)
           Bond          Angle    Proper Dih.          LJ-14     Coulomb-14
    1.08040e+04    1.00754e+04    1.33190e+04   -1.41586e+05   -1.26156e+03
        LJ (SR)   Coulomb (SR)      Potential    Kinetic En.   Total Energy
   -1.46550e+04   -1.78343e+03   -1.25087e+05    3.55208e+04   -8.95663e+04
    Temperature Pressure (bar)
    1.51375e+02   -2.24846e-01

Writing checkpoint, step 1015560 at Wed Jun  1 17:23:14 2022


DD  step 1099999  vol min/aver 0.612  load imb.: force  0.4%

           Step           Time
        1100000    11000.00000

   Energies (kJ/mol)
           Bond          Angle    Proper Dih.          LJ-14     Coulomb-14
    1.08457e+04    1.05160e+04    1.33588e+04   -1.41405e+05   -1.28079e+03
        LJ (SR)   Coulomb (SR)      Potential    Kinetic En.   Total Energy
   -1.49933e+04   -1.84752e+03   -1.24806e+05    3.54380e+04   -8.93681e+04
    Temperature Pressure (bar)
    1.51022e+02   -6.55311e+00

DD  step 1199999  vol min/aver 0.612  load imb.: force  0.7%

           Step           Time
        1200000    12000.00000

   Energies (kJ/mol)
           Bond          Angle    Proper Dih.          LJ-14     Coulomb-14
    1.09665e+04    1.02542e+04    1.33172e+04   -1.41416e+05   -1.29183e+03
        LJ (SR)   Coulomb (SR)      Potential    Kinetic En.   Total Energy
   -1.50790e+04   -1.94806e+03   -1.25197e+05    3.51587e+04   -9.00387e+04
    Temperature Pressure (bar)
    1.49832e+02    1.87624e+00

Writing checkpoint, step 1263920 at Wed Jun  1 17:38:14 2022


DD  step 1299999  vol min/aver 0.630  load imb.: force  0.4%

           Step           Time
        1300000    13000.00000

   Energies (kJ/mol)
           Bond          Angle    Proper Dih.          LJ-14     Coulomb-14
    1.07774e+04    1.02372e+04    1.35292e+04   -1.41436e+05   -1.27922e+03
        LJ (SR)   Coulomb (SR)      Potential    Kinetic En.   Total Energy
   -1.52206e+04   -1.92628e+03   -1.25318e+05    3.52783e+04   -9.00395e+04
    Temperature Pressure (bar)
    1.50341e+02   -4.03848e-01

DD  step 1399999  vol min/aver 0.614  load imb.: force  0.3%

           Step           Time
        1400000    14000.00000

   Energies (kJ/mol)
           Bond          Angle    Proper Dih.          LJ-14     Coulomb-14
    1.08221e+04    1.02123e+04    1.33369e+04   -1.41378e+05   -1.27467e+03
        LJ (SR)   Coulomb (SR)      Potential    Kinetic En.   Total Energy
   -1.54210e+04   -2.05403e+03   -1.25756e+05    3.50901e+04   -9.06663e+04
    Temperature Pressure (bar)
    1.49539e+02    3.36115e+00

Writing checkpoint, step 1482640 at Wed Jun  1 17:53:16 2022


Writing checkpoint, step 1497500 at Wed Jun  1 18:08:16 2022


DD  step 1499999  vol min/aver 0.567  load imb.: force  2.6%

           Step           Time
        1500000    15000.00000

   Energies (kJ/mol)
           Bond          Angle    Proper Dih.          LJ-14     Coulomb-14
    1.09434e+04    1.03296e+04    1.37791e+04   -1.41459e+05   -1.28902e+03
        LJ (SR)   Coulomb (SR)      Potential    Kinetic En.   Total Energy
   -1.58334e+04   -2.02280e+03   -1.25552e+05    3.54738e+04   -9.00784e+04
    Temperature Pressure (bar)
    1.51174e+02    1.18105e+00

Writing checkpoint, step 1511580 at Wed Jun  1 18:23:14 2022


DD  step 1599999  vol min/aver 0.645  load imb.: force  0.2%

           Step           Time
        1600000    16000.00000

   Energies (kJ/mol)
           Bond          Angle    Proper Dih.          LJ-14     Coulomb-14
    1.08211e+04    1.02788e+04    1.35848e+04   -1.41542e+05   -1.26076e+03
        LJ (SR)   Coulomb (SR)      Potential    Kinetic En.   Total Energy
   -1.60443e+04   -2.03220e+03   -1.26195e+05    3.53193e+04   -9.08756e+04
    Temperature Pressure (bar)
    1.50516e+02    2.16871e+00

Writing checkpoint, step 1668400 at Wed Jun  1 18:38:14 2022


DD  step 1699999  vol min/aver 0.639  load imb.: force  0.5%

           Step           Time
        1700000    17000.00000

   Energies (kJ/mol)
           Bond          Angle    Proper Dih.          LJ-14     Coulomb-14
    1.07307e+04    1.03413e+04    1.34242e+04   -1.41469e+05   -1.28737e+03
        LJ (SR)   Coulomb (SR)      Potential    Kinetic En.   Total Energy
   -1.57806e+04   -2.13151e+03   -1.26172e+05    3.52996e+04   -9.08726e+04
    Temperature Pressure (bar)
    1.50432e+02    7.76690e+00

Writing checkpoint, step 1797800 at Wed Jun  1 18:53:14 2022


DD  step 1799999  vol min/aver 0.618  load imb.: force  0.5%

           Step           Time
        1800000    18000.00000

   Energies (kJ/mol)
           Bond          Angle    Proper Dih.          LJ-14     Coulomb-14
    1.08339e+04    1.02584e+04    1.34012e+04   -1.41398e+05   -1.28342e+03
        LJ (SR)   Coulomb (SR)      Potential    Kinetic En.   Total Energy
   -1.62202e+04   -2.04498e+03   -1.26453e+05    3.54574e+04   -9.09955e+04
    Temperature Pressure (bar)
    1.51105e+02    5.68776e+00

DD  step 1899999  vol min/aver 0.654  load imb.: force  0.3%

           Step           Time
        1900000    19000.00000

   Energies (kJ/mol)
           Bond          Angle    Proper Dih.          LJ-14     Coulomb-14
    1.08071e+04    1.02623e+04    1.34694e+04   -1.41438e+05   -1.29749e+03
        LJ (SR)   Coulomb (SR)      Potential    Kinetic En.   Total Energy
   -1.58641e+04   -2.12901e+03   -1.26190e+05    3.55105e+04   -9.06793e+04
    Temperature Pressure (bar)
    1.51331e+02    4.00086e-01

Writing checkpoint, step 1933820 at Wed Jun  1 19:08:14 2022


DD  step 1999999  vol min/aver 0.631  load imb.: force  0.5%

           Step           Time
        2000000    20000.00000

   Energies (kJ/mol)
           Bond          Angle    Proper Dih.          LJ-14     Coulomb-14
    1.09401e+04    1.02779e+04    1.36882e+04   -1.41317e+05   -1.28738e+03
        LJ (SR)   Coulomb (SR)      Potential    Kinetic En.   Total Energy
   -1.62182e+04   -2.24217e+03   -1.26158e+05    3.51475e+04   -9.10107e+04
    Temperature Pressure (bar)
    1.49784e+02   -2.07881e+00

DD  step 2099999  vol min/aver 0.632  load imb.: force  0.4%

           Step           Time
        2100000    21000.00000

   Energies (kJ/mol)
           Bond          Angle    Proper Dih.          LJ-14     Coulomb-14
    1.08892e+04    1.02799e+04    1.34295e+04   -1.41460e+05   -1.28203e+03
        LJ (SR)   Coulomb (SR)      Potential    Kinetic En.   Total Energy
   -1.61451e+04   -2.18067e+03   -1.26469e+05    3.51304e+04   -9.13385e+04
    Temperature Pressure (bar)
    1.49711e+02    6.02155e+00

Writing checkpoint, step 2110220 at Wed Jun  1 19:23:14 2022


DD  step 2199999  vol min/aver 0.649  load imb.: force  0.3%

           Step           Time
        2200000    22000.00000

   Energies (kJ/mol)
           Bond          Angle    Proper Dih.          LJ-14     Coulomb-14
    1.08924e+04    1.04705e+04    1.35120e+04   -1.41286e+05   -1.27957e+03
        LJ (SR)   Coulomb (SR)      Potential    Kinetic En.   Total Energy
   -1.64351e+04   -2.00184e+03   -1.26127e+05    3.52410e+04   -9.08861e+04
    Temperature Pressure (bar)
    1.50182e+02   -2.90085e-01

DD  step 2299999  vol min/aver 0.637  load imb.: force  0.2%

           Step           Time
        2300000    23000.00000

   Energies (kJ/mol)
           Bond          Angle    Proper Dih.          LJ-14     Coulomb-14
    1.07350e+04    1.02544e+04    1.35087e+04   -1.41298e+05   -1.28478e+03
        LJ (SR)   Coulomb (SR)      Potential    Kinetic En.   Total Energy
   -1.64446e+04   -2.05908e+03   -1.26588e+05    3.54845e+04   -9.11037e+04
    Temperature Pressure (bar)
    1.51220e+02    3.39943e+00

Writing checkpoint, step 2325300 at Wed Jun  1 19:38:15 2022


DD  step 2399999  vol min/aver 0.651  load imb.: force  0.4%

           Step           Time
        2400000    24000.00000

   Energies (kJ/mol)
           Bond          Angle    Proper Dih.          LJ-14     Coulomb-14
    1.07427e+04    1.02948e+04    1.36501e+04   -1.41511e+05   -1.28098e+03
        LJ (SR)   Coulomb (SR)      Potential    Kinetic En.   Total Energy
   -1.64237e+04   -2.06712e+03   -1.26595e+05    3.52867e+04   -9.13081e+04
    Temperature Pressure (bar)
    1.50377e+02   -9.20224e+00

DD  step 2499999  vol min/aver 0.623  load imb.: force  0.3%

           Step           Time
        2500000    25000.00000

   Energies (kJ/mol)
           Bond          Angle    Proper Dih.          LJ-14     Coulomb-14
    1.09238e+04    1.03877e+04    1.35699e+04   -1.41303e+05   -1.28207e+03
        LJ (SR)   Coulomb (SR)      Potential    Kinetic En.   Total Energy
   -1.65627e+04   -2.13705e+03   -1.26404e+05    3.48319e+04   -9.15717e+04
    Temperature Pressure (bar)
    1.48439e+02    2.35592e-01

Writing checkpoint, step 2514600 at Wed Jun  1 19:53:14 2022


DD  step 2599999  vol min/aver 0.646  load imb.: force  0.6%

           Step           Time
        2600000    26000.00000

   Energies (kJ/mol)
           Bond          Angle    Proper Dih.          LJ-14     Coulomb-14
    1.07333e+04    1.04130e+04    1.36204e+04   -1.41331e+05   -1.29003e+03
        LJ (SR)   Coulomb (SR)      Potential    Kinetic En.   Total Energy
   -1.65596e+04   -2.24346e+03   -1.26658e+05    3.52484e+04   -9.14092e+04
    Temperature Pressure (bar)
    1.50214e+02   -4.87077e+00

Writing checkpoint, step 2667260 at Wed Jun  1 20:08:15 2022


DD  step 2699999  vol min/aver 0.652  load imb.: force  0.3%

           Step           Time
        2700000    27000.00000

   Energies (kJ/mol)
           Bond          Angle    Proper Dih.          LJ-14     Coulomb-14
    1.08414e+04    1.02429e+04    1.34035e+04   -1.41572e+05   -1.27664e+03
        LJ (SR)   Coulomb (SR)      Potential    Kinetic En.   Total Energy
   -1.66990e+04   -2.11158e+03   -1.27172e+05    3.50525e+04   -9.21192e+04
    Temperature Pressure (bar)
    1.49379e+02   -5.86780e+00

DD  step 2799999  vol min/aver 0.678  load imb.: force  0.4%

           Step           Time
        2800000    28000.00000

   Energies (kJ/mol)
           Bond          Angle    Proper Dih.          LJ-14     Coulomb-14
    1.08496e+04    1.03750e+04    1.36126e+04   -1.41346e+05   -1.28163e+03
        LJ (SR)   Coulomb (SR)      Potential    Kinetic En.   Total Energy
   -1.67081e+04   -2.16218e+03   -1.26660e+05    3.54016e+04   -9.12587e+04
    Temperature Pressure (bar)
    1.50867e+02    2.47128e+00

Writing checkpoint, step 2897000 at Wed Jun  1 20:23:14 2022


DD  step 2899999  vol min/aver 0.659  load imb.: force  0.4%

           Step           Time
        2900000    29000.00000

   Energies (kJ/mol)
           Bond          Angle    Proper Dih.          LJ-14     Coulomb-14
    1.08100e+04    1.00987e+04    1.35020e+04   -1.41589e+05   -1.27955e+03
        LJ (SR)   Coulomb (SR)      Potential    Kinetic En.   Total Energy
   -1.66718e+04   -2.30014e+03   -1.27430e+05    3.53594e+04   -9.20709e+04
    Temperature Pressure (bar)
    1.50687e+02    4.20231e+00

DD  step 2999999  vol min/aver 0.688  load imb.: force  0.4%

           Step           Time
        3000000    30000.00000

   Energies (kJ/mol)
           Bond          Angle    Proper Dih.          LJ-14     Coulomb-14
    1.08337e+04    1.03328e+04    1.36002e+04   -1.41369e+05   -1.28410e+03
        LJ (SR)   Coulomb (SR)      Potential    Kinetic En.   Total Energy
   -1.66499e+04   -2.31922e+03   -1.26856e+05    3.47238e+04   -9.21321e+04
    Temperature Pressure (bar)
    1.47978e+02   -9.58414e-01

DD  step 3099999  vol min/aver 0.666  load imb.: force  0.3%

           Step           Time
        3100000    31000.00000

   Energies (kJ/mol)
           Bond          Angle    Proper Dih.          LJ-14     Coulomb-14
    1.07374e+04    1.02407e+04    1.37484e+04   -1.41615e+05   -1.27068e+03
        LJ (SR)   Coulomb (SR)      Potential    Kinetic En.   Total Energy
   -1.67429e+04   -2.29477e+03   -1.27197e+05    3.52332e+04   -9.19637e+04
    Temperature Pressure (bar)
    1.50149e+02   -4.42698e+00

Writing checkpoint, step 3149480 at Wed Jun  1 20:38:14 2022


DD  step 3199999  vol min/aver 0.695  load imb.: force  0.2%

           Step           Time
        3200000    32000.00000

   Energies (kJ/mol)
           Bond          Angle    Proper Dih.          LJ-14     Coulomb-14
    1.08550e+04    1.00479e+04    1.36213e+04   -1.41448e+05   -1.28633e+03
        LJ (SR)   Coulomb (SR)      Potential    Kinetic En.   Total Energy
   -1.66804e+04   -2.34760e+03   -1.27238e+05    3.53384e+04   -9.18995e+04
    Temperature Pressure (bar)
    1.50597e+02    7.38821e-01

DD  step 3299999  vol min/aver 0.713  load imb.: force  0.6%

           Step           Time
        3300000    33000.00000

   Energies (kJ/mol)
           Bond          Angle    Proper Dih.          LJ-14     Coulomb-14
    1.08450e+04    1.03479e+04    1.33328e+04   -1.41627e+05   -1.28607e+03
        LJ (SR)   Coulomb (SR)      Potential    Kinetic En.   Total Energy
   -1.64791e+04   -2.38291e+03   -1.27250e+05    3.54582e+04   -9.17916e+04
    Temperature Pressure (bar)
    1.51108e+02    6.15171e+00

Writing checkpoint, step 3380520 at Wed Jun  1 20:53:14 2022


DD  step 3399999  vol min/aver 0.671  load imb.: force  0.3%

           Step           Time
        3400000    34000.00000

   Energies (kJ/mol)
           Bond          Angle    Proper Dih.          LJ-14     Coulomb-14
    1.09252e+04    1.01776e+04    1.35130e+04   -1.41393e+05   -1.26618e+03
        LJ (SR)   Coulomb (SR)      Potential    Kinetic En.   Total Energy
   -1.66793e+04   -2.28017e+03   -1.27003e+05    3.50876e+04   -9.19158e+04
    Temperature Pressure (bar)
    1.49528e+02   -5.64253e+00

DD  step 3499999  vol min/aver 0.700  load imb.: force  0.3%

           Step           Time
        3500000    35000.00000

   Energies (kJ/mol)
           Bond          Angle    Proper Dih.          LJ-14     Coulomb-14
    1.08440e+04    1.02629e+04    1.34999e+04   -1.41562e+05   -1.27947e+03
        LJ (SR)   Coulomb (SR)      Potential    Kinetic En.   Total Energy
   -1.67082e+04   -2.19774e+03   -1.27141e+05    3.48314e+04   -9.23093e+04
    Temperature Pressure (bar)
    1.48437e+02   -2.80593e+00

Writing checkpoint, step 3504560 at Wed Jun  1 21:08:14 2022


Writing checkpoint, step 3595400 at Wed Jun  1 21:23:15 2022


DD  step 3599999  vol min/aver 0.727  load imb.: force  0.3%

           Step           Time
        3600000    36000.00000

   Energies (kJ/mol)
           Bond          Angle    Proper Dih.          LJ-14     Coulomb-14
    1.05800e+04    1.02023e+04    1.35040e+04   -1.41572e+05   -1.28191e+03
        LJ (SR)   Coulomb (SR)      Potential    Kinetic En.   Total Energy
   -1.69339e+04   -2.22118e+03   -1.27723e+05    3.53562e+04   -9.23666e+04
    Temperature Pressure (bar)
    1.50673e+02   -4.12221e+00

DD  step 3699999  vol min/aver 0.741  load imb.: force  0.2%

           Step           Time
        3700000    37000.00000

   Energies (kJ/mol)
           Bond          Angle    Proper Dih.          LJ-14     Coulomb-14
    1.09055e+04    1.00918e+04    1.34364e+04   -1.41704e+05   -1.27020e+03
        LJ (SR)   Coulomb (SR)      Potential    Kinetic En.   Total Energy
   -1.68701e+04   -2.23613e+03   -1.27647e+05    3.51708e+04   -9.24757e+04
    Temperature Pressure (bar)
    1.49883e+02    2.99405e+00

Writing checkpoint, step 3775680 at Wed Jun  1 21:38:15 2022


DD  step 3799999  vol min/aver 0.714  load imb.: force  0.3%

           Step           Time
        3800000    38000.00000

   Energies (kJ/mol)
           Bond          Angle    Proper Dih.          LJ-14     Coulomb-14
    1.06612e+04    1.02654e+04    1.34645e+04   -1.41715e+05   -1.27989e+03
        LJ (SR)   Coulomb (SR)      Potential    Kinetic En.   Total Energy
   -1.69248e+04   -2.33362e+03   -1.27863e+05    3.51984e+04   -9.26642e+04
    Temperature Pressure (bar)
    1.50001e+02    2.35424e-01

DD  step 3899999  vol min/aver 0.713  load imb.: force  0.2%

           Step           Time
        3900000    39000.00000

   Energies (kJ/mol)
           Bond          Angle    Proper Dih.          LJ-14     Coulomb-14
    1.07214e+04    1.02283e+04    1.33222e+04   -1.41575e+05   -1.27581e+03
        LJ (SR)   Coulomb (SR)      Potential    Kinetic En.   Total Energy
   -1.69133e+04   -2.26621e+03   -1.27758e+05    3.50424e+04   -9.27160e+04
    Temperature Pressure (bar)
    1.49336e+02   -6.60666e+00

Writing checkpoint, step 3981680 at Wed Jun  1 21:53:14 2022


DD  step 3999999  vol min/aver 0.748  load imb.: force  0.6%

           Step           Time
        4000000    40000.00000

   Energies (kJ/mol)
           Bond          Angle    Proper Dih.          LJ-14     Coulomb-14
    1.05768e+04    1.03991e+04    1.36124e+04   -1.41797e+05   -1.28971e+03
        LJ (SR)   Coulomb (SR)      Potential    Kinetic En.   Total Energy
   -1.67779e+04   -2.34197e+03   -1.27618e+05    3.53994e+04   -9.22191e+04
    Temperature Pressure (bar)
    1.50857e+02    3.02285e+00

DD  step 4099999  vol min/aver 0.728  load imb.: force  0.3%

           Step           Time
        4100000    41000.00000

   Energies (kJ/mol)
           Bond          Angle    Proper Dih.          LJ-14     Coulomb-14
    1.07944e+04    1.02794e+04    1.37230e+04   -1.41325e+05   -1.27634e+03
        LJ (SR)   Coulomb (SR)      Potential    Kinetic En.   Total Energy
   -1.71109e+04   -2.31995e+03   -1.27236e+05    3.50106e+04   -9.22252e+04
    Temperature Pressure (bar)
    1.49200e+02   -2.79779e+00

Writing checkpoint, step 4146580 at Wed Jun  1 22:08:14 2022


DD  step 4199999  vol min/aver 0.731  load imb.: force  0.8%

           Step           Time
        4200000    42000.00000

   Energies (kJ/mol)
           Bond          Angle    Proper Dih.          LJ-14     Coulomb-14
    1.07519e+04    1.03416e+04    1.35338e+04   -1.41572e+05   -1.29300e+03
        LJ (SR)   Coulomb (SR)      Potential    Kinetic En.   Total Energy
   -1.68709e+04   -2.44087e+03   -1.27549e+05    3.51632e+04   -9.23859e+04
    Temperature Pressure (bar)
    1.49851e+02    5.00211e+00

DD  step 4299999  vol min/aver 0.732  load imb.: force  0.4%

           Step           Time
        4300000    43000.00000

   Energies (kJ/mol)
           Bond          Angle    Proper Dih.          LJ-14     Coulomb-14
    1.05715e+04    1.03281e+04    1.36933e+04   -1.41608e+05   -1.28765e+03
        LJ (SR)   Coulomb (SR)      Potential    Kinetic En.   Total Energy
   -1.70993e+04   -2.36987e+03   -1.27772e+05    3.51414e+04   -9.26303e+04
    Temperature Pressure (bar)
    1.49758e+02    3.46730e+00

Writing checkpoint, step 4377780 at Wed Jun  1 22:23:14 2022


DD  step 4399999  vol min/aver 0.716  load imb.: force  0.3%

           Step           Time
        4400000    44000.00000

   Energies (kJ/mol)
           Bond          Angle    Proper Dih.          LJ-14     Coulomb-14
    1.08146e+04    1.00581e+04    1.36701e+04   -1.41529e+05   -1.27047e+03
        LJ (SR)   Coulomb (SR)      Potential    Kinetic En.   Total Energy
   -1.70590e+04   -2.54181e+03   -1.27857e+05    3.51662e+04   -9.26913e+04
    Temperature Pressure (bar)
    1.49863e+02    8.07854e+00

DD  step 4499999  vol min/aver 0.711  load imb.: force  0.4%

           Step           Time
        4500000    45000.00000

   Energies (kJ/mol)
           Bond          Angle    Proper Dih.          LJ-14     Coulomb-14
    1.05662e+04    1.03205e+04    1.36191e+04   -1.41729e+05   -1.27510e+03
        LJ (SR)   Coulomb (SR)      Potential    Kinetic En.   Total Energy
   -1.69534e+04   -2.37014e+03   -1.27822e+05    3.52121e+04   -9.26098e+04
    Temperature Pressure (bar)
    1.50059e+02    2.60987e+00

DD  step 4599999  vol min/aver 0.718  load imb.: force  0.5%

           Step           Time
        4600000    46000.00000

   Energies (kJ/mol)
           Bond          Angle    Proper Dih.          LJ-14     Coulomb-14
    1.06730e+04    1.00428e+04    1.36699e+04   -1.41576e+05   -1.27685e+03
        LJ (SR)   Coulomb (SR)      Potential    Kinetic En.   Total Energy
   -1.70561e+04   -2.43774e+03   -1.27961e+05    3.54241e+04   -9.25367e+04
    Temperature Pressure (bar)
    1.50963e+02    3.00032e+00

Writing checkpoint, step 4623700 at Wed Jun  1 22:38:14 2022


DD  step 4699999  vol min/aver 0.739  load imb.: force  0.6%

           Step           Time
        4700000    47000.00000

   Energies (kJ/mol)
           Bond          Angle    Proper Dih.          LJ-14     Coulomb-14
    1.07824e+04    1.02627e+04    1.36547e+04   -1.41693e+05   -1.29317e+03
        LJ (SR)   Coulomb (SR)      Potential    Kinetic En.   Total Energy
   -1.72255e+04   -2.33114e+03   -1.27843e+05    3.52135e+04   -9.26299e+04
    Temperature Pressure (bar)
    1.50065e+02    1.91931e+00

Writing checkpoint, step 4790420 at Wed Jun  1 22:53:14 2022


DD  step 4799999  vol min/aver 0.736  load imb.: force  0.2%

           Step           Time
        4800000    48000.00000

   Energies (kJ/mol)
           Bond          Angle    Proper Dih.          LJ-14     Coulomb-14
    1.06830e+04    1.01370e+04    1.36179e+04   -1.41712e+05   -1.28068e+03
        LJ (SR)   Coulomb (SR)      Potential    Kinetic En.   Total Energy
   -1.71255e+04   -2.52001e+03   -1.28200e+05    3.53400e+04   -9.28603e+04
    Temperature Pressure (bar)
    1.50604e+02    1.01085e+00

DD  step 4899999  vol min/aver 0.720  load imb.: force  0.3%

           Step           Time
        4900000    49000.00000

   Energies (kJ/mol)
           Bond          Angle    Proper Dih.          LJ-14     Coulomb-14
    1.07363e+04    1.03498e+04    1.38684e+04   -1.41503e+05   -1.28890e+03
        LJ (SR)   Coulomb (SR)      Potential    Kinetic En.   Total Energy
   -1.70419e+04   -2.44931e+03   -1.27328e+05    3.56492e+04   -9.16790e+04
    Temperature Pressure (bar)
    1.51922e+02    5.04019e+00

DD  step 4999999  vol min/aver 0.722  load imb.: force  0.6%

           Step           Time
        5000000    50000.00000

   Energies (kJ/mol)
           Bond          Angle    Proper Dih.          LJ-14     Coulomb-14
    1.06450e+04    1.00654e+04    1.37485e+04   -1.41589e+05   -1.28567e+03
        LJ (SR)   Coulomb (SR)      Potential    Kinetic En.   Total Energy
   -1.71087e+04   -2.43480e+03   -1.27960e+05    3.50415e+04   -9.29182e+04
    Temperature Pressure (bar)
    1.49332e+02   -1.95898e+00

Writing checkpoint, step 5013240 at Wed Jun  1 23:08:14 2022


DD  step 5099999  vol min/aver 0.698  load imb.: force  0.3%

           Step           Time
        5100000    51000.00000

   Energies (kJ/mol)
           Bond          Angle    Proper Dih.          LJ-14     Coulomb-14
    1.07844e+04    1.02714e+04    1.36386e+04   -1.41462e+05   -1.27513e+03
        LJ (SR)   Coulomb (SR)      Potential    Kinetic En.   Total Energy
   -1.71408e+04   -2.32955e+03   -1.27513e+05    3.53164e+04   -9.21964e+04
    Temperature Pressure (bar)
    1.50503e+02    4.06860e+00

Writing checkpoint, step 5165300 at Wed Jun  1 23:23:14 2022


DD  step 5199999  vol min/aver 0.725  load imb.: force  0.2%

           Step           Time
        5200000    52000.00000

   Energies (kJ/mol)
           Bond          Angle    Proper Dih.          LJ-14     Coulomb-14
    1.08281e+04    1.00502e+04    1.34545e+04   -1.41532e+05   -1.29084e+03
        LJ (SR)   Coulomb (SR)      Potential    Kinetic En.   Total Energy
   -1.69964e+04   -2.45905e+03   -1.27945e+05    3.52367e+04   -9.27085e+04
    Temperature Pressure (bar)
    1.50164e+02    1.03669e+01

DD  step 5299999  vol min/aver 0.714  load imb.: force  0.5%

           Step           Time
        5300000    53000.00000

   Energies (kJ/mol)
           Bond          Angle    Proper Dih.          LJ-14     Coulomb-14
    1.08658e+04    1.03229e+04    1.38722e+04   -1.41622e+05   -1.28867e+03
        LJ (SR)   Coulomb (SR)      Potential    Kinetic En.   Total Energy
   -1.71396e+04   -2.48578e+03   -1.27475e+05    3.49866e+04   -9.24885e+04
    Temperature Pressure (bar)
    1.49098e+02    7.63558e-01

Writing checkpoint, step 5370840 at Wed Jun  1 23:38:14 2022


DD  step 5399999  vol min/aver 0.735  load imb.: force  0.3%

           Step           Time
        5400000    54000.00000

   Energies (kJ/mol)
           Bond          Angle    Proper Dih.          LJ-14     Coulomb-14
    1.06738e+04    1.00445e+04    1.37315e+04   -1.41725e+05   -1.27493e+03
        LJ (SR)   Coulomb (SR)      Potential    Kinetic En.   Total Energy
   -1.70594e+04   -2.55258e+03   -1.28162e+05    3.51179e+04   -9.30440e+04
    Temperature Pressure (bar)
    1.49658e+02    4.12537e+00

DD  step 5499999  vol min/aver 0.722  load imb.: force  0.8%

           Step           Time
        5500000    55000.00000

   Energies (kJ/mol)
           Bond          Angle    Proper Dih.          LJ-14     Coulomb-14
    1.07131e+04    1.03090e+04    1.36482e+04   -1.41654e+05   -1.28975e+03
        LJ (SR)   Coulomb (SR)      Potential    Kinetic En.   Total Energy
   -1.72913e+04   -2.45996e+03   -1.28025e+05    3.49351e+04   -9.30895e+04
    Temperature Pressure (bar)
    1.48879e+02    4.82043e+00

Writing checkpoint, step 5593300 at Wed Jun  1 23:53:14 2022


DD  step 5599999  vol min/aver 0.727  load imb.: force  0.2%

           Step           Time
        5600000    56000.00000

   Energies (kJ/mol)
           Bond          Angle    Proper Dih.          LJ-14     Coulomb-14
    1.08434e+04    1.02888e+04    1.35733e+04   -1.41638e+05   -1.28058e+03
        LJ (SR)   Coulomb (SR)      Potential    Kinetic En.   Total Energy
   -1.71688e+04   -2.48533e+03   -1.27867e+05    3.50625e+04   -9.28044e+04
    Temperature Pressure (bar)
    1.49422e+02    1.86146e+00

DD  step 5699999  vol min/aver 0.725  load imb.: force  0.2%

           Step           Time
        5700000    57000.00000

   Energies (kJ/mol)
           Bond          Angle    Proper Dih.          LJ-14     Coulomb-14
    1.08890e+04    1.04069e+04    1.36123e+04   -1.41879e+05   -1.28063e+03
        LJ (SR)   Coulomb (SR)      Potential    Kinetic En.   Total Energy
   -1.70387e+04   -2.49663e+03   -1.27787e+05    3.51378e+04   -9.26491e+04
    Temperature Pressure (bar)
    1.49743e+02   -1.87775e-01

Writing checkpoint, step 5784400 at Thu Jun  2 00:08:14 2022


DD  step 5799999  vol min/aver 0.746  load imb.: force  0.2%

           Step           Time
        5800000    58000.00000

   Energies (kJ/mol)
           Bond          Angle    Proper Dih.          LJ-14     Coulomb-14
    1.07788e+04    1.02119e+04    1.35074e+04   -1.41689e+05   -1.28929e+03
        LJ (SR)   Coulomb (SR)      Potential    Kinetic En.   Total Energy
   -1.73326e+04   -2.42328e+03   -1.28236e+05    3.55498e+04   -9.26862e+04
    Temperature Pressure (bar)
    1.51498e+02    1.90908e+00

DD  step 5899999  vol min/aver 0.730  load imb.: force  0.4%

           Step           Time
        5900000    59000.00000

   Energies (kJ/mol)
           Bond          Angle    Proper Dih.          LJ-14     Coulomb-14
    1.07699e+04    1.02077e+04    1.38268e+04   -1.41417e+05   -1.29637e+03
        LJ (SR)   Coulomb (SR)      Potential    Kinetic En.   Total Energy
   -1.69277e+04   -2.57616e+03   -1.27413e+05    3.51698e+04   -9.22433e+04
    Temperature Pressure (bar)
    1.49879e+02   -6.23231e+00

DD  step 5999999  vol min/aver 0.758  load imb.: force  0.5%

           Step           Time
        6000000    60000.00000

   Energies (kJ/mol)
           Bond          Angle    Proper Dih.          LJ-14     Coulomb-14
    1.08450e+04    1.02845e+04    1.34744e+04   -1.41415e+05   -1.28268e+03
        LJ (SR)   Coulomb (SR)      Potential    Kinetic En.   Total Energy
   -1.71865e+04   -2.49086e+03   -1.27771e+05    3.50664e+04   -9.27047e+04
    Temperature Pressure (bar)
    1.49438e+02    1.32771e-02

Writing checkpoint, step 6032600 at Thu Jun  2 00:23:14 2022


DD  step 6099999  vol min/aver 0.723  load imb.: force  0.3%

           Step           Time
        6100000    61000.00000

   Energies (kJ/mol)
           Bond          Angle    Proper Dih.          LJ-14     Coulomb-14
    1.06592e+04    1.00934e+04    1.36184e+04   -1.41591e+05   -1.29163e+03
        LJ (SR)   Coulomb (SR)      Potential    Kinetic En.   Total Energy
   -1.69979e+04   -2.47333e+03   -1.27983e+05    3.54746e+04   -9.25080e+04
    Temperature Pressure (bar)
    1.51178e+02    1.51331e+00

DD  step 6199999  vol min/aver 0.729  load imb.: force  0.3%

           Step           Time
        6200000    62000.00000

   Energies (kJ/mol)
           Bond          Angle    Proper Dih.          LJ-14     Coulomb-14
    1.06509e+04    1.03331e+04    1.35883e+04   -1.41620e+05   -1.28548e+03
        LJ (SR)   Coulomb (SR)      Potential    Kinetic En.   Total Energy
   -1.70037e+04   -2.54856e+03   -1.27885e+05    3.53279e+04   -9.25569e+04
    Temperature Pressure (bar)
    1.50553e+02   -7.92005e-01

Writing checkpoint, step 6281080 at Thu Jun  2 00:38:14 2022


DD  step 6299999  vol min/aver 0.743  load imb.: force  0.5%

           Step           Time
        6300000    63000.00000

   Energies (kJ/mol)
           Bond          Angle    Proper Dih.          LJ-14     Coulomb-14
    1.08529e+04    1.03870e+04    1.35734e+04   -1.41528e+05   -1.27490e+03
        LJ (SR)   Coulomb (SR)      Potential    Kinetic En.   Total Energy
   -1.71152e+04   -2.53344e+03   -1.27639e+05    3.56201e+04   -9.20185e+04
    Temperature Pressure (bar)
    1.51798e+02   -3.63451e+00

DD  step 6399999  vol min/aver 0.639  load imb.: force  2.0%

           Step           Time
        6400000    64000.00000

   Energies (kJ/mol)
           Bond          Angle    Proper Dih.          LJ-14     Coulomb-14
    1.07711e+04    1.00488e+04    1.35568e+04   -1.41718e+05   -1.26700e+03
        LJ (SR)   Coulomb (SR)      Potential    Kinetic En.   Total Energy
   -1.72523e+04   -2.51902e+03   -1.28379e+05    3.48933e+04   -9.34861e+04
    Temperature Pressure (bar)
    1.48700e+02   -3.80875e+00

Writing checkpoint, step 6405260 at Thu Jun  2 00:53:15 2022


DD  step 6499999  vol min/aver 0.688  load imb.: force  0.2%

           Step           Time
        6500000    65000.00000

   Energies (kJ/mol)
           Bond          Angle    Proper Dih.          LJ-14     Coulomb-14
    1.08244e+04    1.02721e+04    1.36622e+04   -1.41640e+05   -1.27404e+03
        LJ (SR)   Coulomb (SR)      Potential    Kinetic En.   Total Energy
   -1.72478e+04   -2.44304e+03   -1.27846e+05    3.50244e+04   -9.28219e+04
    Temperature Pressure (bar)
    1.49259e+02   -7.97883e+00

Writing checkpoint, step 6586580 at Thu Jun  2 01:08:15 2022


DD  step 6599999  vol min/aver 0.688  load imb.: force  1.1%

           Step           Time
        6600000    66000.00000

   Energies (kJ/mol)
           Bond          Angle    Proper Dih.          LJ-14     Coulomb-14
    1.08230e+04    1.03123e+04    1.35916e+04   -1.41696e+05   -1.28111e+03
        LJ (SR)   Coulomb (SR)      Potential    Kinetic En.   Total Energy
   -1.72754e+04   -2.59676e+03   -1.28123e+05    3.51088e+04   -9.30138e+04
    Temperature Pressure (bar)
    1.49619e+02   -7.48287e-01

Writing checkpoint, step 6600960 at Thu Jun  2 01:23:15 2022


DD  step 6699999  vol min/aver 0.729  load imb.: force  0.5%

           Step           Time
        6700000    67000.00000

   Energies (kJ/mol)
           Bond          Angle    Proper Dih.          LJ-14     Coulomb-14
    1.08475e+04    1.03786e+04    1.34239e+04   -1.41729e+05   -1.29092e+03
        LJ (SR)   Coulomb (SR)      Potential    Kinetic En.   Total Energy
   -1.72180e+04   -2.61418e+03   -1.28202e+05    3.53875e+04   -9.28145e+04
    Temperature Pressure (bar)
    1.50807e+02    6.64632e+00

Writing checkpoint, step 6795120 at Thu Jun  2 01:38:14 2022


DD  step 6799999  vol min/aver 0.738  load imb.: force  0.4%

           Step           Time
        6800000    68000.00000

   Energies (kJ/mol)
           Bond          Angle    Proper Dih.          LJ-14     Coulomb-14
    1.08262e+04    1.05902e+04    1.36601e+04   -1.41440e+05   -1.28333e+03
        LJ (SR)   Coulomb (SR)      Potential    Kinetic En.   Total Energy
   -1.75784e+04   -2.56621e+03   -1.27791e+05    3.53455e+04   -9.24459e+04
    Temperature Pressure (bar)
    1.50628e+02    8.04109e+00

DD  step 6899999  vol min/aver 0.714  load imb.: force  0.3%

           Step           Time
        6900000    69000.00000

   Energies (kJ/mol)
           Bond          Angle    Proper Dih.          LJ-14     Coulomb-14
    1.07404e+04    1.03254e+04    1.36081e+04   -1.41598e+05   -1.27629e+03
        LJ (SR)   Coulomb (SR)      Potential    Kinetic En.   Total Energy
   -1.74426e+04   -2.52859e+03   -1.28172e+05    3.51727e+04   -9.29989e+04
    Temperature Pressure (bar)
    1.49891e+02   -6.75376e+00

Writing checkpoint, step 6989440 at Thu Jun  2 01:53:14 2022


DD  step 6999999  vol min/aver 0.723  load imb.: force  0.2%

           Step           Time
        7000000    70000.00000

   Energies (kJ/mol)
           Bond          Angle    Proper Dih.          LJ-14     Coulomb-14
    1.08472e+04    1.01258e+04    1.36037e+04   -1.41704e+05   -1.28507e+03
        LJ (SR)   Coulomb (SR)      Potential    Kinetic En.   Total Energy
   -1.74559e+04   -2.59926e+03   -1.28468e+05    3.55925e+04   -9.28755e+04
    Temperature Pressure (bar)
    1.51680e+02    7.53726e+00

Writing checkpoint, step 7028080 at Thu Jun  2 02:08:15 2022


DD  step 7099999  vol min/aver 0.694  load imb.: force  0.7%

           Step           Time
        7100000    71000.00000

   Energies (kJ/mol)
           Bond          Angle    Proper Dih.          LJ-14     Coulomb-14
    1.07798e+04    1.02389e+04    1.35626e+04   -1.41498e+05   -1.27997e+03
        LJ (SR)   Coulomb (SR)      Potential    Kinetic En.   Total Energy
   -1.73706e+04   -2.43366e+03   -1.28000e+05    3.50064e+04   -9.29940e+04
    Temperature Pressure (bar)
    1.49182e+02    2.28754e+00

DD  step 7199999  vol min/aver 0.705  load imb.: force  0.3%

           Step           Time
        7200000    72000.00000

   Energies (kJ/mol)
           Bond          Angle    Proper Dih.          LJ-14     Coulomb-14
    1.07200e+04    1.02495e+04    1.35483e+04   -1.41728e+05   -1.28514e+03
        LJ (SR)   Coulomb (SR)      Potential    Kinetic En.   Total Energy
   -1.74428e+04   -2.53551e+03   -1.28473e+05    3.52059e+04   -9.32676e+04
    Temperature Pressure (bar)
    1.50033e+02   -1.85397e+00

Writing checkpoint, step 7228780 at Thu Jun  2 02:23:14 2022


DD  step 7299999  vol min/aver 0.714  load imb.: force  0.4%

           Step           Time
        7300000    73000.00000

   Energies (kJ/mol)
           Bond          Angle    Proper Dih.          LJ-14     Coulomb-14
    1.07465e+04    1.02887e+04    1.33398e+04   -1.41692e+05   -1.28186e+03
        LJ (SR)   Coulomb (SR)      Potential    Kinetic En.   Total Energy
   -1.71471e+04   -2.59528e+03   -1.28341e+05    3.51041e+04   -9.32369e+04
    Temperature Pressure (bar)
    1.49599e+02    4.27023e+00

DD  step 7399999  vol min/aver 0.735  load imb.: force  0.4%

           Step           Time
        7400000    74000.00000

   Energies (kJ/mol)
           Bond          Angle    Proper Dih.          LJ-14     Coulomb-14
    1.09560e+04    9.99943e+03    1.35293e+04   -1.41677e+05   -1.27372e+03
        LJ (SR)   Coulomb (SR)      Potential    Kinetic En.   Total Energy
   -1.70519e+04   -2.59739e+03   -1.28116e+05    3.48654e+04   -9.32504e+04
    Temperature Pressure (bar)
    1.48581e+02    8.79993e-01

Writing checkpoint, step 7478340 at Thu Jun  2 02:38:14 2022


DD  step 7499999  vol min/aver 0.735  load imb.: force  0.4%

           Step           Time
        7500000    75000.00000

   Energies (kJ/mol)
           Bond          Angle    Proper Dih.          LJ-14     Coulomb-14
    1.05004e+04    1.02650e+04    1.34116e+04   -1.41744e+05   -1.28084e+03
        LJ (SR)   Coulomb (SR)      Potential    Kinetic En.   Total Energy
   -1.73304e+04   -2.38896e+03   -1.28567e+05    3.51192e+04   -9.34476e+04
    Temperature Pressure (bar)
    1.49663e+02   -2.27124e+00

DD  step 7599999  vol min/aver 0.752  load imb.: force  0.3%

           Step           Time
        7600000    76000.00000

   Energies (kJ/mol)
           Bond          Angle    Proper Dih.          LJ-14     Coulomb-14
    1.07003e+04    1.03206e+04    1.33971e+04   -1.41761e+05   -1.27895e+03
        LJ (SR)   Coulomb (SR)      Potential    Kinetic En.   Total Energy
   -1.72998e+04   -2.53709e+03   -1.28459e+05    3.49630e+04   -9.34960e+04
    Temperature Pressure (bar)
    1.48998e+02    3.29894e+00

Writing checkpoint, step 7641540 at Thu Jun  2 02:53:14 2022


DD  step 7699999  vol min/aver 0.748  load imb.: force  0.3%

           Step           Time
        7700000    77000.00000

   Energies (kJ/mol)
           Bond          Angle    Proper Dih.          LJ-14     Coulomb-14
    1.07046e+04    1.03192e+04    1.34259e+04   -1.41730e+05   -1.27597e+03
        LJ (SR)   Coulomb (SR)      Potential    Kinetic En.   Total Energy
   -1.72895e+04   -2.49546e+03   -1.28341e+05    3.50636e+04   -9.32774e+04
    Temperature Pressure (bar)
    1.49426e+02   -5.51896e+00

DD  step 7799999  vol min/aver 0.738  load imb.: force  0.8%

           Step           Time
        7800000    78000.00000

   Energies (kJ/mol)
           Bond          Angle    Proper Dih.          LJ-14     Coulomb-14
    1.07127e+04    1.03668e+04    1.36201e+04   -1.41919e+05   -1.27422e+03
        LJ (SR)   Coulomb (SR)      Potential    Kinetic En.   Total Energy
   -1.72522e+04   -2.62222e+03   -1.28368e+05    3.50717e+04   -9.32967e+04
    Temperature Pressure (bar)
    1.49461e+02    7.81958e+00

Writing checkpoint, step 7891200 at Thu Jun  2 03:08:14 2022


DD  step 7899999  vol min/aver 0.710  load imb.: force  0.4%

           Step           Time
        7900000    79000.00000

   Energies (kJ/mol)
           Bond          Angle    Proper Dih.          LJ-14     Coulomb-14
    1.09111e+04    1.02172e+04    1.34374e+04   -1.41782e+05   -1.28683e+03
        LJ (SR)   Coulomb (SR)      Potential    Kinetic En.   Total Energy
   -1.70914e+04   -2.61705e+03   -1.28211e+05    3.52768e+04   -9.29345e+04
    Temperature Pressure (bar)
    1.50335e+02   -3.68127e+00

DD  step 7999999  vol min/aver 0.724  load imb.: force  0.6%

           Step           Time
        8000000    80000.00000

   Energies (kJ/mol)
           Bond          Angle    Proper Dih.          LJ-14     Coulomb-14
    1.08045e+04    1.03259e+04    1.33991e+04   -1.41606e+05   -1.27288e+03
        LJ (SR)   Coulomb (SR)      Potential    Kinetic En.   Total Energy
   -1.73346e+04   -2.56244e+03   -1.28247e+05    3.50398e+04   -9.32067e+04
    Temperature Pressure (bar)
    1.49325e+02    3.06303e-01

DD  step 8099999  vol min/aver 0.705  load imb.: force  0.5%

           Step           Time
        8100000    81000.00000

   Energies (kJ/mol)
           Bond          Angle    Proper Dih.          LJ-14     Coulomb-14
    1.09049e+04    1.03337e+04    1.34403e+04   -1.41774e+05   -1.28007e+03
        LJ (SR)   Coulomb (SR)      Potential    Kinetic En.   Total Energy
   -1.74152e+04   -2.57655e+03   -1.28367e+05    3.50570e+04   -9.33101e+04
    Temperature Pressure (bar)
    1.49398e+02   -3.21346e+00

Writing checkpoint, step 8107280 at Thu Jun  2 03:23:14 2022


DD  step 8199999  vol min/aver 0.729  load imb.: force  0.2%

           Step           Time
        8200000    82000.00000

   Energies (kJ/mol)
           Bond          Angle    Proper Dih.          LJ-14     Coulomb-14
    1.08738e+04    1.02318e+04    1.32563e+04   -1.41547e+05   -1.27543e+03
        LJ (SR)   Coulomb (SR)      Potential    Kinetic En.   Total Energy
   -1.71490e+04   -2.51745e+03   -1.28127e+05    3.49342e+04   -9.31929e+04
    Temperature Pressure (bar)
    1.48875e+02   -8.01257e-01

Writing checkpoint, step 8292760 at Thu Jun  2 03:38:14 2022


DD  step 8299999  vol min/aver 0.772  load imb.: force  0.3%

           Step           Time
        8300000    83000.00000

   Energies (kJ/mol)
           Bond          Angle    Proper Dih.          LJ-14     Coulomb-14
    1.06786e+04    1.02903e+04    1.35118e+04   -1.41659e+05   -1.29087e+03
        LJ (SR)   Coulomb (SR)      Potential    Kinetic En.   Total Energy
   -1.72019e+04   -2.66110e+03   -1.28332e+05    3.53491e+04   -9.29834e+04
    Temperature Pressure (bar)
    1.50643e+02    4.09252e+00

DD  step 8399999  vol min/aver 0.710  load imb.: force  0.6%

           Step           Time
        8400000    84000.00000

   Energies (kJ/mol)
           Bond          Angle    Proper Dih.          LJ-14     Coulomb-14
    1.08377e+04    1.04833e+04    1.34750e+04   -1.41701e+05   -1.27282e+03
        LJ (SR)   Coulomb (SR)      Potential    Kinetic En.   Total Energy
   -1.74965e+04   -2.59790e+03   -1.28272e+05    3.50675e+04   -9.32043e+04
    Temperature Pressure (bar)
    1.49443e+02    1.03289e+00

DD  step 8499999  vol min/aver 0.741  load imb.: force  0.3%

           Step           Time
        8500000    85000.00000

   Energies (kJ/mol)
           Bond          Angle    Proper Dih.          LJ-14     Coulomb-14
    1.08623e+04    1.03527e+04    1.34587e+04   -1.41758e+05   -1.29268e+03
        LJ (SR)   Coulomb (SR)      Potential    Kinetic En.   Total Energy
   -1.69507e+04   -2.83464e+03   -1.28162e+05    3.49595e+04   -9.32028e+04
    Temperature Pressure (bar)
    1.48983e+02   -1.81640e+00

Writing checkpoint, step 8542780 at Thu Jun  2 03:53:14 2022


DD  step 8599999  vol min/aver 0.726  load imb.: force  0.3%

           Step           Time
        8600000    86000.00000

   Energies (kJ/mol)
           Bond          Angle    Proper Dih.          LJ-14     Coulomb-14
    1.06530e+04    1.02383e+04    1.32452e+04   -1.41991e+05   -1.27468e+03
        LJ (SR)   Coulomb (SR)      Potential    Kinetic En.   Total Energy
   -1.73825e+04   -2.61576e+03   -1.29128e+05    3.51197e+04   -9.40078e+04
    Temperature Pressure (bar)
    1.49666e+02    1.76493e+00

Writing checkpoint, step 8651280 at Thu Jun  2 04:08:15 2022


DD  step 8699999  vol min/aver 0.743  load imb.: force  0.6%

           Step           Time
        8700000    87000.00000

   Energies (kJ/mol)
           Bond          Angle    Proper Dih.          LJ-14     Coulomb-14
    1.06040e+04    1.02545e+04    1.35461e+04   -1.41712e+05   -1.29203e+03
        LJ (SR)   Coulomb (SR)      Potential    Kinetic En.   Total Energy
   -1.70528e+04   -2.66409e+03   -1.28316e+05    3.47048e+04   -9.36117e+04
    Temperature Pressure (bar)
    1.47897e+02    4.37196e+00

Writing checkpoint, step 8738860 at Thu Jun  2 04:23:14 2022


DD  step 8799999  vol min/aver 0.743  load imb.: force  0.5%

           Step           Time
        8800000    88000.00000

   Energies (kJ/mol)
           Bond          Angle    Proper Dih.          LJ-14     Coulomb-14
    1.06594e+04    1.03003e+04    1.33347e+04   -1.41800e+05   -1.29241e+03
        LJ (SR)   Coulomb (SR)      Potential    Kinetic En.   Total Energy
   -1.73065e+04   -2.63638e+03   -1.28741e+05    3.50700e+04   -9.36711e+04
    Temperature Pressure (bar)
    1.49453e+02   -5.01328e+00

Writing checkpoint, step 8868060 at Thu Jun  2 04:38:14 2022


DD  step 8899999  vol min/aver 0.731  load imb.: force  0.3%

           Step           Time
        8900000    89000.00000

   Energies (kJ/mol)
           Bond          Angle    Proper Dih.          LJ-14     Coulomb-14
    1.06751e+04    1.04162e+04    1.34342e+04   -1.41806e+05   -1.28612e+03
        LJ (SR)   Coulomb (SR)      Potential    Kinetic En.   Total Energy
   -1.74593e+04   -2.69923e+03   -1.28725e+05    3.55661e+04   -9.31585e+04
    Temperature Pressure (bar)
    1.51568e+02    8.27475e-02

DD  step 8999999  vol min/aver 0.732  load imb.: force  0.2%

           Step           Time
        9000000    90000.00000

   Energies (kJ/mol)
           Bond          Angle    Proper Dih.          LJ-14     Coulomb-14
    1.08102e+04    1.03162e+04    1.35089e+04   -1.41820e+05   -1.26707e+03
        LJ (SR)   Coulomb (SR)      Potential    Kinetic En.   Total Energy
   -1.73084e+04   -2.62145e+03   -1.28382e+05    3.54581e+04   -9.29238e+04
    Temperature Pressure (bar)
    1.51107e+02   -6.57143e+00

Writing checkpoint, step 9070780 at Thu Jun  2 04:53:14 2022


DD  step 9099999  vol min/aver 0.727  load imb.: force  0.5%

           Step           Time
        9100000    91000.00000

   Energies (kJ/mol)
           Bond          Angle    Proper Dih.          LJ-14     Coulomb-14
    1.06655e+04    1.03072e+04    1.33163e+04   -1.41722e+05   -1.26600e+03
        LJ (SR)   Coulomb (SR)      Potential    Kinetic En.   Total Energy
   -1.73744e+04   -2.71359e+03   -1.28787e+05    3.52039e+04   -9.35828e+04
    Temperature Pressure (bar)
    1.50024e+02   -3.81933e+00

DD  step 9199999  vol min/aver 0.732  load imb.: force  0.4%

           Step           Time
        9200000    92000.00000

   Energies (kJ/mol)
           Bond          Angle    Proper Dih.          LJ-14     Coulomb-14
    1.05418e+04    1.02450e+04    1.33513e+04   -1.41833e+05   -1.29100e+03
        LJ (SR)   Coulomb (SR)      Potential    Kinetic En.   Total Energy
   -1.72571e+04   -2.63883e+03   -1.28882e+05    3.48992e+04   -9.39828e+04
    Temperature Pressure (bar)
    1.48726e+02    2.55930e-01

DD  step 9299999  vol min/aver 0.736  load imb.: force  0.5%

           Step           Time
        9300000    93000.00000

   Energies (kJ/mol)
           Bond          Angle    Proper Dih.          LJ-14     Coulomb-14
    1.06906e+04    1.02004e+04    1.34048e+04   -1.41723e+05   -1.29021e+03
        LJ (SR)   Coulomb (SR)      Potential    Kinetic En.   Total Energy
   -1.73213e+04   -2.78155e+03   -1.28820e+05    3.50167e+04   -9.38034e+04
    Temperature Pressure (bar)
    1.49227e+02    6.21950e+00

Writing checkpoint, step 9319380 at Thu Jun  2 05:08:14 2022


DD  step 9399999  vol min/aver 0.750  load imb.: force  0.2%

           Step           Time
        9400000    94000.00000

   Energies (kJ/mol)
           Bond          Angle    Proper Dih.          LJ-14     Coulomb-14
    1.06791e+04    1.00471e+04    1.33913e+04   -1.41745e+05   -1.29147e+03
        LJ (SR)   Coulomb (SR)      Potential    Kinetic En.   Total Energy
   -1.72705e+04   -2.67678e+03   -1.28867e+05    3.51319e+04   -9.37348e+04
    Temperature Pressure (bar)
    1.49717e+02    5.82303e+00

DD  step 9499999  vol min/aver 0.735  load imb.: force  0.3%

           Step           Time
        9500000    95000.00000

   Energies (kJ/mol)
           Bond          Angle    Proper Dih.          LJ-14     Coulomb-14
    1.05681e+04    1.00933e+04    1.33952e+04   -1.41842e+05   -1.27361e+03
        LJ (SR)   Coulomb (SR)      Potential    Kinetic En.   Total Energy
   -1.72726e+04   -2.82862e+03   -1.29160e+05    3.52446e+04   -9.39153e+04
    Temperature Pressure (bar)
    1.50198e+02    5.58251e+00

Writing checkpoint, step 9568100 at Thu Jun  2 05:23:14 2022


DD  step 9599999  vol min/aver 0.724  load imb.: force  0.2%

           Step           Time
        9600000    96000.00000

   Energies (kJ/mol)
           Bond          Angle    Proper Dih.          LJ-14     Coulomb-14
    1.08157e+04    1.01999e+04    1.35056e+04   -1.41831e+05   -1.27617e+03
        LJ (SR)   Coulomb (SR)      Potential    Kinetic En.   Total Energy
   -1.74046e+04   -2.46780e+03   -1.28459e+05    3.52502e+04   -9.32085e+04
    Temperature Pressure (bar)
    1.50221e+02    3.62854e+00

DD  step 9699999  vol min/aver 0.721  load imb.: force  0.3%

           Step           Time
        9700000    97000.00000

   Energies (kJ/mol)
           Bond          Angle    Proper Dih.          LJ-14     Coulomb-14
    1.07739e+04    1.02784e+04    1.33536e+04   -1.41744e+05   -1.27957e+03
        LJ (SR)   Coulomb (SR)      Potential    Kinetic En.   Total Energy
   -1.72281e+04   -2.66961e+03   -1.28515e+05    3.56451e+04   -9.28700e+04
    Temperature Pressure (bar)
    1.51904e+02    1.24252e+00

DD  step 9799999  vol min/aver 0.712  load imb.: force  0.7%

           Step           Time
        9800000    98000.00000

   Energies (kJ/mol)
           Bond          Angle    Proper Dih.          LJ-14     Coulomb-14
    1.07546e+04    1.00192e+04    1.35403e+04   -1.41695e+05   -1.27839e+03
        LJ (SR)   Coulomb (SR)      Potential    Kinetic En.   Total Energy
   -1.76150e+04   -2.65021e+03   -1.28925e+05    3.53721e+04   -9.35527e+04
    Temperature Pressure (bar)
    1.50741e+02   -5.19027e+00

Writing checkpoint, step 9818600 at Thu Jun  2 05:38:14 2022


DD  step 9899999  vol min/aver 0.740  load imb.: force  0.5%

           Step           Time
        9900000    99000.00000

   Energies (kJ/mol)
           Bond          Angle    Proper Dih.          LJ-14     Coulomb-14
    1.05344e+04    1.02626e+04    1.35713e+04   -1.41889e+05   -1.28108e+03
        LJ (SR)   Coulomb (SR)      Potential    Kinetic En.   Total Energy
   -1.75876e+04   -2.57382e+03   -1.28964e+05    3.51853e+04   -9.37783e+04
    Temperature Pressure (bar)
    1.49945e+02    1.82905e+00

DD  step 9999999  vol min/aver 0.726  load imb.: force  0.3%

           Step           Time
       10000000   100000.00000

Writing checkpoint, step 10000000 at Thu Jun  2 05:49:09 2022


   Energies (kJ/mol)
           Bond          Angle    Proper Dih.          LJ-14     Coulomb-14
    1.05848e+04    1.02976e+04    1.37186e+04   -1.41985e+05   -1.29304e+03
        LJ (SR)   Coulomb (SR)      Potential    Kinetic En.   Total Energy
   -1.77031e+04   -2.61975e+03   -1.28999e+05    3.54200e+04   -9.35794e+04
    Temperature Pressure (bar)
    1.50945e+02    6.16133e+00

	<======  ###############  ==>
	<====  A V E R A G E S  ====>
	<==  ###############  ======>

	Statistics over 10000001 steps using 100001 frames

   Energies (kJ/mol)
           Bond          Angle    Proper Dih.          LJ-14     Coulomb-14
    1.07625e+04    1.02787e+04    1.34643e+04   -1.41591e+05   -1.28182e+03
        LJ (SR)   Coulomb (SR)      Potential    Kinetic En.   Total Energy
   -1.65563e+04   -2.30415e+03   -1.27228e+05    3.52038e+04   -9.20240e+04
    Temperature Pressure (bar)
    1.50024e+02    9.82547e-01

          Box-X          Box-Y          Box-Z
    1.95795e+01    1.95795e+01    1.95795e+01

   Total Virial (kJ/mol)
    1.15887e+04    2.72644e+01   -1.05380e+02
    2.72645e+01    1.15188e+04    1.37396e+02
   -1.05379e+02    1.37396e+02    1.13894e+04

   Pressure (bar)
    5.20349e-01   -1.27662e-01    5.07098e-01
   -1.27662e-01    8.98621e-01   -6.86661e-01
    5.07094e-01   -6.86661e-01    1.52867e+00


	M E G A - F L O P S   A C C O U N T I N G

 NB=Group-cutoff nonbonded kernels    NxN=N-by-N cluster Verlet kernels
 RF=Reaction-Field  VdW=Van der Waals  QSTab=quadratic-spline table
 W3=SPC/TIP3p  W4=TIP4p (single or pairs)
 V&F=Potential and force  V=Potential only  F=Force only

 Computing:                               M-Number         M-Flops  % Flops
-----------------------------------------------------------------------------
 NB VdW [V&F]                       5729083.282081     5729083.282     0.7
 NB VdW [F]                       487567347.105034   487567347.105    61.5
 NB VdW & Elec. [V&F]               1279216.239023     1279216.239     0.2
 NB VdW & Elec. [F]               106064518.020936   106064518.021    13.4
 1,4 nonbonded interactions          253440.025244    22809602.272     2.9
 NS-Pairs                           1819455.892104    38208573.734     4.8
 Reset In Box                          9408.018816       28224.056     0.0
 CG-CoM                                9408.037632       28224.113     0.0
 Bonds                               187520.018752    11063681.106     1.4
 Angles                              186880.018688    31395843.140     4.0
 Propers                             372480.037248    85297928.530    10.8
 Virial                               38352.019176      690336.345     0.1
 Stop-CM                               1881.637632       18816.376     0.0
 Calc-Ekin                            75264.037632     2032129.016     0.3
-----------------------------------------------------------------------------
 Total                                               792213523.336   100.0
-----------------------------------------------------------------------------


    D O M A I N   D E C O M P O S I T I O N   S T A T I S T I C S

 av. #atoms communicated per step for force:  2 x 21525.8


 Dynamic load balancing report:
 DLB was permanently on during the run per user request.
 Average load imbalance: 0.5%.
 The balanceable part of the MD step is 51%, load imbalance is computed from this.
 Part of the total run time spent waiting due to load imbalance: 0.3%.
 Steps where the load balancing was limited by -rdd, -rcon and/or -dds: X 0 % Y 0 % Z 0 %


     R E A L   C Y C L E   A N D   T I M E   A C C O U N T I N G

On 8 MPI ranks

 Computing:          Num   Num      Call    Wall time         Giga-Cycles
                     Ranks Threads  Count      (s)         total sum    %
-----------------------------------------------------------------------------
 Domain decomp.         8    1     500001    1900.294      39480.498   3.9
 DD comm. load          8    1     500000      81.319       1689.493   0.2
 DD comm. bounds        8    1     500001     180.785       3755.994   0.4
 Neighbor search        8    1     500001    4437.088      92184.923   9.2
 Comm. coord.           8    1   10000001    5530.748     114906.790  11.4
 Force                  8    1   10000001   26089.799     542041.497  54.0
 Wait + Comm. F         8    1   10000001    7273.049     151104.829  15.0
 Write traj.            8    1        154       2.074         43.098   0.0
 Update                 8    1   10000001    1790.672      37202.983   3.7
 Comm. energies         8    1    2000001     901.938      18738.657   1.9
 Rest                                         167.862       3487.493   0.3
-----------------------------------------------------------------------------
 Total                                      48355.629    1004636.256 100.0
-----------------------------------------------------------------------------

               Core t (s)   Wall t (s)        (%)
       Time:   386845.032    48355.629      800.0
                         13h25:55
                 (ns/day)    (hour/ns)
Performance:      178.676        0.134
Finished mdrun on rank 0 Thu Jun  2 05:49:09 2022
