                     :-) GROMACS - gmx trjconv, 2018.4 (-:

                            GROMACS is written by:
     Emile Apol      Rossen Apostolov      Paul Bauer     Herman J.C. Berendsen
    Par Bjelkmar    Aldert van Buuren   Rudi van Drunen     Anton Feenstra  
  Gerrit Groenhof    Aleksei Iupinov   Christoph Junghans   Anca Hamuraru   
 Vincent Hindriksen Dimitrios Karkoulis    Peter Kasson        Jiri Kraus    
  Carsten Kutzner      Per Larsson      Justin A. Lemkul    Viveca Lindahl  
  Magnus Lundborg   Pieter Meulenhoff    Erik Marklund      Teemu Murtola   
    Szilard Pall       Sander Pronk      Roland Schulz     Alexey Shvetsov  
   Michael Shirts     Alfons Sijbers     Peter Tieleman    Teemu Virolainen 
 Christian Wennberg    Maarten Wolf   
                           and the project leaders:
        Mark Abraham, Berk Hess, Erik Lindahl, and David van der Spoel

Copyright (c) 1991-2000, University of Groningen, The Netherlands.
Copyright (c) 2001-2017, The GROMACS development team at
Uppsala University, Stockholm University and
the Royal Institute of Technology, Sweden.
check out http://www.gromacs.org for more information.

GROMACS is free software; you can redistribute it and/or modify it
under the terms of the GNU Lesser General Public License
as published by the Free Software Foundation; either version 2.1
of the License, or (at your option) any later version.

GROMACS:      gmx trjconv, version 2018.4
Executable:   /home/aplatham2/Programs/gromacs-2018.4/bin/gmx_mpi
Data prefix:  /home/aplatham2/Programs/gromacs-2018.4
Working dir:  /nfs/pool002/users/aplatham2/chromatin/drug_env/med1/med125
Command line:
  gmx_mpi trjconv -f eq.gro -s eq.tpr -pbc mol -ur compact -o eq2.gro -center

Will write gro: Coordinate file in Gromos-87 format
Reading file eq.tpr, VERSION 2018.4 (single precision)
Reading file eq.tpr, VERSION 2018.4 (single precision)
Group     0 (         System) has 19620 elements
Group     1 (        Protein) has 19620 elements
Group     2 (      Protein-H) has 19620 elements
Group     3 (        C-alpha) has 19620 elements
Group     4 (       Backbone) has 19620 elements
Group     5 (      MainChain) has 19620 elements
Group     6 (   MainChain+Cb) has 19620 elements
Group     7 (    MainChain+H) has 19620 elements
Group     8 (      SideChain) has     0 elements
Group     9 (    SideChain-H) has     0 elements
Select a group: Group     0 (         System) has 19620 elements
Group     1 (        Protein) has 19620 elements
Group     2 (      Protein-H) has 19620 elements
Group     3 (        C-alpha) has 19620 elements
Group     4 (       Backbone) has 19620 elements
Group     5 (      MainChain) has 19620 elements
Group     6 (   MainChain+Cb) has 19620 elements
Group     7 (    MainChain+H) has 19620 elements
Group     8 (      SideChain) has     0 elements
Group     9 (    SideChain-H) has     0 elements
Select a group: Reading frames from gro file 'med1', 19620 atoms.
Reading frame       0 time    0.000   
Precision of eq.gro is 0.001 (nm)
Using output precision of 0.001 (nm)

Back Off! I just backed up eq2.gro to ./#eq2.gro.2#
 ->  frame      0 time    0.000      Last frame          0 time    0.000   


GROMACS reminds you: "Hang On to Your Ego" (F. Black)

Select group for centering
Selected 0: 'System'
Select group for output
Selected 0: 'System'
                     :-) GROMACS - gmx editconf, 2018.4 (-:

                            GROMACS is written by:
     Emile Apol      Rossen Apostolov      Paul Bauer     Herman J.C. Berendsen
    Par Bjelkmar    Aldert van Buuren   Rudi van Drunen     Anton Feenstra  
  Gerrit Groenhof    Aleksei Iupinov   Christoph Junghans   Anca Hamuraru   
 Vincent Hindriksen Dimitrios Karkoulis    Peter Kasson        Jiri Kraus    
  Carsten Kutzner      Per Larsson      Justin A. Lemkul    Viveca Lindahl  
  Magnus Lundborg   Pieter Meulenhoff    Erik Marklund      Teemu Murtola   
    Szilard Pall       Sander Pronk      Roland Schulz     Alexey Shvetsov  
   Michael Shirts     Alfons Sijbers     Peter Tieleman    Teemu Virolainen 
 Christian Wennberg    Maarten Wolf   
                           and the project leaders:
        Mark Abraham, Berk Hess, Erik Lindahl, and David van der Spoel

Copyright (c) 1991-2000, University of Groningen, The Netherlands.
Copyright (c) 2001-2017, The GROMACS development team at
Uppsala University, Stockholm University and
the Royal Institute of Technology, Sweden.
check out http://www.gromacs.org for more information.

GROMACS is free software; you can redistribute it and/or modify it
under the terms of the GNU Lesser General Public License
as published by the Free Software Foundation; either version 2.1
of the License, or (at your option) any later version.

GROMACS:      gmx editconf, version 2018.4
Executable:   /home/aplatham2/Programs/gromacs-2018.4/bin/gmx_mpi
Data prefix:  /home/aplatham2/Programs/gromacs-2018.4
Working dir:  /nfs/pool002/users/aplatham2/chromatin/drug_env/med1/med125
Command line:
  gmx_mpi editconf -f eq2.gro -o eq2.gro -box 25.0 25.0 25.0


Back Off! I just backed up eq2.gro to ./#eq2.gro.3#

GROMACS reminds you: "The Path Of the Righteous Man is Beset On All Sides With the Iniquities Of the Selfish and the Tyranny Of Evil Men." (Pulp Fiction)

Read 19620 atoms
Volume: 7977.74 nm^3, corresponds to roughly 3589900 electrons
Velocities found
    system size : 31.133 28.589 31.193 (nm)
    center      :  8.546 10.455 10.767 (nm)
    box vectors : 19.981 19.981 19.981 (nm)
    box angles  :  90.00  90.00  90.00 (degrees)
    box volume  :7977.74               (nm^3)
    shift       :  3.954  2.045  1.733 (nm)
new center      : 12.500 12.500 12.500 (nm)
new box vectors : 25.000 25.000 25.000 (nm)
new box angles  :  90.00  90.00  90.00 (degrees)
new box volume  :15625.00               (nm^3)
                      :-) GROMACS - gmx grompp, 2018.4 (-:

                            GROMACS is written by:
     Emile Apol      Rossen Apostolov      Paul Bauer     Herman J.C. Berendsen
    Par Bjelkmar    Aldert van Buuren   Rudi van Drunen     Anton Feenstra  
  Gerrit Groenhof    Aleksei Iupinov   Christoph Junghans   Anca Hamuraru   
 Vincent Hindriksen Dimitrios Karkoulis    Peter Kasson        Jiri Kraus    
  Carsten Kutzner      Per Larsson      Justin A. Lemkul    Viveca Lindahl  
  Magnus Lundborg   Pieter Meulenhoff    Erik Marklund      Teemu Murtola   
    Szilard Pall       Sander Pronk      Roland Schulz     Alexey Shvetsov  
   Michael Shirts     Alfons Sijbers     Peter Tieleman    Teemu Virolainen 
 Christian Wennberg    Maarten Wolf   
                           and the project leaders:
        Mark Abraham, Berk Hess, Erik Lindahl, and David van der Spoel

Copyright (c) 1991-2000, University of Groningen, The Netherlands.
Copyright (c) 2001-2017, The GROMACS development team at
Uppsala University, Stockholm University and
the Royal Institute of Technology, Sweden.
check out http://www.gromacs.org for more information.

GROMACS is free software; you can redistribute it and/or modify it
under the terms of the GNU Lesser General Public License
as published by the Free Software Foundation; either version 2.1
of the License, or (at your option) any later version.

GROMACS:      gmx grompp, version 2018.4
Executable:   /home/aplatham2/Programs/gromacs-2018.4/bin/gmx_mpi
Data prefix:  /home/aplatham2/Programs/gromacs-2018.4
Working dir:  /nfs/pool002/users/aplatham2/chromatin/drug_env/med1/med125
Command line:
  gmx_mpi grompp -f min.mdp -c eq2.gro -p chromatin_dna.top -o eq_min.tpr

Replacing old mdp entry 'nstxtcout' by 'nstxout-compressed'
Replacing old mdp entry 'xtc_grps' by 'compressed-x-grps'

NOTE 1 [file min.mdp]:
  The group cutoff scheme is deprecated since GROMACS 5.0 and will be
  removed in a future release when all interaction forms are supported for
  the verlet scheme. The verlet scheme already scales better, and it is
  compatible with GPUs and other accelerators.

Setting the LD random seed to 1002068017
Generated 1 of the 253 non-bonded parameter combinations
Excluding 3 bonded neighbours molecule type 'med1'

NOTE 2 [file chromatin_dna.top, line 6]:
  System has non-zero total charge: 505.000000
  Total charge should normally be an integer. See
  http://www.gromacs.org/Documentation/Floating_Point_Arithmetic
  for discussion on how close it should be to an integer.
  


Number of degrees of freedom in T-Coupling group System is 58857.00

There were 2 notes

GROMACS reminds you: "It Wouldn't Hurt to Wipe Once In a While" (Beavis and Butthead)

Analysing residue names:
There are: 19620    Protein residues
Analysing Protein...
This run will generate roughly 11 Mb of data
                      :-) GROMACS - gmx mdrun, 2018.4 (-:

                            GROMACS is written by:
     Emile Apol      Rossen Apostolov      Paul Bauer     Herman J.C. Berendsen
    Par Bjelkmar    Aldert van Buuren   Rudi van Drunen     Anton Feenstra  
  Gerrit Groenhof    Aleksei Iupinov   Christoph Junghans   Anca Hamuraru   
 Vincent Hindriksen Dimitrios Karkoulis    Peter Kasson        Jiri Kraus    
  Carsten Kutzner      Per Larsson      Justin A. Lemkul    Viveca Lindahl  
  Magnus Lundborg   Pieter Meulenhoff    Erik Marklund      Teemu Murtola   
    Szilard Pall       Sander Pronk      Roland Schulz     Alexey Shvetsov  
   Michael Shirts     Alfons Sijbers     Peter Tieleman    Teemu Virolainen 
 Christian Wennberg    Maarten Wolf   
                           and the project leaders:
        Mark Abraham, Berk Hess, Erik Lindahl, and David van der Spoel

Copyright (c) 1991-2000, University of Groningen, The Netherlands.
Copyright (c) 2001-2017, The GROMACS development team at
Uppsala University, Stockholm University and
the Royal Institute of Technology, Sweden.
check out http://www.gromacs.org for more information.

GROMACS is free software; you can redistribute it and/or modify it
under the terms of the GNU Lesser General Public License
as published by the Free Software Foundation; either version 2.1
of the License, or (at your option) any later version.

GROMACS:      gmx mdrun, version 2018.4
Executable:   /home/aplatham2/Programs/gromacs-2018.4/bin/gmx_mpi
Data prefix:  /home/aplatham2/Programs/gromacs-2018.4
Working dir:  /nfs/pool002/users/aplatham2/chromatin/drug_env/med1/med125
Command line:
  gmx_mpi mdrun -deffnm eq_min -table table_159.xvg -tablep table_smog159.xvg

Reading file eq_min.tpr, VERSION 2018.4 (single precision)
Using 1 MPI process


Non-default thread affinity set probably by the OpenMP library,
disabling internal thread affinity

NOTE: This file uses the deprecated 'group' cutoff_scheme. This will be
removed in a future release when 'verlet' supports all interaction forms.


WARNING: For the 740 non-zero entries for table 0 in table_159.xvg the forces deviate on average 59% from minus the numerical derivative of the potential


WARNING: For the 740 non-zero entries for table 0 in table_smog159.xvg the forces deviate on average 59% from minus the numerical derivative of the potential


Steepest Descents:
   Tolerance (Fmax)   =  1.00000e+01
   Number of steps    =        10000

writing lowest energy coordinates.

Steepest Descents converged to Fmax < 10 in 2483 steps
Potential Energy  = -2.0976770e+04
Maximum force     =  9.8540792e+00 on atom 7777
Norm of force     =  4.5738846e-01

GROMACS reminds you: "All Beauty Must Die" (Nick Cave)

                      :-) GROMACS - gmx grompp, 2018.4 (-:

                            GROMACS is written by:
     Emile Apol      Rossen Apostolov      Paul Bauer     Herman J.C. Berendsen
    Par Bjelkmar    Aldert van Buuren   Rudi van Drunen     Anton Feenstra  
  Gerrit Groenhof    Aleksei Iupinov   Christoph Junghans   Anca Hamuraru   
 Vincent Hindriksen Dimitrios Karkoulis    Peter Kasson        Jiri Kraus    
  Carsten Kutzner      Per Larsson      Justin A. Lemkul    Viveca Lindahl  
  Magnus Lundborg   Pieter Meulenhoff    Erik Marklund      Teemu Murtola   
    Szilard Pall       Sander Pronk      Roland Schulz     Alexey Shvetsov  
   Michael Shirts     Alfons Sijbers     Peter Tieleman    Teemu Virolainen 
 Christian Wennberg    Maarten Wolf   
                           and the project leaders:
        Mark Abraham, Berk Hess, Erik Lindahl, and David van der Spoel

Copyright (c) 1991-2000, University of Groningen, The Netherlands.
Copyright (c) 2001-2017, The GROMACS development team at
Uppsala University, Stockholm University and
the Royal Institute of Technology, Sweden.
check out http://www.gromacs.org for more information.

GROMACS is free software; you can redistribute it and/or modify it
under the terms of the GNU Lesser General Public License
as published by the Free Software Foundation; either version 2.1
of the License, or (at your option) any later version.

GROMACS:      gmx grompp, version 2018.4
Executable:   /home/aplatham2/Programs/gromacs-2018.4/bin/gmx_mpi
Data prefix:  /home/aplatham2/Programs/gromacs-2018.4
Working dir:  /nfs/pool002/users/aplatham2/chromatin/drug_env/med1/med125
Command line:
  gmx_mpi grompp -f eq3.mdp -c eq_min.gro -p chromatin_dna.top -o eq3.tpr -maxwarn 1

Replacing old mdp entry 'nstxtcout' by 'nstxout-compressed'
Replacing old mdp entry 'xtc_grps' by 'compressed-x-grps'

NOTE 1 [file eq3.mdp]:
  The group cutoff scheme is deprecated since GROMACS 5.0 and will be
  removed in a future release when all interaction forms are supported for
  the verlet scheme. The verlet scheme already scales better, and it is
  compatible with GPUs and other accelerators.

Generated 1 of the 253 non-bonded parameter combinations
Excluding 3 bonded neighbours molecule type 'med1'

NOTE 2 [file chromatin_dna.top, line 6]:
  System has non-zero total charge: 505.000000
  Total charge should normally be an integer. See
  http://www.gromacs.org/Documentation/Floating_Point_Arithmetic
  for discussion on how close it should be to an integer.
  


Velocities were taken from a Maxwell distribution at 150 K
Simulated annealing for group System: Single, 2 timepoints
Time (ps)   Temperature (K)
      0.0      150.0
 100000.0-     300.0
Number of degrees of freedom in T-Coupling group System is 58857.00

There were 2 notes

Back Off! I just backed up eq3.tpr to ./#eq3.tpr.1#

GROMACS reminds you: "All Work and No Play Makes Jack a Dull Boy" (The Shining)

Analysing residue names:
There are: 19620    Protein residues
Analysing Protein...
This run will generate roughly 11 Mb of data
                      :-) GROMACS - gmx mdrun, 2018.4 (-:

                            GROMACS is written by:
     Emile Apol      Rossen Apostolov      Paul Bauer     Herman J.C. Berendsen
    Par Bjelkmar    Aldert van Buuren   Rudi van Drunen     Anton Feenstra  
  Gerrit Groenhof    Aleksei Iupinov   Christoph Junghans   Anca Hamuraru   
 Vincent Hindriksen Dimitrios Karkoulis    Peter Kasson        Jiri Kraus    
  Carsten Kutzner      Per Larsson      Justin A. Lemkul    Viveca Lindahl  
  Magnus Lundborg   Pieter Meulenhoff    Erik Marklund      Teemu Murtola   
    Szilard Pall       Sander Pronk      Roland Schulz     Alexey Shvetsov  
   Michael Shirts     Alfons Sijbers     Peter Tieleman    Teemu Virolainen 
 Christian Wennberg    Maarten Wolf   
                           and the project leaders:
        Mark Abraham, Berk Hess, Erik Lindahl, and David van der Spoel

Copyright (c) 1991-2000, University of Groningen, The Netherlands.
Copyright (c) 2001-2017, The GROMACS development team at
Uppsala University, Stockholm University and
the Royal Institute of Technology, Sweden.
check out http://www.gromacs.org for more information.

GROMACS is free software; you can redistribute it and/or modify it
under the terms of the GNU Lesser General Public License
as published by the Free Software Foundation; either version 2.1
of the License, or (at your option) any later version.

GROMACS:      gmx mdrun, version 2018.4
Executable:   /home/aplatham2/Programs/gromacs-2018.4/bin/gmx_mpi
Data prefix:  /home/aplatham2/Programs/gromacs-2018.4
Working dir:  /nfs/pool002/users/aplatham2/chromatin/drug_env/med1/med125
Command line:
  gmx_mpi mdrun -deffnm eq3 -dlb yes -table table_159.xvg -tablep table_smog159.xvg -maxh 23.9 -noddcheck -rdd 4


Back Off! I just backed up eq3.log to ./#eq3.log.1#
Reading file eq3.tpr, VERSION 2018.4 (single precision)
Using 8 MPI processes


Non-default thread affinity set probably by the OpenMP library,
disabling internal thread affinity

NOTE: This file uses the deprecated 'group' cutoff_scheme. This will be
removed in a future release when 'verlet' supports all interaction forms.


WARNING: For the 740 non-zero entries for table 0 in table_159.xvg the forces deviate on average 59% from minus the numerical derivative of the potential


WARNING: For the 740 non-zero entries for table 0 in table_159.xvg the forces deviate on average 59% from minus the numerical derivative of the potential


WARNING: For the 740 non-zero entries for table 0 in table_159.xvg the forces deviate on average 59% from minus the numerical derivative of the potential


WARNING: For the 740 non-zero entries for table 0 in table_159.xvg the forces deviate on average 59% from minus the numerical derivative of the potential


WARNING: For the 740 non-zero entries for table 0 in table_159.xvg the forces deviate on average 59% from minus the numerical derivative of the potential


WARNING: For the 740 non-zero entries for table 0 in table_159.xvg the forces deviate on average 59% from minus the numerical derivative of the potential


WARNING: For the 740 non-zero entries for table 0 in table_159.xvg the forces deviate on average 59% from minus the numerical derivative of the potential


WARNING: For the 740 non-zero entries for table 0 in table_159.xvg the forces deviate on average 59% from minus the numerical derivative of the potential


WARNING: For the 740 non-zero entries for table 0 in table_smog159.xvg the forces deviate on average 59% from minus the numerical derivative of the potential


WARNING: For the 740 non-zero entries for table 0 in table_smog159.xvg the forces deviate on average 59% from minus the numerical derivative of the potential


WARNING: For the 740 non-zero entries for table 0 in table_smog159.xvg the forces deviate on average 59% from minus the numerical derivative of the potential


WARNING: For the 740 non-zero entries for table 0 in table_smog159.xvg the forces deviate on average 59% from minus the numerical derivative of the potential


WARNING: For the 740 non-zero entries for table 0 in table_smog159.xvg the forces deviate on average 59% from minus the numerical derivative of the potential


WARNING: For the 740 non-zero entries for table 0 in table_smog159.xvg the forces deviate on average 59% from minus the numerical derivative of the potential


WARNING: For the 740 non-zero entries for table 0 in table_smog159.xvg the forces deviate on average 59% from minus the numerical derivative of the potential


WARNING: For the 740 non-zero entries for table 0 in table_smog159.xvg the forces deviate on average 59% from minus the numerical derivative of the potential


Back Off! I just backed up eq3.xtc to ./#eq3.xtc.1#

Back Off! I just backed up eq3.edr to ./#eq3.edr.1#
starting mdrun 'med1'
10000000 steps, 100000.0 ps.

Writing final coordinates.

 Dynamic load balancing report:
 DLB was permanently on during the run per user request.
 Average load imbalance: 0.5%.
 The balanceable part of the MD step is 65%, load imbalance is computed from this.
 Part of the total run time spent waiting due to load imbalance: 0.3%.
 Steps where the load balancing was limited by -rdd, -rcon and/or -dds: X 0 % Y 0 % Z 0 %


               Core t (s)   Wall t (s)        (%)
       Time:   107337.922    13417.240      800.0
                         3h43:37
                 (ns/day)    (hour/ns)
Performance:      643.948        0.037

GROMACS reminds you: "The Universe is Somewhere In Here" (J.G.E.M. Fraaije)

