                      :-) GROMACS - gmx grompp, 2018.4 (-:

                            GROMACS is written by:
     Emile Apol      Rossen Apostolov      Paul Bauer     Herman J.C. Berendsen
    Par Bjelkmar    Aldert van Buuren   Rudi van Drunen     Anton Feenstra  
  Gerrit Groenhof    Aleksei Iupinov   Christoph Junghans   Anca Hamuraru   
 Vincent Hindriksen Dimitrios Karkoulis    Peter Kasson        Jiri Kraus    
  Carsten Kutzner      Per Larsson      Justin A. Lemkul    Viveca Lindahl  
  Magnus Lundborg   Pieter Meulenhoff    Erik Marklund      Teemu Murtola   
    Szilard Pall       Sander Pronk      Roland Schulz     Alexey Shvetsov  
   Michael Shirts     Alfons Sijbers     Peter Tieleman    Teemu Virolainen 
 Christian Wennberg    Maarten Wolf   
                           and the project leaders:
        Mark Abraham, Berk Hess, Erik Lindahl, and David van der Spoel

Copyright (c) 1991-2000, University of Groningen, The Netherlands.
Copyright (c) 2001-2017, The GROMACS development team at
Uppsala University, Stockholm University and
the Royal Institute of Technology, Sweden.
check out http://www.gromacs.org for more information.

GROMACS is free software; you can redistribute it and/or modify it
under the terms of the GNU Lesser General Public License
as published by the Free Software Foundation; either version 2.1
of the License, or (at your option) any later version.

GROMACS:      gmx grompp, version 2018.4
Executable:   /home/software/gromacs/2018.4/bin/gmx_mpi
Data prefix:  /home/software/gromacs/2018.4
Working dir:  /nfs/pool002/users/congwang/martini_sim/hp1a25/martini/MARTINI_no_solvent
Command line:
  gmx_mpi grompp -f step4.1_minimization.mdp -c XXX_AMRTINI1.pdb -p PROA.top -o min.tpr


-------------------------------------------------------
Program:     gmx grompp, version 2018.4
Source file: src/gromacs/commandline/cmdlineparser.cpp (line 276)
Function:    void gmx::CommandLineParser::parse(int*, char**)

Error in user input:
Invalid command-line options
  In command-line option -c
    File 'XXX_AMRTINI1.pdb' does not exist or is not accessible.
    The file could not be opened.
      Reason: No such file or directory
      (call to fopen() returned error code 2)

For more information and tips for troubleshooting, please check the GROMACS
website at http://www.gromacs.org/Documentation/Errors
-------------------------------------------------------
--------------------------------------------------------------------------
MPI_ABORT was invoked on rank 0 in communicator MPI_COMM_WORLD
with errorcode 1.

NOTE: invoking MPI_ABORT causes Open MPI to kill all MPI processes.
You may or may not see output from other processes, depending on
exactly when Open MPI kills them.
--------------------------------------------------------------------------
                      :-) GROMACS - gmx mdrun, 2018.4 (-:

                            GROMACS is written by:
     Emile Apol      Rossen Apostolov      Paul Bauer     Herman J.C. Berendsen
    Par Bjelkmar    Aldert van Buuren   Rudi van Drunen     Anton Feenstra  
  Gerrit Groenhof    Aleksei Iupinov   Christoph Junghans   Anca Hamuraru   
 Vincent Hindriksen Dimitrios Karkoulis    Peter Kasson        Jiri Kraus    
  Carsten Kutzner      Per Larsson      Justin A. Lemkul    Viveca Lindahl  
  Magnus Lundborg   Pieter Meulenhoff    Erik Marklund      Teemu Murtola   
    Szilard Pall       Sander Pronk      Roland Schulz     Alexey Shvetsov  
   Michael Shirts     Alfons Sijbers     Peter Tieleman    Teemu Virolainen 
 Christian Wennberg    Maarten Wolf   
                           and the project leaders:
        Mark Abraham, Berk Hess, Erik Lindahl, and David van der Spoel

Copyright (c) 1991-2000, University of Groningen, The Netherlands.
Copyright (c) 2001-2017, The GROMACS development team at
Uppsala University, Stockholm University and
the Royal Institute of Technology, Sweden.
check out http://www.gromacs.org for more information.

GROMACS is free software; you can redistribute it and/or modify it
under the terms of the GNU Lesser General Public License
as published by the Free Software Foundation; either version 2.1
of the License, or (at your option) any later version.

GROMACS:      gmx mdrun, version 2018.4
Executable:   /home/software/gromacs/2018.4/bin/gmx_mpi
Data prefix:  /home/software/gromacs/2018.4
Working dir:  /nfs/pool002/users/congwang/martini_sim/hp1a25/martini/MARTINI_no_solvent
Command line:
  gmx_mpi mdrun -deffnm min -dlb yes -maxh 191.9 -ntomp 5 -pin on -v


Back Off! I just backed up min.log to ./#min.log.2#
Compiled SIMD: AVX_256, but for this host/run AVX_512 might be better (see
log).
Reading file min.tpr, VERSION 2018.4 (single precision)
Using 1 MPI process
Using 5 OpenMP threads 


Overriding thread affinity set outside gmx mdrun

Back Off! I just backed up min.trr to ./#min.trr.2#

Back Off! I just backed up min.edr to ./#min.edr.2#

Steepest Descents:
   Tolerance (Fmax)   =  1.00000e+02
   Number of steps    =         3000
Step=    0, Dmax= 1.0e-02 nm, Epot=  8.84504e+21 Fmax=         inf, atom= 2014
Step=    1, Dmax= 1.0e-02 nm, Epot=  9.25699e+21 Fmax=         inf, atom= 2014Step=    2, Dmax= 5.0e-03 nm, Epot=  9.25699e+21 Fmax=         inf, atom= 2014Step=    3, Dmax= 2.5e-03 nm, Epot=  9.25699e+21 Fmax=         inf, atom= 2014Step=    4, Dmax= 1.2e-03 nm, Epot=  9.25699e+21 Fmax=         inf, atom= 2014Step=    5, Dmax= 6.2e-04 nm, Epot=  9.25699e+21 Fmax=         inf, atom= 2014Step=    6, Dmax= 3.1e-04 nm, Epot=  9.25699e+21 Fmax=         inf, atom= 2014Step=    7, Dmax= 1.6e-04 nm, Epot=  9.25699e+21 Fmax=         inf, atom= 2014Step=    8, Dmax= 7.8e-05 nm, Epot=  9.25699e+21 Fmax=         inf, atom= 2014Step=    9, Dmax= 3.9e-05 nm, Epot=  9.25699e+21 Fmax=         inf, atom= 2014Step=   10, Dmax= 2.0e-05 nm, Epot=  9.25699e+21 Fmax=         inf, atom= 2014Step=   11, Dmax= 9.8e-06 nm, Epot=  9.25699e+21 Fmax=         inf, atom= 2014Step=   12, Dmax= 4.9e-06 nm, Epot=  9.25699e+21 Fmax=         inf, atom= 2014Step=   13, Dmax= 2.4e-06 nm, Epot=  9.25699e+21 Fmax=         inf, atom= 2014Step=   14, Dmax= 1.2e-06 nm, Epot=  9.25699e+21 Fmax=         inf, atom= 2014
Energy minimization has stopped, but the forces have not converged to the
requested precision Fmax < 100 (which may not be possible for your system).
It stopped because the algorithm tried to make a new step whose size was too
small, or there was no change in the energy since last step. Either way, we
regard the minimization as converged to within the available machine
precision, given your starting configuration and EM parameters.

Double precision normally gives you higher accuracy, but this is often not
needed for preparing to run molecular dynamics.
You might need to increase your constraint accuracy, or turn
off constraints altogether (set constraints = none in mdp file)

writing lowest energy coordinates.

Back Off! I just backed up min.gro to ./#min.gro.2#

Steepest Descents converged to machine precision in 15 steps,
but did not reach the requested Fmax < 100.
Potential Energy  =  8.8450421e+21
Maximum force     =            inf on atom 2014
Norm of force     =            inf

GROMACS reminds you: "If mathematical analysis should ever hold a prominent place in chemistry - an aberration which is happily almost impossible - it would occasion a rapid and widespread degeneration of that science." (Aguste Comte, 1830)

                      :-) GROMACS - gmx grompp, 2018.4 (-:

                            GROMACS is written by:
     Emile Apol      Rossen Apostolov      Paul Bauer     Herman J.C. Berendsen
    Par Bjelkmar    Aldert van Buuren   Rudi van Drunen     Anton Feenstra  
  Gerrit Groenhof    Aleksei Iupinov   Christoph Junghans   Anca Hamuraru   
 Vincent Hindriksen Dimitrios Karkoulis    Peter Kasson        Jiri Kraus    
  Carsten Kutzner      Per Larsson      Justin A. Lemkul    Viveca Lindahl  
  Magnus Lundborg   Pieter Meulenhoff    Erik Marklund      Teemu Murtola   
    Szilard Pall       Sander Pronk      Roland Schulz     Alexey Shvetsov  
   Michael Shirts     Alfons Sijbers     Peter Tieleman    Teemu Virolainen 
 Christian Wennberg    Maarten Wolf   
                           and the project leaders:
        Mark Abraham, Berk Hess, Erik Lindahl, and David van der Spoel

Copyright (c) 1991-2000, University of Groningen, The Netherlands.
Copyright (c) 2001-2017, The GROMACS development team at
Uppsala University, Stockholm University and
the Royal Institute of Technology, Sweden.
check out http://www.gromacs.org for more information.

GROMACS is free software; you can redistribute it and/or modify it
under the terms of the GNU Lesser General Public License
as published by the Free Software Foundation; either version 2.1
of the License, or (at your option) any later version.

GROMACS:      gmx grompp, version 2018.4
Executable:   /home/software/gromacs/2018.4/bin/gmx_mpi
Data prefix:  /home/software/gromacs/2018.4
Working dir:  /nfs/pool002/users/congwang/martini_sim/hp1a25/martini/MARTINI_no_solvent
Command line:
  gmx_mpi grompp -f step4.2_equilibration.mdp -c min.gro -p PROA.top -o nvt.tpr

Setting the LD random seed to -2050307424
Generated 3369 of the 1420455 non-bonded parameter combinations
Excluding 1 bonded neighbours molecule type 'molecule_0'

NOTE 1 [file PROA.top, line 10]:
  System has non-zero total charge: -282.000000
  Total charge should normally be an integer. See
  http://www.gromacs.org/Documentation/Floating_Point_Arithmetic
  for discussion on how close it should be to an integer.
  


Velocities were taken from a Maxwell distribution at 313.15 K
Cleaning up constraints and constant bonded interactions with virtual sites
Removing all charge groups because cutoff-scheme=Verlet

-------------------------------------------------------
Program:     gmx grompp, version 2018.4
Source file: src/gromacs/gmxpreprocess/readir.cpp (line 2683)

Fatal error:
Group non-Protein referenced in the .mdp file was not found in the index file.
Group names must match either [moleculetype] names or custom index group
names, in which case you must supply an index file to the '-n' option
of grompp.

For more information and tips for troubleshooting, please check the GROMACS
website at http://www.gromacs.org/Documentation/Errors
-------------------------------------------------------
Analysing residue names:
There are: 17954    Protein residues
Analysing Protein...
--------------------------------------------------------------------------
MPI_ABORT was invoked on rank 0 in communicator MPI_COMM_WORLD
with errorcode 1.

NOTE: invoking MPI_ABORT causes Open MPI to kill all MPI processes.
You may or may not see output from other processes, depending on
exactly when Open MPI kills them.
--------------------------------------------------------------------------
                      :-) GROMACS - gmx mdrun, 2018.4 (-:

                            GROMACS is written by:
     Emile Apol      Rossen Apostolov      Paul Bauer     Herman J.C. Berendsen
    Par Bjelkmar    Aldert van Buuren   Rudi van Drunen     Anton Feenstra  
  Gerrit Groenhof    Aleksei Iupinov   Christoph Junghans   Anca Hamuraru   
 Vincent Hindriksen Dimitrios Karkoulis    Peter Kasson        Jiri Kraus    
  Carsten Kutzner      Per Larsson      Justin A. Lemkul    Viveca Lindahl  
  Magnus Lundborg   Pieter Meulenhoff    Erik Marklund      Teemu Murtola   
    Szilard Pall       Sander Pronk      Roland Schulz     Alexey Shvetsov  
   Michael Shirts     Alfons Sijbers     Peter Tieleman    Teemu Virolainen 
 Christian Wennberg    Maarten Wolf   
                           and the project leaders:
        Mark Abraham, Berk Hess, Erik Lindahl, and David van der Spoel

Copyright (c) 1991-2000, University of Groningen, The Netherlands.
Copyright (c) 2001-2017, The GROMACS development team at
Uppsala University, Stockholm University and
the Royal Institute of Technology, Sweden.
check out http://www.gromacs.org for more information.

GROMACS is free software; you can redistribute it and/or modify it
under the terms of the GNU Lesser General Public License
as published by the Free Software Foundation; either version 2.1
of the License, or (at your option) any later version.

GROMACS:      gmx mdrun, version 2018.4
Executable:   /home/software/gromacs/2018.4/bin/gmx_mpi
Data prefix:  /home/software/gromacs/2018.4
Working dir:  /nfs/pool002/users/congwang/martini_sim/hp1a25/martini/MARTINI_no_solvent
Command line:
  gmx_mpi mdrun -deffnm nvt -dlb yes -maxh 191.9 -ntomp 5 -pin on -v


-------------------------------------------------------
Program:     gmx mdrun, version 2018.4
Source file: src/gromacs/options/options.cpp (line 189)
Function:    void gmx::internal::OptionSectionImpl::finish()

Error in user input:
Invalid input values
  In option s
    Required option was not provided, and the default file 'topol' does not
    exist or is not accessible.
    The following extensions were tried to complete the file name:
      .tpr

For more information and tips for troubleshooting, please check the GROMACS
website at http://www.gromacs.org/Documentation/Errors
-------------------------------------------------------
--------------------------------------------------------------------------
MPI_ABORT was invoked on rank 0 in communicator MPI_COMM_WORLD
with errorcode 1.

NOTE: invoking MPI_ABORT causes Open MPI to kill all MPI processes.
You may or may not see output from other processes, depending on
exactly when Open MPI kills them.
--------------------------------------------------------------------------
                      :-) GROMACS - gmx grompp, 2018.4 (-:

                            GROMACS is written by:
     Emile Apol      Rossen Apostolov      Paul Bauer     Herman J.C. Berendsen
    Par Bjelkmar    Aldert van Buuren   Rudi van Drunen     Anton Feenstra  
  Gerrit Groenhof    Aleksei Iupinov   Christoph Junghans   Anca Hamuraru   
 Vincent Hindriksen Dimitrios Karkoulis    Peter Kasson        Jiri Kraus    
  Carsten Kutzner      Per Larsson      Justin A. Lemkul    Viveca Lindahl  
  Magnus Lundborg   Pieter Meulenhoff    Erik Marklund      Teemu Murtola   
    Szilard Pall       Sander Pronk      Roland Schulz     Alexey Shvetsov  
   Michael Shirts     Alfons Sijbers     Peter Tieleman    Teemu Virolainen 
 Christian Wennberg    Maarten Wolf   
                           and the project leaders:
        Mark Abraham, Berk Hess, Erik Lindahl, and David van der Spoel

Copyright (c) 1991-2000, University of Groningen, The Netherlands.
Copyright (c) 2001-2017, The GROMACS development team at
Uppsala University, Stockholm University and
the Royal Institute of Technology, Sweden.
check out http://www.gromacs.org for more information.

GROMACS is free software; you can redistribute it and/or modify it
under the terms of the GNU Lesser General Public License
as published by the Free Software Foundation; either version 2.1
of the License, or (at your option) any later version.

GROMACS:      gmx grompp, version 2018.4
Executable:   /home/software/gromacs/2018.4/bin/gmx_mpi
Data prefix:  /home/software/gromacs/2018.4
Working dir:  /nfs/pool002/users/congwang/martini_sim/hp1a25/martini/MARTINI_no_solvent
Command line:
  gmx_mpi grompp -f step4.3_equilibration.mdp -c nvt.gro -t nvt.cpt -p PROA.top -o npt.tpr


-------------------------------------------------------
Program:     gmx grompp, version 2018.4
Source file: src/gromacs/commandline/cmdlineparser.cpp (line 276)
Function:    void gmx::CommandLineParser::parse(int*, char**)

Error in user input:
Invalid command-line options
  In command-line option -c
    File 'nvt.gro' does not exist or is not accessible.
    The file could not be opened.
      Reason: No such file or directory
      (call to fopen() returned error code 2)
  In command-line option -t
    File 'nvt.cpt' does not exist or is not accessible.
    The file could not be opened.
      Reason: No such file or directory
      (call to fopen() returned error code 2)

For more information and tips for troubleshooting, please check the GROMACS
website at http://www.gromacs.org/Documentation/Errors
-------------------------------------------------------
--------------------------------------------------------------------------
MPI_ABORT was invoked on rank 0 in communicator MPI_COMM_WORLD
with errorcode 1.

NOTE: invoking MPI_ABORT causes Open MPI to kill all MPI processes.
You may or may not see output from other processes, depending on
exactly when Open MPI kills them.
--------------------------------------------------------------------------
                      :-) GROMACS - gmx mdrun, 2018.4 (-:

                            GROMACS is written by:
     Emile Apol      Rossen Apostolov      Paul Bauer     Herman J.C. Berendsen
    Par Bjelkmar    Aldert van Buuren   Rudi van Drunen     Anton Feenstra  
  Gerrit Groenhof    Aleksei Iupinov   Christoph Junghans   Anca Hamuraru   
 Vincent Hindriksen Dimitrios Karkoulis    Peter Kasson        Jiri Kraus    
  Carsten Kutzner      Per Larsson      Justin A. Lemkul    Viveca Lindahl  
  Magnus Lundborg   Pieter Meulenhoff    Erik Marklund      Teemu Murtola   
    Szilard Pall       Sander Pronk      Roland Schulz     Alexey Shvetsov  
   Michael Shirts     Alfons Sijbers     Peter Tieleman    Teemu Virolainen 
 Christian Wennberg    Maarten Wolf   
                           and the project leaders:
        Mark Abraham, Berk Hess, Erik Lindahl, and David van der Spoel

Copyright (c) 1991-2000, University of Groningen, The Netherlands.
Copyright (c) 2001-2017, The GROMACS development team at
Uppsala University, Stockholm University and
the Royal Institute of Technology, Sweden.
check out http://www.gromacs.org for more information.

GROMACS is free software; you can redistribute it and/or modify it
under the terms of the GNU Lesser General Public License
as published by the Free Software Foundation; either version 2.1
of the License, or (at your option) any later version.

GROMACS:      gmx mdrun, version 2018.4
Executable:   /home/software/gromacs/2018.4/bin/gmx_mpi
Data prefix:  /home/software/gromacs/2018.4
Working dir:  /nfs/pool002/users/congwang/martini_sim/hp1a25/martini/MARTINI_no_solvent
Command line:
  gmx_mpi mdrun -deffnm nvt -dlb yes -maxh 191.9 -ntomp 5 -pin on -v


-------------------------------------------------------
Program:     gmx mdrun, version 2018.4
Source file: src/gromacs/options/options.cpp (line 189)
Function:    void gmx::internal::OptionSectionImpl::finish()

Error in user input:
Invalid input values
  In option s
    Required option was not provided, and the default file 'topol' does not
    exist or is not accessible.
    The following extensions were tried to complete the file name:
      .tpr

For more information and tips for troubleshooting, please check the GROMACS
website at http://www.gromacs.org/Documentation/Errors
-------------------------------------------------------
--------------------------------------------------------------------------
MPI_ABORT was invoked on rank 0 in communicator MPI_COMM_WORLD
with errorcode 1.

NOTE: invoking MPI_ABORT causes Open MPI to kill all MPI processes.
You may or may not see output from other processes, depending on
exactly when Open MPI kills them.
--------------------------------------------------------------------------
                      :-) GROMACS - gmx grompp, 2018.4 (-:

                            GROMACS is written by:
     Emile Apol      Rossen Apostolov      Paul Bauer     Herman J.C. Berendsen
    Par Bjelkmar    Aldert van Buuren   Rudi van Drunen     Anton Feenstra  
  Gerrit Groenhof    Aleksei Iupinov   Christoph Junghans   Anca Hamuraru   
 Vincent Hindriksen Dimitrios Karkoulis    Peter Kasson        Jiri Kraus    
  Carsten Kutzner      Per Larsson      Justin A. Lemkul    Viveca Lindahl  
  Magnus Lundborg   Pieter Meulenhoff    Erik Marklund      Teemu Murtola   
    Szilard Pall       Sander Pronk      Roland Schulz     Alexey Shvetsov  
   Michael Shirts     Alfons Sijbers     Peter Tieleman    Teemu Virolainen 
 Christian Wennberg    Maarten Wolf   
                           and the project leaders:
        Mark Abraham, Berk Hess, Erik Lindahl, and David van der Spoel

Copyright (c) 1991-2000, University of Groningen, The Netherlands.
Copyright (c) 2001-2017, The GROMACS development team at
Uppsala University, Stockholm University and
the Royal Institute of Technology, Sweden.
check out http://www.gromacs.org for more information.

GROMACS is free software; you can redistribute it and/or modify it
under the terms of the GNU Lesser General Public License
as published by the Free Software Foundation; either version 2.1
of the License, or (at your option) any later version.

GROMACS:      gmx grompp, version 2018.4
Executable:   /home/software/gromacs/2018.4/bin/gmx_mpi
Data prefix:  /home/software/gromacs/2018.4
Working dir:  /nfs/pool002/users/congwang/martini_sim/hp1a25/martini/MARTINI_no_solvent
Command line:
  gmx_mpi grompp -f step5.0_production.mdp -c npt.gro -t npt.cpt -p PROA.top -o prod.tpr


-------------------------------------------------------
Program:     gmx grompp, version 2018.4
Source file: src/gromacs/commandline/cmdlineparser.cpp (line 276)
Function:    void gmx::CommandLineParser::parse(int*, char**)

Error in user input:
Invalid command-line options
  In command-line option -c
    File 'npt.gro' does not exist or is not accessible.
    The file could not be opened.
      Reason: No such file or directory
      (call to fopen() returned error code 2)
  In command-line option -t
    File 'npt.cpt' does not exist or is not accessible.
    The file could not be opened.
      Reason: No such file or directory
      (call to fopen() returned error code 2)

For more information and tips for troubleshooting, please check the GROMACS
website at http://www.gromacs.org/Documentation/Errors
-------------------------------------------------------
--------------------------------------------------------------------------
MPI_ABORT was invoked on rank 0 in communicator MPI_COMM_WORLD
with errorcode 1.

NOTE: invoking MPI_ABORT causes Open MPI to kill all MPI processes.
You may or may not see output from other processes, depending on
exactly when Open MPI kills them.
--------------------------------------------------------------------------
                      :-) GROMACS - gmx mdrun, 2018.4 (-:

                            GROMACS is written by:
     Emile Apol      Rossen Apostolov      Paul Bauer     Herman J.C. Berendsen
    Par Bjelkmar    Aldert van Buuren   Rudi van Drunen     Anton Feenstra  
  Gerrit Groenhof    Aleksei Iupinov   Christoph Junghans   Anca Hamuraru   
 Vincent Hindriksen Dimitrios Karkoulis    Peter Kasson        Jiri Kraus    
  Carsten Kutzner      Per Larsson      Justin A. Lemkul    Viveca Lindahl  
  Magnus Lundborg   Pieter Meulenhoff    Erik Marklund      Teemu Murtola   
    Szilard Pall       Sander Pronk      Roland Schulz     Alexey Shvetsov  
   Michael Shirts     Alfons Sijbers     Peter Tieleman    Teemu Virolainen 
 Christian Wennberg    Maarten Wolf   
                           and the project leaders:
        Mark Abraham, Berk Hess, Erik Lindahl, and David van der Spoel

Copyright (c) 1991-2000, University of Groningen, The Netherlands.
Copyright (c) 2001-2017, The GROMACS development team at
Uppsala University, Stockholm University and
the Royal Institute of Technology, Sweden.
check out http://www.gromacs.org for more information.

GROMACS is free software; you can redistribute it and/or modify it
under the terms of the GNU Lesser General Public License
as published by the Free Software Foundation; either version 2.1
of the License, or (at your option) any later version.

GROMACS:      gmx mdrun, version 2018.4
Executable:   /home/software/gromacs/2018.4/bin/gmx_mpi
Data prefix:  /home/software/gromacs/2018.4
Working dir:  /nfs/pool002/users/congwang/martini_sim/hp1a25/martini/MARTINI_no_solvent
Command line:
  gmx_mpi mdrun -deffnm prod -dlb yes -maxh 191.9 -ntomp 5 -pin on -v


-------------------------------------------------------
Program:     gmx mdrun, version 2018.4
Source file: src/gromacs/options/options.cpp (line 189)
Function:    void gmx::internal::OptionSectionImpl::finish()

Error in user input:
Invalid input values
  In option s
    Required option was not provided, and the default file 'topol' does not
    exist or is not accessible.
    The following extensions were tried to complete the file name:
      .tpr

For more information and tips for troubleshooting, please check the GROMACS
website at http://www.gromacs.org/Documentation/Errors
-------------------------------------------------------
--------------------------------------------------------------------------
MPI_ABORT was invoked on rank 0 in communicator MPI_COMM_WORLD
with errorcode 1.

NOTE: invoking MPI_ABORT causes Open MPI to kill all MPI processes.
You may or may not see output from other processes, depending on
exactly when Open MPI kills them.
--------------------------------------------------------------------------
