--------------------------------------------------------------------------
It looks like orte_init failed for some reason; your parallel process is
likely to abort.  There are many reasons that a parallel process can
fail during orte_init; some of which are due to configuration or
environment problems.  This failure appears to be an internal failure;
here's some additional information (which may only be relevant to an
Open MPI developer):

  PMI2_Job_GetId failed failed
  --> Returned value (null) (14) instead of ORTE_SUCCESS
--------------------------------------------------------------------------
--------------------------------------------------------------------------
It looks like orte_init failed for some reason; your parallel process is
likely to abort.  There are many reasons that a parallel process can
fail during orte_init; some of which are due to configuration or
environment problems.  This failure appears to be an internal failure;
here's some additional information (which may only be relevant to an
Open MPI developer):

  orte_ess_init failed
  --> Returned value (null) (14) instead of ORTE_SUCCESS
--------------------------------------------------------------------------
--------------------------------------------------------------------------
It looks like MPI_INIT failed for some reason; your parallel process is
likely to abort.  There are many reasons that a parallel process can
fail during MPI_INIT; some of which are due to configuration or environment
problems.  This failure appears to be an internal failure; here's some
additional information (which may only be relevant to an Open MPI
developer):

  ompi_mpi_init: ompi_rte_init failed
  --> Returned "(null)" (14) instead of "Success" (0)
--------------------------------------------------------------------------
*** An error occurred in MPI_Init_thread
*** on a NULL communicator
*** MPI_ERRORS_ARE_FATAL (processes in this communicator will now abort,
***    and potentially your MPI job)
[node1195:346537] Local abort before MPI_INIT completed successfully; not able to aggregate error messages, and not able to guarantee that all other processes were killed!
--------------------------------------------------------------------------
It looks like orte_init failed for some reason; your parallel process is
likely to abort.  There are many reasons that a parallel process can
fail during orte_init; some of which are due to configuration or
environment problems.  This failure appears to be an internal failure;
here's some additional information (which may only be relevant to an
Open MPI developer):

  PMI2_Job_GetId failed failed
  --> Returned value (null) (14) instead of ORTE_SUCCESS
--------------------------------------------------------------------------
--------------------------------------------------------------------------
It looks like orte_init failed for some reason; your parallel process is
likely to abort.  There are many reasons that a parallel process can
fail during orte_init; some of which are due to configuration or
environment problems.  This failure appears to be an internal failure;
here's some additional information (which may only be relevant to an
Open MPI developer):

  orte_ess_init failed
  --> Returned value (null) (14) instead of ORTE_SUCCESS
--------------------------------------------------------------------------
--------------------------------------------------------------------------
It looks like MPI_INIT failed for some reason; your parallel process is
likely to abort.  There are many reasons that a parallel process can
fail during MPI_INIT; some of which are due to configuration or environment
problems.  This failure appears to be an internal failure; here's some
additional information (which may only be relevant to an Open MPI
developer):

  ompi_mpi_init: ompi_rte_init failed
  --> Returned "(null)" (14) instead of "Success" (0)
--------------------------------------------------------------------------
*** An error occurred in MPI_Init_thread
*** on a NULL communicator
*** MPI_ERRORS_ARE_FATAL (processes in this communicator will now abort,
***    and potentially your MPI job)
[node1195:346539] Local abort before MPI_INIT completed successfully; not able to aggregate error messages, and not able to guarantee that all other processes were killed!
--------------------------------------------------------------------------
It looks like orte_init failed for some reason; your parallel process is
likely to abort.  There are many reasons that a parallel process can
fail during orte_init; some of which are due to configuration or
environment problems.  This failure appears to be an internal failure;
here's some additional information (which may only be relevant to an
Open MPI developer):

  PMI2_Job_GetId failed failed
  --> Returned value (null) (14) instead of ORTE_SUCCESS
--------------------------------------------------------------------------
--------------------------------------------------------------------------
It looks like orte_init failed for some reason; your parallel process is
likely to abort.  There are many reasons that a parallel process can
fail during orte_init; some of which are due to configuration or
environment problems.  This failure appears to be an internal failure;
here's some additional information (which may only be relevant to an
Open MPI developer):

  orte_ess_init failed
  --> Returned value (null) (14) instead of ORTE_SUCCESS
--------------------------------------------------------------------------
--------------------------------------------------------------------------
It looks like MPI_INIT failed for some reason; your parallel process is
likely to abort.  There are many reasons that a parallel process can
fail during MPI_INIT; some of which are due to configuration or environment
problems.  This failure appears to be an internal failure; here's some
additional information (which may only be relevant to an Open MPI
developer):

  ompi_mpi_init: ompi_rte_init failed
  --> Returned "(null)" (14) instead of "Success" (0)
--------------------------------------------------------------------------
*** An error occurred in MPI_Init_thread
*** on a NULL communicator
*** MPI_ERRORS_ARE_FATAL (processes in this communicator will now abort,
***    and potentially your MPI job)
[node1195:346540] Local abort before MPI_INIT completed successfully; not able to aggregate error messages, and not able to guarantee that all other processes were killed!
--------------------------------------------------------------------------
It looks like orte_init failed for some reason; your parallel process is
likely to abort.  There are many reasons that a parallel process can
fail during orte_init; some of which are due to configuration or
environment problems.  This failure appears to be an internal failure;
here's some additional information (which may only be relevant to an
Open MPI developer):

  PMI2_Job_GetId failed failed
  --> Returned value (null) (14) instead of ORTE_SUCCESS
--------------------------------------------------------------------------
--------------------------------------------------------------------------
It looks like orte_init failed for some reason; your parallel process is
likely to abort.  There are many reasons that a parallel process can
fail during orte_init; some of which are due to configuration or
environment problems.  This failure appears to be an internal failure;
here's some additional information (which may only be relevant to an
Open MPI developer):

  orte_ess_init failed
  --> Returned value (null) (14) instead of ORTE_SUCCESS
--------------------------------------------------------------------------
--------------------------------------------------------------------------
It looks like MPI_INIT failed for some reason; your parallel process is
likely to abort.  There are many reasons that a parallel process can
fail during MPI_INIT; some of which are due to configuration or environment
problems.  This failure appears to be an internal failure; here's some
additional information (which may only be relevant to an Open MPI
developer):

  ompi_mpi_init: ompi_rte_init failed
  --> Returned "(null)" (14) instead of "Success" (0)
--------------------------------------------------------------------------
*** An error occurred in MPI_Init_thread
*** on a NULL communicator
*** MPI_ERRORS_ARE_FATAL (processes in this communicator will now abort,
***    and potentially your MPI job)
[node1195:346542] Local abort before MPI_INIT completed successfully; not able to aggregate error messages, and not able to guarantee that all other processes were killed!
--------------------------------------------------------------------------
It looks like orte_init failed for some reason; your parallel process is
likely to abort.  There are many reasons that a parallel process can
fail during orte_init; some of which are due to configuration or
environment problems.  This failure appears to be an internal failure;
here's some additional information (which may only be relevant to an
Open MPI developer):

  PMI2_Job_GetId failed failed
  --> Returned value (null) (14) instead of ORTE_SUCCESS
--------------------------------------------------------------------------
--------------------------------------------------------------------------
It looks like orte_init failed for some reason; your parallel process is
likely to abort.  There are many reasons that a parallel process can
fail during orte_init; some of which are due to configuration or
environment problems.  This failure appears to be an internal failure;
here's some additional information (which may only be relevant to an
Open MPI developer):

  orte_ess_init failed
  --> Returned value (null) (14) instead of ORTE_SUCCESS
--------------------------------------------------------------------------
--------------------------------------------------------------------------
It looks like MPI_INIT failed for some reason; your parallel process is
likely to abort.  There are many reasons that a parallel process can
fail during MPI_INIT; some of which are due to configuration or environment
problems.  This failure appears to be an internal failure; here's some
additional information (which may only be relevant to an Open MPI
developer):

  ompi_mpi_init: ompi_rte_init failed
  --> Returned "(null)" (14) instead of "Success" (0)
--------------------------------------------------------------------------
*** An error occurred in MPI_Init_thread
*** on a NULL communicator
*** MPI_ERRORS_ARE_FATAL (processes in this communicator will now abort,
***    and potentially your MPI job)
[node1195:346543] Local abort before MPI_INIT completed successfully; not able to aggregate error messages, and not able to guarantee that all other processes were killed!
/var/spool/slurmd/job43340981/slurm_script: line 23: mpirun: command not found
--------------------------------------------------------------------------
It looks like orte_init failed for some reason; your parallel process is
likely to abort.  There are many reasons that a parallel process can
fail during orte_init; some of which are due to configuration or
environment problems.  This failure appears to be an internal failure;
here's some additional information (which may only be relevant to an
Open MPI developer):

  PMI2_Job_GetId failed failed
  --> Returned value (null) (14) instead of ORTE_SUCCESS
--------------------------------------------------------------------------
--------------------------------------------------------------------------
It looks like orte_init failed for some reason; your parallel process is
likely to abort.  There are many reasons that a parallel process can
fail during orte_init; some of which are due to configuration or
environment problems.  This failure appears to be an internal failure;
here's some additional information (which may only be relevant to an
Open MPI developer):

  orte_ess_init failed
  --> Returned value (null) (14) instead of ORTE_SUCCESS
--------------------------------------------------------------------------
--------------------------------------------------------------------------
It looks like MPI_INIT failed for some reason; your parallel process is
likely to abort.  There are many reasons that a parallel process can
fail during MPI_INIT; some of which are due to configuration or environment
problems.  This failure appears to be an internal failure; here's some
additional information (which may only be relevant to an Open MPI
developer):

  ompi_mpi_init: ompi_rte_init failed
  --> Returned "(null)" (14) instead of "Success" (0)
--------------------------------------------------------------------------
*** An error occurred in MPI_Init_thread
*** on a NULL communicator
*** MPI_ERRORS_ARE_FATAL (processes in this communicator will now abort,
***    and potentially your MPI job)
[node1195:346545] Local abort before MPI_INIT completed successfully; not able to aggregate error messages, and not able to guarantee that all other processes were killed!
/var/spool/slurmd/job43340981/slurm_script: line 27: mpirun: command not found
--------------------------------------------------------------------------
It looks like orte_init failed for some reason; your parallel process is
likely to abort.  There are many reasons that a parallel process can
fail during orte_init; some of which are due to configuration or
environment problems.  This failure appears to be an internal failure;
here's some additional information (which may only be relevant to an
Open MPI developer):

  PMI2_Job_GetId failed failed
  --> Returned value (null) (14) instead of ORTE_SUCCESS
--------------------------------------------------------------------------
--------------------------------------------------------------------------
It looks like orte_init failed for some reason; your parallel process is
likely to abort.  There are many reasons that a parallel process can
fail during orte_init; some of which are due to configuration or
environment problems.  This failure appears to be an internal failure;
here's some additional information (which may only be relevant to an
Open MPI developer):

  orte_ess_init failed
  --> Returned value (null) (14) instead of ORTE_SUCCESS
--------------------------------------------------------------------------
--------------------------------------------------------------------------
It looks like MPI_INIT failed for some reason; your parallel process is
likely to abort.  There are many reasons that a parallel process can
fail during MPI_INIT; some of which are due to configuration or environment
problems.  This failure appears to be an internal failure; here's some
additional information (which may only be relevant to an Open MPI
developer):

  ompi_mpi_init: ompi_rte_init failed
  --> Returned "(null)" (14) instead of "Success" (0)
--------------------------------------------------------------------------
*** An error occurred in MPI_Init_thread
*** on a NULL communicator
*** MPI_ERRORS_ARE_FATAL (processes in this communicator will now abort,
***    and potentially your MPI job)
[node1195:346547] Local abort before MPI_INIT completed successfully; not able to aggregate error messages, and not able to guarantee that all other processes were killed!
/var/spool/slurmd/job43340981/slurm_script: line 31: mpirun: command not found
--------------------------------------------------------------------------
It looks like orte_init failed for some reason; your parallel process is
likely to abort.  There are many reasons that a parallel process can
fail during orte_init; some of which are due to configuration or
environment problems.  This failure appears to be an internal failure;
here's some additional information (which may only be relevant to an
Open MPI developer):

  PMI2_Job_GetId failed failed
  --> Returned value (null) (14) instead of ORTE_SUCCESS
--------------------------------------------------------------------------
--------------------------------------------------------------------------
It looks like orte_init failed for some reason; your parallel process is
likely to abort.  There are many reasons that a parallel process can
fail during orte_init; some of which are due to configuration or
environment problems.  This failure appears to be an internal failure;
here's some additional information (which may only be relevant to an
Open MPI developer):

  orte_ess_init failed
  --> Returned value (null) (14) instead of ORTE_SUCCESS
--------------------------------------------------------------------------
--------------------------------------------------------------------------
It looks like MPI_INIT failed for some reason; your parallel process is
likely to abort.  There are many reasons that a parallel process can
fail during MPI_INIT; some of which are due to configuration or environment
problems.  This failure appears to be an internal failure; here's some
additional information (which may only be relevant to an Open MPI
developer):

  ompi_mpi_init: ompi_rte_init failed
  --> Returned "(null)" (14) instead of "Success" (0)
--------------------------------------------------------------------------
*** An error occurred in MPI_Init_thread
*** on a NULL communicator
*** MPI_ERRORS_ARE_FATAL (processes in this communicator will now abort,
***    and potentially your MPI job)
[node1195:346549] Local abort before MPI_INIT completed successfully; not able to aggregate error messages, and not able to guarantee that all other processes were killed!
/var/spool/slurmd/job43340981/slurm_script: line 35: mpirun: command not found
