Currently Loaded Modulefiles:
 1) anaconda/2022b   2) cuda/11.6   3) mpi/openmpi-4.1.3  
/usr/local/pkg/openmpi/4.1.3/bin:/usr/local/pkg/cuda/cuda-11.6/bin:/home/gridsan/congwang/.local/bin:/state/partition1/llgrid/pkg/anaconda/anaconda3-2022b/bin:/home/gridsan/congwang/software/gromacs/bin:/usr/local/sbin:/usr/local/bin:/usr/sbin:/usr/bin:/sbin:/bin:/usr/games:/usr/local/games:/snap/bin
/usr/local/pkg/openmpi/4.1.3/bin:/usr/local/pkg/cuda/cuda-11.6/bin:/home/gridsan/congwang/.local/bin:/state/partition1/llgrid/pkg/anaconda/anaconda3-2022b/bin:/home/gridsan/congwang/software/gromacs/bin:/usr/local/sbin:/usr/local/bin:/usr/sbin:/usr/bin:/sbin:/bin:/usr/games:/usr/local/games:/snap/bin
                       :-) GROMACS - gmx_mpi, 2022.2 (-:

Executable:   /home/gridsan/congwang/software/gromacs/bin/gmx_mpi
Data prefix:  /home/gridsan/congwang/software/gromacs
Working dir:  /home/gridsan/congwang/code/martini_sim/hp1a25/martini/MARTINI_1by1
Command line:
  gmx_mpi --version

GROMACS version:    2022.2
Precision:          mixed
Memory model:       64 bit
MPI library:        MPI (CUDA-aware)
OpenMP support:     enabled (GMX_OPENMP_MAX_THREADS = 128)
GPU support:        CUDA
SIMD instructions:  AVX_512
CPU FFT library:    fftw-3.3.7-sse2-avx
GPU FFT library:    cuFFT
RDTSCP usage:       enabled
TNG support:        enabled
Hwloc support:      disabled
Tracing support:    disabled
C compiler:         /usr/bin/cc GNU 7.5.0
C compiler flags:   -mavx512f -mfma -mavx512vl -mavx512dq -mavx512bw -Wno-missing-field-initializers -fexcess-precision=fast -funroll-all-loops -pthread -O3 -DNDEBUG
C++ compiler:       /usr/bin/c++ GNU 7.5.0
C++ compiler flags: -mavx512f -mfma -mavx512vl -mavx512dq -mavx512bw -pthread -Wno-missing-field-initializers -fexcess-precision=fast -funroll-all-loops -pthread -fopenmp -O3 -DNDEBUG
CUDA compiler:      /usr/local/pkg/cuda/cuda-11.6/bin/nvcc nvcc: NVIDIA (R) Cuda compiler driver;Copyright (c) 2005-2021 NVIDIA Corporation;Built on Fri_Dec_17_18:16:03_PST_2021;Cuda compilation tools, release 11.6, V11.6.55;Build cuda_11.6.r11.6/compiler.30794723_0
CUDA compiler flags:-std=c++14;-gencode;arch=compute_35,code=sm_35;-gencode;arch=compute_37,code=sm_37;-gencode;arch=compute_50,code=sm_50;-gencode;arch=compute_52,code=sm_52;-gencode;arch=compute_60,code=sm_60;-gencode;arch=compute_61,code=sm_61;-gencode;arch=compute_70,code=sm_70;-gencode;arch=compute_75,code=sm_75;-gencode;arch=compute_80,code=sm_80;-gencode;arch=compute_86,code=sm_86;-Wno-deprecated-gpu-targets;-gencode;arch=compute_53,code=sm_53;-gencode;arch=compute_80,code=sm_80;-use_fast_math;-D_FORCE_INLINES;-mavx512f -mfma -mavx512vl -mavx512dq -mavx512bw -pthread -Wno-missing-field-initializers -fexcess-precision=fast -funroll-all-loops -pthread -fopenmp -O3 -DNDEBUG
CUDA driver:        11.60
CUDA runtime:       11.60

                     :-) GROMACS - gmx editconf, 2022.2 (-:

Executable:   /home/gridsan/congwang/software/gromacs/bin/gmx_mpi
Data prefix:  /home/gridsan/congwang/software/gromacs
Working dir:  /home/gridsan/congwang/code/martini_sim/hp1a25/martini/MARTINI_1by1
Command line:
  gmx_mpi editconf -f mole_no_2_14_19_20_21_22_35_41_42.pdb -c -o XXX_MARTINI_input_no_2_14_19_20_21_22_35_41_42.pdb -box 25 25 25


Back Off! I just backed up XXX_MARTINI_input_no_2_14_19_20_21_22_35_41_42.pdb to ./#XXX_MARTINI_input_no_2_14_19_20_21_22_35_41_42.pdb.1#

GROMACS reminds you: "The Wheels On the Bus Go Round and Round" (J. Richman)

Note that major changes are planned in future for editconf, to improve usability and utility.
Read 34884 atoms
No velocities found
    system size : 39.602 34.573 38.272 (nm)
    center      : 12.100 12.321 12.398 (nm)
    box vectors :  0.000  0.000  0.000 (nm)
    box angles  :   0.00   0.00   0.00 (degrees)
    box volume  :   0.00               (nm^3)
    shift       :  0.400  0.179  0.102 (nm)
new center      : 12.500 12.500 12.500 (nm)
new box vectors : 25.000 25.000 25.000 (nm)
new box angles  :  90.00  90.00  90.00 (degrees)
new box volume  :15625.00               (nm^3)
                     :-) GROMACS - gmx solvate, 2022.2 (-:

Executable:   /home/gridsan/congwang/software/gromacs/bin/gmx_mpi
Data prefix:  /home/gridsan/congwang/software/gromacs
Working dir:  /home/gridsan/congwang/code/martini_sim/hp1a25/martini/MARTINI_1by1
Command line:
  gmx_mpi solvate -cp XXX_MARTINI_input_no_2_14_19_20_21_22_35_41_42.pdb -cs water.gro -o solvated.gro -p PROA.top -radius 0.21

Reading solute configuration
Reading solvent configuration

-------------------------------------------------------
Program:     gmx solvate, version 2022.2
Source file: src/gromacs/utility/datafilefinder.cpp (line 216)
Function:    std::__cxx11::string gmx::DataFileFinder::findFile(const gmx::DataFileOptions&) const

System I/O error:
Library file 'water.gro' not found in current dir nor in the default
directories.
The following paths were searched:
  /home/gridsan/congwang/code/martini_sim/hp1a25/martini/MARTINI_1by1 (current
dir)
  /home/gridsan/congwang/software/gromacs/share/gromacs/top (default)
You can set additional directories to search with the GMXLIB path variable.

For more information and tips for troubleshooting, please check the GROMACS
website at http://www.gromacs.org/Documentation/Errors
-------------------------------------------------------
--------------------------------------------------------------------------
MPI_ABORT was invoked on rank 0 in communicator MPI_COMM_WORLD
with errorcode 1.

NOTE: invoking MPI_ABORT causes Open MPI to kill all MPI processes.
You may or may not see output from other processes, depending on
exactly when Open MPI kills them.
--------------------------------------------------------------------------
                      :-) GROMACS - gmx grompp, 2022.2 (-:

Executable:   /home/gridsan/congwang/software/gromacs/bin/gmx_mpi
Data prefix:  /home/gridsan/congwang/software/gromacs
Working dir:  /home/gridsan/congwang/code/martini_sim/hp1a25/martini/MARTINI_1by1
Command line:
  gmx_mpi grompp -f ions.mdp -c solvated.gro -p PROA.top -o ions.tpr


-------------------------------------------------------
Program:     gmx grompp, version 2022.2
Source file: src/gromacs/commandline/cmdlineparser.cpp (line 271)
Function:    void gmx::CommandLineParser::parse(int*, char**)

Error in user input:
Invalid command-line options
  In command-line option -c
    File 'solvated.gro' does not exist or is not accessible.
    The file could not be opened.
      Reason: No such file or directory
      (call to fopen() returned error code 2)

For more information and tips for troubleshooting, please check the GROMACS
website at http://www.gromacs.org/Documentation/Errors
-------------------------------------------------------
--------------------------------------------------------------------------
MPI_ABORT was invoked on rank 0 in communicator MPI_COMM_WORLD
with errorcode 1.

NOTE: invoking MPI_ABORT causes Open MPI to kill all MPI processes.
You may or may not see output from other processes, depending on
exactly when Open MPI kills them.
--------------------------------------------------------------------------
                      :-) GROMACS - gmx genion, 2022.2 (-:

Executable:   /home/gridsan/congwang/software/gromacs/bin/gmx_mpi
Data prefix:  /home/gridsan/congwang/software/gromacs
Working dir:  /home/gridsan/congwang/code/martini_sim/hp1a25/martini/MARTINI_1by1
Command line:
  gmx_mpi genion -s ions.tpr -o start.gro -p PROA.top -pname NA -nname CL -conc 0.15 -neutral


-------------------------------------------------------
Program:     gmx genion, version 2022.2
Source file: src/gromacs/commandline/cmdlineparser.cpp (line 271)
Function:    void gmx::CommandLineParser::parse(int*, char**)

Error in user input:
Invalid command-line options
  In command-line option -s
    File 'ions.tpr' does not exist or is not accessible.
    The file could not be opened.
      Reason: No such file or directory
      (call to fopen() returned error code 2)

For more information and tips for troubleshooting, please check the GROMACS
website at http://www.gromacs.org/Documentation/Errors
-------------------------------------------------------
--------------------------------------------------------------------------
MPI_ABORT was invoked on rank 0 in communicator MPI_COMM_WORLD
with errorcode 1.

NOTE: invoking MPI_ABORT causes Open MPI to kill all MPI processes.
You may or may not see output from other processes, depending on
exactly when Open MPI kills them.
--------------------------------------------------------------------------
                      :-) GROMACS - gmx grompp, 2022.2 (-:

Executable:   /home/gridsan/congwang/software/gromacs/bin/gmx_mpi
Data prefix:  /home/gridsan/congwang/software/gromacs
Working dir:  /home/gridsan/congwang/code/martini_sim/hp1a25/martini/MARTINI_1by1
Command line:
  gmx_mpi grompp -f step4.1_minimization.mdp -c start.gro -p PROA.top -o min.tpr


-------------------------------------------------------
Program:     gmx grompp, version 2022.2
Source file: src/gromacs/commandline/cmdlineparser.cpp (line 271)
Function:    void gmx::CommandLineParser::parse(int*, char**)

Error in user input:
Invalid command-line options
  In command-line option -c
    File 'start.gro' does not exist or is not accessible.
    The file could not be opened.
      Reason: No such file or directory
      (call to fopen() returned error code 2)

For more information and tips for troubleshooting, please check the GROMACS
website at http://www.gromacs.org/Documentation/Errors
-------------------------------------------------------
--------------------------------------------------------------------------
MPI_ABORT was invoked on rank 0 in communicator MPI_COMM_WORLD
with errorcode 1.

NOTE: invoking MPI_ABORT causes Open MPI to kill all MPI processes.
You may or may not see output from other processes, depending on
exactly when Open MPI kills them.
--------------------------------------------------------------------------
                      :-) GROMACS - gmx mdrun, 2022.2 (-:

Executable:   /home/gridsan/congwang/software/gromacs/bin/gmx_mpi
Data prefix:  /home/gridsan/congwang/software/gromacs
Working dir:  /home/gridsan/congwang/code/martini_sim/hp1a25/martini/MARTINI_1by1
Command line:
  gmx_mpi mdrun -deffnm min -dlb yes -maxh 191.9 -ntomp 5 -pin on -v


-------------------------------------------------------
Program:     gmx mdrun, version 2022.2
Source file: src/gromacs/options/options.cpp (line 177)
Function:    void gmx::internal::OptionSectionImpl::finish()

Error in user input:
Invalid input values
  In option s
    Required option was not provided, and the default file 'topol' does not
    exist or is not accessible.
    The following extensions were tried to complete the file name:
      .tpr

For more information and tips for troubleshooting, please check the GROMACS
website at http://www.gromacs.org/Documentation/Errors
-------------------------------------------------------
--------------------------------------------------------------------------
MPI_ABORT was invoked on rank 0 in communicator MPI_COMM_WORLD
with errorcode 1.

NOTE: invoking MPI_ABORT causes Open MPI to kill all MPI processes.
You may or may not see output from other processes, depending on
exactly when Open MPI kills them.
--------------------------------------------------------------------------
                      :-) GROMACS - gmx grompp, 2022.2 (-:

Executable:   /home/gridsan/congwang/software/gromacs/bin/gmx_mpi
Data prefix:  /home/gridsan/congwang/software/gromacs
Working dir:  /home/gridsan/congwang/code/martini_sim/hp1a25/martini/MARTINI_1by1
Command line:
  gmx_mpi grompp -f step4.2_equilibration.mdp -c min.gro -p PROA.top -o nvt.tpr


-------------------------------------------------------
Program:     gmx grompp, version 2022.2
Source file: src/gromacs/commandline/cmdlineparser.cpp (line 271)
Function:    void gmx::CommandLineParser::parse(int*, char**)

Error in user input:
Invalid command-line options
  In command-line option -c
    File 'min.gro' does not exist or is not accessible.
    The file could not be opened.
      Reason: No such file or directory
      (call to fopen() returned error code 2)

For more information and tips for troubleshooting, please check the GROMACS
website at http://www.gromacs.org/Documentation/Errors
-------------------------------------------------------
--------------------------------------------------------------------------
MPI_ABORT was invoked on rank 0 in communicator MPI_COMM_WORLD
with errorcode 1.

NOTE: invoking MPI_ABORT causes Open MPI to kill all MPI processes.
You may or may not see output from other processes, depending on
exactly when Open MPI kills them.
--------------------------------------------------------------------------
                      :-) GROMACS - gmx mdrun, 2022.2 (-:

Executable:   /home/gridsan/congwang/software/gromacs/bin/gmx_mpi
Data prefix:  /home/gridsan/congwang/software/gromacs
Working dir:  /home/gridsan/congwang/code/martini_sim/hp1a25/martini/MARTINI_1by1
Command line:
  gmx_mpi mdrun -deffnm nvt -dlb yes -maxh 191.9 -ntomp 5 -pin on -v


-------------------------------------------------------
Program:     gmx mdrun, version 2022.2
Source file: src/gromacs/options/options.cpp (line 177)
Function:    void gmx::internal::OptionSectionImpl::finish()

Error in user input:
Invalid input values
  In option s
    Required option was not provided, and the default file 'topol' does not
    exist or is not accessible.
    The following extensions were tried to complete the file name:
      .tpr

For more information and tips for troubleshooting, please check the GROMACS
website at http://www.gromacs.org/Documentation/Errors
-------------------------------------------------------
--------------------------------------------------------------------------
MPI_ABORT was invoked on rank 0 in communicator MPI_COMM_WORLD
with errorcode 1.

NOTE: invoking MPI_ABORT causes Open MPI to kill all MPI processes.
You may or may not see output from other processes, depending on
exactly when Open MPI kills them.
--------------------------------------------------------------------------
                      :-) GROMACS - gmx grompp, 2022.2 (-:

Executable:   /home/gridsan/congwang/software/gromacs/bin/gmx_mpi
Data prefix:  /home/gridsan/congwang/software/gromacs
Working dir:  /home/gridsan/congwang/code/martini_sim/hp1a25/martini/MARTINI_1by1
Command line:
  gmx_mpi grompp -f step4.3_equilibration.mdp -c nvt.gro -t nvt.cpt -p PROA.top -o npt.tpr


-------------------------------------------------------
Program:     gmx grompp, version 2022.2
Source file: src/gromacs/commandline/cmdlineparser.cpp (line 271)
Function:    void gmx::CommandLineParser::parse(int*, char**)

Error in user input:
Invalid command-line options
  In command-line option -c
    File 'nvt.gro' does not exist or is not accessible.
    The file could not be opened.
      Reason: No such file or directory
      (call to fopen() returned error code 2)
  In command-line option -t
    File 'nvt.cpt' does not exist or is not accessible.
    The file could not be opened.
      Reason: No such file or directory
      (call to fopen() returned error code 2)

For more information and tips for troubleshooting, please check the GROMACS
website at http://www.gromacs.org/Documentation/Errors
-------------------------------------------------------
--------------------------------------------------------------------------
MPI_ABORT was invoked on rank 0 in communicator MPI_COMM_WORLD
with errorcode 1.

NOTE: invoking MPI_ABORT causes Open MPI to kill all MPI processes.
You may or may not see output from other processes, depending on
exactly when Open MPI kills them.
--------------------------------------------------------------------------
                      :-) GROMACS - gmx mdrun, 2022.2 (-:

Executable:   /home/gridsan/congwang/software/gromacs/bin/gmx_mpi
Data prefix:  /home/gridsan/congwang/software/gromacs
Working dir:  /home/gridsan/congwang/code/martini_sim/hp1a25/martini/MARTINI_1by1
Command line:
  gmx_mpi mdrun -deffnm nvt -dlb yes -maxh 191.9 -ntomp 5 -pin on -v


-------------------------------------------------------
Program:     gmx mdrun, version 2022.2
Source file: src/gromacs/options/options.cpp (line 177)
Function:    void gmx::internal::OptionSectionImpl::finish()

Error in user input:
Invalid input values
  In option s
    Required option was not provided, and the default file 'topol' does not
    exist or is not accessible.
    The following extensions were tried to complete the file name:
      .tpr

For more information and tips for troubleshooting, please check the GROMACS
website at http://www.gromacs.org/Documentation/Errors
-------------------------------------------------------
--------------------------------------------------------------------------
MPI_ABORT was invoked on rank 0 in communicator MPI_COMM_WORLD
with errorcode 1.

NOTE: invoking MPI_ABORT causes Open MPI to kill all MPI processes.
You may or may not see output from other processes, depending on
exactly when Open MPI kills them.
--------------------------------------------------------------------------
                      :-) GROMACS - gmx grompp, 2022.2 (-:

Executable:   /home/gridsan/congwang/software/gromacs/bin/gmx_mpi
Data prefix:  /home/gridsan/congwang/software/gromacs
Working dir:  /home/gridsan/congwang/code/martini_sim/hp1a25/martini/MARTINI_1by1
Command line:
  gmx_mpi grompp -f step5.0_production.mdp -c npt.gro -t npt.cpt -p PROA.top -o prod.tpr


-------------------------------------------------------
Program:     gmx grompp, version 2022.2
Source file: src/gromacs/commandline/cmdlineparser.cpp (line 271)
Function:    void gmx::CommandLineParser::parse(int*, char**)

Error in user input:
Invalid command-line options
  In command-line option -c
    File 'npt.gro' does not exist or is not accessible.
    The file could not be opened.
      Reason: No such file or directory
      (call to fopen() returned error code 2)
  In command-line option -t
    File 'npt.cpt' does not exist or is not accessible.
    The file could not be opened.
      Reason: No such file or directory
      (call to fopen() returned error code 2)

For more information and tips for troubleshooting, please check the GROMACS
website at http://www.gromacs.org/Documentation/Errors
-------------------------------------------------------
--------------------------------------------------------------------------
MPI_ABORT was invoked on rank 0 in communicator MPI_COMM_WORLD
with errorcode 1.

NOTE: invoking MPI_ABORT causes Open MPI to kill all MPI processes.
You may or may not see output from other processes, depending on
exactly when Open MPI kills them.
--------------------------------------------------------------------------
                      :-) GROMACS - gmx mdrun, 2022.2 (-:

Executable:   /home/gridsan/congwang/software/gromacs/bin/gmx_mpi
Data prefix:  /home/gridsan/congwang/software/gromacs
Working dir:  /home/gridsan/congwang/code/martini_sim/hp1a25/martini/MARTINI_1by1
Command line:
  gmx_mpi mdrun -deffnm prod -dlb yes -maxh 191.9 -ntomp 5 -pin on -v


-------------------------------------------------------
Program:     gmx mdrun, version 2022.2
Source file: src/gromacs/options/options.cpp (line 177)
Function:    void gmx::internal::OptionSectionImpl::finish()

Error in user input:
Invalid input values
  In option s
    Required option was not provided, and the default file 'topol' does not
    exist or is not accessible.
    The following extensions were tried to complete the file name:
      .tpr

For more information and tips for troubleshooting, please check the GROMACS
website at http://www.gromacs.org/Documentation/Errors
-------------------------------------------------------
--------------------------------------------------------------------------
MPI_ABORT was invoked on rank 0 in communicator MPI_COMM_WORLD
with errorcode 1.

NOTE: invoking MPI_ABORT causes Open MPI to kill all MPI processes.
You may or may not see output from other processes, depending on
exactly when Open MPI kills them.
--------------------------------------------------------------------------
